<?xml version="1.0" encoding="UTF-8"?>
<coverage generated="1615617097255" clover="3.2.0">
  <project timestamp="1615617097255" name="All files">
    <metrics statements="309" coveredstatements="309" conditionals="110" coveredconditionals="110" methods="35" coveredmethods="35" elements="454" coveredelements="454" complexity="0" loc="309" ncloc="309" packages="1" files="3" classes="3"/>
    <file name="popup.js" path="C:\Users\boo13\CSE110\cse110-w21-group16\source\js\popup.js">
      <metrics statements="29" coveredstatements="29" conditionals="2" coveredconditionals="2" methods="8" coveredmethods="8"/>
      <line num="7" count="170" type="stmt"/>
      <line num="8" count="8" type="stmt"/>
      <line num="14" count="170" type="stmt"/>
      <line num="15" count="4" type="stmt"/>
      <line num="22" count="170" type="stmt"/>
      <line num="23" count="62" type="stmt"/>
      <line num="24" count="62" type="stmt"/>
      <line num="25" count="62" type="stmt"/>
      <line num="26" count="62" type="stmt"/>
      <line num="27" count="62" type="stmt"/>
      <line num="28" count="62" type="stmt"/>
      <line num="34" count="170" type="stmt"/>
      <line num="35" count="10" type="stmt"/>
      <line num="36" count="10" type="stmt"/>
      <line num="42" count="170" type="stmt"/>
      <line num="43" count="46" type="stmt"/>
      <line num="44" count="46" type="stmt"/>
      <line num="45" count="46" type="stmt"/>
      <line num="46" count="46" type="stmt"/>
      <line num="47" count="46" type="stmt"/>
      <line num="53" count="170" type="stmt"/>
      <line num="54" count="200" type="cond" truecount="2" falsecount="0"/>
      <line num="55" count="4" type="stmt"/>
      <line num="63" count="170" type="stmt"/>
      <line num="64" count="27" type="stmt"/>
      <line num="65" count="27" type="stmt"/>
      <line num="71" count="170" type="stmt"/>
      <line num="72" count="8" type="stmt"/>
      <line num="73" count="8" type="stmt"/>
    </file>
    <file name="timer.js" path="C:\Users\boo13\CSE110\cse110-w21-group16\source\js\timer.js">
      <metrics statements="170" coveredstatements="170" conditionals="74" coveredconditionals="74" methods="12" coveredmethods="12"/>
      <line num="3" count="171" type="stmt"/>
      <line num="4" count="171" type="stmt"/>
      <line num="5" count="171" type="stmt"/>
      <line num="6" count="171" type="stmt"/>
      <line num="7" count="171" type="stmt"/>
      <line num="8" count="171" type="stmt"/>
      <line num="9" count="171" type="stmt"/>
      <line num="10" count="171" type="stmt"/>
      <line num="12" count="171" type="stmt"/>
      <line num="13" count="171" type="stmt"/>
      <line num="14" count="171" type="stmt"/>
      <line num="15" count="171" type="stmt"/>
      <line num="16" count="171" type="stmt"/>
      <line num="18" count="171" type="stmt"/>
      <line num="19" count="171" type="stmt"/>
      <line num="20" count="171" type="stmt"/>
      <line num="21" count="171" type="stmt"/>
      <line num="22" count="171" type="stmt"/>
      <line num="23" count="171" type="stmt"/>
      <line num="24" count="171" type="stmt"/>
      <line num="26" count="171" type="stmt"/>
      <line num="30" count="171" type="stmt"/>
      <line num="39" count="171" type="cond" truecount="2" falsecount="0"/>
      <line num="41" count="170" type="stmt"/>
      <line num="42" count="105" type="stmt"/>
      <line num="44" count="105" type="stmt"/>
      <line num="45" count="105" type="stmt"/>
      <line num="47" count="105" type="stmt"/>
      <line num="49" count="105" type="stmt"/>
      <line num="50" count="105" type="stmt"/>
      <line num="52" count="105" type="stmt"/>
      <line num="54" count="105" type="stmt"/>
      <line num="56" count="105" type="stmt"/>
      <line num="58" count="105" type="cond" truecount="2" falsecount="0"/>
      <line num="60" count="33" type="stmt"/>
      <line num="62" count="33" type="stmt"/>
      <line num="64" count="72" type="stmt"/>
      <line num="67" count="105" type="stmt"/>
      <line num="69" count="105" type="cond" truecount="2" falsecount="0"/>
      <line num="70" count="33" type="stmt"/>
      <line num="71" count="33" type="stmt"/>
      <line num="72" count="33" type="stmt"/>
      <line num="73" count="33" type="stmt"/>
      <line num="82" count="171" type="cond" truecount="2" falsecount="0"/>
      <line num="83" count="170" type="stmt"/>
      <line num="84" count="15" type="stmt"/>
      <line num="85" count="15" type="stmt"/>
      <line num="86" count="15" type="stmt"/>
      <line num="87" count="15" type="stmt"/>
      <line num="89" count="15" type="cond" truecount="2" falsecount="0"/>
      <line num="90" count="4" type="stmt"/>
      <line num="91" count="4" type="stmt"/>
      <line num="95" count="11" type="stmt"/>
      <line num="97" count="15" type="stmt"/>
      <line num="98" count="15" type="stmt"/>
      <line num="99" count="15" type="stmt"/>
      <line num="102" count="15" type="stmt"/>
      <line num="103" count="15" type="stmt"/>
      <line num="104" count="15" type="stmt"/>
      <line num="106" count="15" type="stmt"/>
      <line num="108" count="15" type="stmt"/>
      <line num="110" count="15" type="stmt"/>
      <line num="111" count="15" type="stmt"/>
      <line num="112" count="15" type="stmt"/>
      <line num="114" count="15" type="stmt"/>
      <line num="115" count="15" type="stmt"/>
      <line num="116" count="20" type="cond" truecount="2" falsecount="0"/>
      <line num="117" count="15" type="stmt"/>
      <line num="118" count="15" type="stmt"/>
      <line num="119" count="15" type="stmt"/>
      <line num="128" count="171" type="cond" truecount="2" falsecount="0"/>
      <line num="129" count="170" type="stmt"/>
      <line num="131" count="24" type="cond" truecount="2" falsecount="0"/>
      <line num="132" count="18" type="stmt"/>
      <line num="133" count="18" type="stmt"/>
      <line num="141" count="171" type="cond" truecount="2" falsecount="0"/>
      <line num="142" count="170" type="stmt"/>
      <line num="144" count="12" type="stmt"/>
      <line num="145" count="12" type="stmt"/>
      <line num="146" count="12" type="stmt"/>
      <line num="147" count="12" type="stmt"/>
      <line num="148" count="12" type="stmt"/>
      <line num="150" count="12" type="stmt"/>
      <line num="152" count="12" type="stmt"/>
      <line num="158" count="171" type="cond" truecount="2" falsecount="0"/>
      <line num="159" count="170" type="stmt"/>
      <line num="160" count="6" type="stmt"/>
      <line num="162" count="6" type="stmt"/>
      <line num="176" count="202" type="stmt"/>
      <line num="178" count="202" type="cond" truecount="2" falsecount="0"/>
      <line num="179" count="78" type="stmt"/>
      <line num="180" count="78" type="stmt"/>
      <line num="182" count="78" type="stmt"/>
      <line num="184" count="78" type="cond" truecount="2" falsecount="0"/>
      <line num="186" count="48" type="cond" truecount="2" falsecount="0"/>
      <line num="187" count="4" type="stmt"/>
      <line num="189" count="4" type="stmt"/>
      <line num="193" count="44" type="stmt"/>
      <line num="195" count="48" type="stmt"/>
      <line num="196" count="48" type="stmt"/>
      <line num="197" count="48" type="stmt"/>
      <line num="200" count="48" type="cond" truecount="2" falsecount="0"/>
      <line num="202" count="6" type="stmt"/>
      <line num="203" count="6" type="stmt"/>
      <line num="206" count="6" type="stmt"/>
      <line num="207" count="6" type="stmt"/>
      <line num="208" count="8" type="cond" truecount="2" falsecount="0"/>
      <line num="209" count="6" type="stmt"/>
      <line num="210" count="6" type="stmt"/>
      <line num="215" count="48" type="stmt"/>
      <line num="217" count="48" type="stmt"/>
      <line num="219" count="48" type="stmt"/>
      <line num="220" count="48" type="stmt"/>
      <line num="221" count="48" type="stmt"/>
      <line num="225" count="30" type="stmt"/>
      <line num="226" count="30" type="stmt"/>
      <line num="227" count="30" type="stmt"/>
      <line num="235" count="171" type="cond" truecount="2" falsecount="0"/>
      <line num="236" count="170" type="stmt"/>
      <line num="237" count="46" type="stmt"/>
      <line num="238" count="46" type="stmt"/>
      <line num="239" count="46" type="stmt"/>
      <line num="241" count="46" type="stmt"/>
      <line num="242" count="46" type="stmt"/>
      <line num="243" count="46" type="stmt"/>
      <line num="245" count="46" type="cond" truecount="2" falsecount="0"/>
      <line num="246" count="42" type="cond" truecount="2" falsecount="0"/>
      <line num="247" count="42" type="cond" truecount="2" falsecount="0"/>
      <line num="249" count="46" type="cond" truecount="2" falsecount="0"/>
      <line num="250" count="28" type="cond" truecount="2" falsecount="0"/>
      <line num="251" count="46" type="cond" truecount="2" falsecount="0"/>
      <line num="252" count="24" type="cond" truecount="2" falsecount="0"/>
      <line num="262" count="967" type="stmt"/>
      <line num="264" count="967" type="cond" truecount="2" falsecount="0"/>
      <line num="265" count="967" type="stmt"/>
      <line num="266" count="967" type="cond" truecount="2" falsecount="0"/>
      <line num="267" count="85" type="cond" truecount="2" falsecount="0"/>
      <line num="268" count="47" type="stmt"/>
      <line num="269" count="882" type="cond" truecount="4" falsecount="0"/>
      <line num="270" count="125" type="stmt"/>
      <line num="271" count="757" type="cond" truecount="4" falsecount="0"/>
      <line num="272" count="8" type="stmt"/>
      <line num="275" count="967" type="stmt"/>
      <line num="277" count="967" type="cond" truecount="2" falsecount="0"/>
      <line num="284" count="967" type="stmt"/>
      <line num="287" count="967" type="cond" truecount="2" falsecount="0"/>
      <line num="288" count="85" type="stmt"/>
      <line num="290" count="85" type="stmt"/>
      <line num="291" count="85" type="stmt"/>
      <line num="293" count="85" type="stmt"/>
      <line num="294" count="85" type="stmt"/>
      <line num="296" count="85" type="stmt"/>
      <line num="297" count="85" type="stmt"/>
      <line num="307" count="105" type="stmt"/>
      <line num="308" count="105" type="stmt"/>
      <line num="310" count="105" type="stmt"/>
      <line num="312" count="51" type="cond" truecount="4" falsecount="0"/>
      <line num="314" count="33" type="stmt"/>
      <line num="325" count="105" type="stmt"/>
      <line num="326" count="105" type="stmt"/>
      <line num="328" count="105" type="stmt"/>
      <line num="329" count="51" type="cond" truecount="4" falsecount="0"/>
      <line num="332" count="33" type="stmt"/>
      <line num="343" count="64" type="stmt"/>
      <line num="344" count="64" type="stmt"/>
      <line num="346" count="47" type="cond" truecount="2" falsecount="0"/>
      <line num="349" count="22" type="stmt"/>
      <line num="354" count="171" type="stmt"/>
      <line num="356" count="171" type="stmt"/>
      <line num="357" count="171" type="stmt"/>
    </file>
    <file name="todo.js" path="C:\Users\boo13\CSE110\cse110-w21-group16\source\js\todo.js">
      <metrics statements="110" coveredstatements="110" conditionals="34" coveredconditionals="34" methods="15" coveredmethods="15"/>
      <line num="3" count="171" type="stmt"/>
      <line num="4" count="171" type="stmt"/>
      <line num="5" count="171" type="stmt"/>
      <line num="11" count="171" type="stmt"/>
      <line num="16" count="171" type="cond" truecount="2" falsecount="0"/>
      <line num="17" count="170" type="stmt"/>
      <line num="23" count="171" type="cond" truecount="2" falsecount="0"/>
      <line num="24" count="170" type="stmt"/>
      <line num="25" count="112" type="cond" truecount="5" falsecount="0"/>
      <line num="26" count="4" type="stmt"/>
      <line num="33" count="171" type="cond" truecount="2" falsecount="0"/>
      <line num="34" count="170" type="stmt"/>
      <line num="36" count="426" type="cond" truecount="2" falsecount="0"/>
      <line num="37" count="4" type="stmt"/>
      <line num="40" count="422" type="cond" truecount="2" falsecount="0"/>
      <line num="41" count="4" type="stmt"/>
      <line num="43" count="426" type="stmt"/>
      <line num="49" count="171" type="cond" truecount="2" falsecount="0"/>
      <line num="50" count="170" type="stmt"/>
      <line num="52" count="112" type="cond" truecount="2" falsecount="0"/>
      <line num="53" count="20" type="stmt"/>
      <line num="56" count="92" type="cond" truecount="2" falsecount="0"/>
      <line num="57" count="4" type="stmt"/>
      <line num="59" count="112" type="stmt"/>
      <line num="66" count="171" type="stmt"/>
      <line num="68" count="170" type="stmt"/>
      <line num="70" count="170" type="cond" truecount="2" falsecount="0"/>
      <line num="71" count="12" type="stmt"/>
      <line num="73" count="12" type="stmt"/>
      <line num="76" count="170" type="stmt"/>
      <line num="84" count="84" type="cond" truecount="5" falsecount="0"/>
      <line num="88" count="74" type="stmt"/>
      <line num="89" count="74" type="stmt"/>
      <line num="91" count="10" type="stmt"/>
      <line num="100" count="14" type="stmt"/>
      <line num="102" count="32" type="stmt"/>
      <line num="103" count="32" type="stmt"/>
      <line num="104" count="32" type="stmt"/>
      <line num="105" count="32" type="stmt"/>
      <line num="109" count="32" type="stmt"/>
      <line num="110" count="32" type="stmt"/>
      <line num="111" count="32" type="stmt"/>
      <line num="112" count="32" type="stmt"/>
      <line num="115" count="32" type="stmt"/>
      <line num="116" count="32" type="stmt"/>
      <line num="117" count="32" type="stmt"/>
      <line num="118" count="32" type="stmt"/>
      <line num="122" count="32" type="stmt"/>
      <line num="123" count="32" type="stmt"/>
      <line num="124" count="32" type="stmt"/>
      <line num="125" count="32" type="stmt"/>
      <line num="126" count="32" type="stmt"/>
      <line num="127" count="32" type="stmt"/>
      <line num="128" count="32" type="stmt"/>
      <line num="131" count="32" type="stmt"/>
      <line num="132" count="32" type="stmt"/>
      <line num="133" count="32" type="stmt"/>
      <line num="134" count="32" type="stmt"/>
      <line num="135" count="32" type="stmt"/>
      <line num="138" count="32" type="cond" truecount="2" falsecount="0"/>
      <line num="139" count="28" type="stmt"/>
      <line num="143" count="4" type="stmt"/>
      <line num="147" count="14" type="stmt"/>
      <line num="155" count="77" type="stmt"/>
      <line num="156" count="77" type="stmt"/>
      <line num="157" count="77" type="stmt"/>
      <line num="158" count="77" type="stmt"/>
      <line num="162" count="77" type="stmt"/>
      <line num="163" count="77" type="stmt"/>
      <line num="164" count="77" type="stmt"/>
      <line num="165" count="77" type="stmt"/>
      <line num="168" count="77" type="stmt"/>
      <line num="169" count="77" type="stmt"/>
      <line num="170" count="77" type="stmt"/>
      <line num="171" count="77" type="stmt"/>
      <line num="174" count="77" type="stmt"/>
      <line num="175" count="77" type="stmt"/>
      <line num="176" count="77" type="stmt"/>
      <line num="177" count="77" type="stmt"/>
      <line num="178" count="77" type="stmt"/>
      <line num="179" count="77" type="stmt"/>
      <line num="180" count="77" type="stmt"/>
      <line num="183" count="77" type="stmt"/>
      <line num="184" count="77" type="stmt"/>
      <line num="185" count="77" type="stmt"/>
      <line num="186" count="77" type="stmt"/>
      <line num="187" count="77" type="stmt"/>
      <line num="188" count="77" type="stmt"/>
      <line num="191" count="77" type="stmt"/>
      <line num="199" count="77" type="stmt"/>
      <line num="201" count="77" type="stmt"/>
      <line num="209" count="13" type="stmt"/>
      <line num="210" count="13" type="stmt"/>
      <line num="212" count="13" type="stmt"/>
      <line num="213" count="15" type="cond" truecount="2" falsecount="0"/>
      <line num="214" count="12" type="stmt"/>
      <line num="218" count="13" type="stmt"/>
      <line num="228" count="11" type="stmt"/>
      <line num="229" count="11" type="stmt"/>
      <line num="232" count="11" type="stmt"/>
      <line num="233" count="29" type="cond" truecount="2" falsecount="0"/>
      <line num="234" count="10" type="stmt"/>
      <line num="235" count="10" type="stmt"/>
      <line num="239" count="11" type="stmt"/>
      <line num="246" count="92" type="stmt"/>
      <line num="247" count="92" type="stmt"/>
      <line num="249" count="92" type="stmt"/>
      <line num="250" count="92" type="stmt"/>
      <line num="257" count="9" type="stmt"/>
      <line num="259" count="171" type="stmt"/>
    </file>
  </project>
</coverage>
