<?xml version="1.0" encoding="UTF-8"?>
<coverage generated="1615612972208" clover="3.2.0">
  <project timestamp="1615612972208" name="All files">
    <metrics statements="309" coveredstatements="309" conditionals="110" coveredconditionals="109" methods="35" coveredmethods="33" elements="454" coveredelements="451" complexity="0" loc="309" ncloc="309" packages="1" files="3" classes="3"/>
    <file name="popup.js" path="C:\Users\boo13\CSE110\cse110-w21-group16\source\js\popup.js">
      <metrics statements="29" coveredstatements="29" conditionals="2" coveredconditionals="2" methods="8" coveredmethods="8"/>
      <line num="7" count="231" type="stmt"/>
      <line num="8" count="12" type="stmt"/>
      <line num="14" count="231" type="stmt"/>
      <line num="15" count="6" type="stmt"/>
      <line num="22" count="231" type="stmt"/>
      <line num="23" count="102" type="stmt"/>
      <line num="24" count="102" type="stmt"/>
      <line num="25" count="102" type="stmt"/>
      <line num="26" count="102" type="stmt"/>
      <line num="27" count="102" type="stmt"/>
      <line num="28" count="102" type="stmt"/>
      <line num="34" count="231" type="stmt"/>
      <line num="35" count="16" type="stmt"/>
      <line num="36" count="16" type="stmt"/>
      <line num="42" count="231" type="stmt"/>
      <line num="43" count="75" type="stmt"/>
      <line num="44" count="75" type="stmt"/>
      <line num="45" count="75" type="stmt"/>
      <line num="46" count="75" type="stmt"/>
      <line num="47" count="75" type="stmt"/>
      <line num="53" count="231" type="stmt"/>
      <line num="54" count="322" type="cond" truecount="2" falsecount="0"/>
      <line num="55" count="6" type="stmt"/>
      <line num="63" count="231" type="stmt"/>
      <line num="64" count="36" type="stmt"/>
      <line num="65" count="36" type="stmt"/>
      <line num="71" count="231" type="stmt"/>
      <line num="72" count="10" type="stmt"/>
      <line num="73" count="10" type="stmt"/>
    </file>
    <file name="timer.js" path="C:\Users\boo13\CSE110\cse110-w21-group16\source\js\timer.js">
      <metrics statements="170" coveredstatements="170" conditionals="74" coveredconditionals="74" methods="12" coveredmethods="12"/>
      <line num="3" count="233" type="stmt"/>
      <line num="4" count="233" type="stmt"/>
      <line num="5" count="233" type="stmt"/>
      <line num="6" count="233" type="stmt"/>
      <line num="7" count="233" type="stmt"/>
      <line num="8" count="233" type="stmt"/>
      <line num="9" count="233" type="stmt"/>
      <line num="10" count="233" type="stmt"/>
      <line num="12" count="233" type="stmt"/>
      <line num="13" count="233" type="stmt"/>
      <line num="14" count="233" type="stmt"/>
      <line num="15" count="233" type="stmt"/>
      <line num="16" count="233" type="stmt"/>
      <line num="18" count="233" type="stmt"/>
      <line num="19" count="233" type="stmt"/>
      <line num="20" count="233" type="stmt"/>
      <line num="21" count="233" type="stmt"/>
      <line num="22" count="233" type="stmt"/>
      <line num="23" count="233" type="stmt"/>
      <line num="24" count="233" type="stmt"/>
      <line num="26" count="233" type="stmt"/>
      <line num="30" count="233" type="stmt"/>
      <line num="39" count="233" type="cond" truecount="2" falsecount="0"/>
      <line num="41" count="231" type="stmt"/>
      <line num="42" count="161" type="stmt"/>
      <line num="44" count="161" type="stmt"/>
      <line num="45" count="161" type="stmt"/>
      <line num="47" count="161" type="stmt"/>
      <line num="49" count="161" type="stmt"/>
      <line num="50" count="161" type="stmt"/>
      <line num="52" count="161" type="stmt"/>
      <line num="54" count="161" type="stmt"/>
      <line num="56" count="161" type="stmt"/>
      <line num="58" count="161" type="cond" truecount="2" falsecount="0"/>
      <line num="60" count="48" type="stmt"/>
      <line num="62" count="48" type="stmt"/>
      <line num="64" count="113" type="stmt"/>
      <line num="67" count="161" type="stmt"/>
      <line num="69" count="161" type="cond" truecount="2" falsecount="0"/>
      <line num="70" count="48" type="stmt"/>
      <line num="71" count="48" type="stmt"/>
      <line num="72" count="48" type="stmt"/>
      <line num="73" count="48" type="stmt"/>
      <line num="82" count="233" type="cond" truecount="2" falsecount="0"/>
      <line num="83" count="231" type="stmt"/>
      <line num="84" count="24" type="stmt"/>
      <line num="85" count="24" type="stmt"/>
      <line num="86" count="24" type="stmt"/>
      <line num="87" count="24" type="stmt"/>
      <line num="89" count="24" type="cond" truecount="2" falsecount="0"/>
      <line num="90" count="8" type="stmt"/>
      <line num="91" count="8" type="stmt"/>
      <line num="95" count="16" type="stmt"/>
      <line num="97" count="24" type="stmt"/>
      <line num="98" count="24" type="stmt"/>
      <line num="99" count="24" type="stmt"/>
      <line num="102" count="24" type="stmt"/>
      <line num="103" count="24" type="stmt"/>
      <line num="104" count="24" type="stmt"/>
      <line num="106" count="24" type="stmt"/>
      <line num="108" count="24" type="stmt"/>
      <line num="110" count="24" type="stmt"/>
      <line num="111" count="24" type="stmt"/>
      <line num="112" count="24" type="stmt"/>
      <line num="114" count="24" type="stmt"/>
      <line num="115" count="24" type="stmt"/>
      <line num="116" count="32" type="cond" truecount="2" falsecount="0"/>
      <line num="117" count="22" type="stmt"/>
      <line num="118" count="22" type="stmt"/>
      <line num="119" count="22" type="stmt"/>
      <line num="128" count="233" type="cond" truecount="2" falsecount="0"/>
      <line num="129" count="231" type="stmt"/>
      <line num="131" count="32" type="cond" truecount="2" falsecount="0"/>
      <line num="132" count="24" type="stmt"/>
      <line num="133" count="24" type="stmt"/>
      <line num="141" count="233" type="cond" truecount="2" falsecount="0"/>
      <line num="142" count="231" type="stmt"/>
      <line num="144" count="16" type="stmt"/>
      <line num="145" count="16" type="stmt"/>
      <line num="146" count="16" type="stmt"/>
      <line num="147" count="16" type="stmt"/>
      <line num="148" count="16" type="stmt"/>
      <line num="150" count="16" type="stmt"/>
      <line num="152" count="16" type="stmt"/>
      <line num="158" count="233" type="cond" truecount="2" falsecount="0"/>
      <line num="159" count="231" type="stmt"/>
      <line num="160" count="8" type="stmt"/>
      <line num="162" count="8" type="stmt"/>
      <line num="176" count="356" type="stmt"/>
      <line num="178" count="356" type="cond" truecount="2" falsecount="0"/>
      <line num="179" count="141" type="stmt"/>
      <line num="180" count="141" type="stmt"/>
      <line num="182" count="141" type="stmt"/>
      <line num="184" count="141" type="cond" truecount="2" falsecount="0"/>
      <line num="186" count="85" type="cond" truecount="2" falsecount="0"/>
      <line num="187" count="8" type="stmt"/>
      <line num="189" count="8" type="stmt"/>
      <line num="193" count="77" type="stmt"/>
      <line num="195" count="85" type="stmt"/>
      <line num="196" count="85" type="stmt"/>
      <line num="197" count="85" type="stmt"/>
      <line num="200" count="85" type="cond" truecount="2" falsecount="0"/>
      <line num="202" count="12" type="stmt"/>
      <line num="203" count="12" type="stmt"/>
      <line num="206" count="12" type="stmt"/>
      <line num="207" count="12" type="stmt"/>
      <line num="208" count="16" type="cond" truecount="2" falsecount="0"/>
      <line num="209" count="12" type="stmt"/>
      <line num="210" count="12" type="stmt"/>
      <line num="215" count="85" type="stmt"/>
      <line num="217" count="85" type="stmt"/>
      <line num="219" count="85" type="stmt"/>
      <line num="220" count="85" type="stmt"/>
      <line num="221" count="85" type="stmt"/>
      <line num="225" count="56" type="stmt"/>
      <line num="226" count="56" type="stmt"/>
      <line num="227" count="56" type="stmt"/>
      <line num="235" count="233" type="cond" truecount="2" falsecount="0"/>
      <line num="236" count="231" type="stmt"/>
      <line num="237" count="77" type="stmt"/>
      <line num="238" count="77" type="stmt"/>
      <line num="239" count="77" type="stmt"/>
      <line num="241" count="77" type="stmt"/>
      <line num="242" count="77" type="stmt"/>
      <line num="243" count="77" type="stmt"/>
      <line num="245" count="77" type="cond" truecount="2" falsecount="0"/>
      <line num="246" count="69" type="cond" truecount="2" falsecount="0"/>
      <line num="247" count="69" type="cond" truecount="2" falsecount="0"/>
      <line num="249" count="77" type="cond" truecount="2" falsecount="0"/>
      <line num="250" count="45" type="cond" truecount="2" falsecount="0"/>
      <line num="251" count="77" type="cond" truecount="2" falsecount="0"/>
      <line num="252" count="37" type="cond" truecount="2" falsecount="0"/>
      <line num="262" count="1468" type="stmt"/>
      <line num="264" count="1468" type="cond" truecount="2" falsecount="0"/>
      <line num="265" count="1468" type="stmt"/>
      <line num="266" count="1468" type="cond" truecount="2" falsecount="0"/>
      <line num="267" count="142" type="cond" truecount="2" falsecount="0"/>
      <line num="268" count="83" type="stmt"/>
      <line num="269" count="1326" type="cond" truecount="4" falsecount="0"/>
      <line num="270" count="193" type="stmt"/>
      <line num="271" count="1133" type="cond" truecount="4" falsecount="0"/>
      <line num="272" count="12" type="stmt"/>
      <line num="275" count="1468" type="stmt"/>
      <line num="277" count="1468" type="cond" truecount="2" falsecount="0"/>
      <line num="284" count="1468" type="stmt"/>
      <line num="287" count="1468" type="cond" truecount="2" falsecount="0"/>
      <line num="288" count="142" type="stmt"/>
      <line num="290" count="142" type="stmt"/>
      <line num="291" count="142" type="stmt"/>
      <line num="293" count="142" type="stmt"/>
      <line num="294" count="142" type="stmt"/>
      <line num="296" count="142" type="stmt"/>
      <line num="297" count="142" type="stmt"/>
      <line num="307" count="161" type="stmt"/>
      <line num="308" count="161" type="stmt"/>
      <line num="310" count="161" type="stmt"/>
      <line num="312" count="64" type="cond" truecount="4" falsecount="0"/>
      <line num="314" count="48" type="stmt"/>
      <line num="325" count="161" type="stmt"/>
      <line num="326" count="161" type="stmt"/>
      <line num="328" count="161" type="stmt"/>
      <line num="329" count="64" type="cond" truecount="4" falsecount="0"/>
      <line num="332" count="48" type="stmt"/>
      <line num="343" count="111" type="stmt"/>
      <line num="344" count="111" type="stmt"/>
      <line num="346" count="66" type="cond" truecount="2" falsecount="0"/>
      <line num="349" count="38" type="stmt"/>
      <line num="354" count="233" type="stmt"/>
      <line num="356" count="233" type="stmt"/>
      <line num="357" count="233" type="stmt"/>
    </file>
    <file name="todo.js" path="C:\Users\boo13\CSE110\cse110-w21-group16\source\js\todo.js">
      <metrics statements="110" coveredstatements="110" conditionals="34" coveredconditionals="33" methods="15" coveredmethods="13"/>
      <line num="3" count="233" type="stmt"/>
      <line num="4" count="233" type="stmt"/>
      <line num="5" count="233" type="stmt"/>
      <line num="11" count="233" type="stmt"/>
      <line num="16" count="233" type="cond" truecount="2" falsecount="0"/>
      <line num="17" count="231" type="stmt"/>
      <line num="23" count="233" type="cond" truecount="2" falsecount="0"/>
      <line num="24" count="231" type="stmt"/>
      <line num="25" count="145" type="cond" truecount="5" falsecount="0"/>
      <line num="26" count="4" type="stmt"/>
      <line num="33" count="233" type="cond" truecount="2" falsecount="0"/>
      <line num="34" count="231" type="stmt"/>
      <line num="36" count="602" type="cond" truecount="2" falsecount="0"/>
      <line num="37" count="6" type="stmt"/>
      <line num="40" count="596" type="cond" truecount="2" falsecount="0"/>
      <line num="41" count="6" type="stmt"/>
      <line num="43" count="602" type="stmt"/>
      <line num="49" count="233" type="cond" truecount="2" falsecount="0"/>
      <line num="50" count="231" type="stmt"/>
      <line num="52" count="145" type="cond" truecount="2" falsecount="0"/>
      <line num="53" count="18" type="stmt"/>
      <line num="56" count="127" type="cond" truecount="2" falsecount="0"/>
      <line num="57" count="5" type="stmt"/>
      <line num="59" count="145" type="stmt"/>
      <line num="66" count="233" type="stmt"/>
      <line num="68" count="231" type="stmt"/>
      <line num="70" count="231" type="cond" truecount="2" falsecount="0"/>
      <line num="71" count="6" type="stmt"/>
      <line num="73" count="6" type="stmt"/>
      <line num="76" count="231" type="stmt"/>
      <line num="84" count="113" type="cond" truecount="5" falsecount="0"/>
      <line num="88" count="95" type="stmt"/>
      <line num="89" count="95" type="stmt"/>
      <line num="91" count="18" type="stmt"/>
      <line num="100" count="10" type="stmt"/>
      <line num="102" count="30" type="stmt"/>
      <line num="103" count="30" type="stmt"/>
      <line num="104" count="30" type="stmt"/>
      <line num="105" count="30" type="stmt"/>
      <line num="109" count="30" type="stmt"/>
      <line num="110" count="30" type="stmt"/>
      <line num="111" count="30" type="stmt"/>
      <line num="112" count="30" type="stmt"/>
      <line num="115" count="30" type="stmt"/>
      <line num="116" count="30" type="stmt"/>
      <line num="117" count="30" type="stmt"/>
      <line num="118" count="30" type="stmt"/>
      <line num="122" count="30" type="stmt"/>
      <line num="123" count="30" type="stmt"/>
      <line num="124" count="30" type="stmt"/>
      <line num="125" count="30" type="stmt"/>
      <line num="126" count="30" type="stmt"/>
      <line num="127" count="30" type="stmt"/>
      <line num="128" count="30" type="stmt"/>
      <line num="131" count="30" type="stmt"/>
      <line num="132" count="30" type="stmt"/>
      <line num="133" count="30" type="stmt"/>
      <line num="134" count="30" type="stmt"/>
      <line num="135" count="30" type="stmt"/>
      <line num="138" count="30" type="cond" truecount="2" falsecount="0"/>
      <line num="139" count="26" type="stmt"/>
      <line num="143" count="4" type="stmt"/>
      <line num="147" count="10" type="stmt"/>
      <line num="155" count="101" type="stmt"/>
      <line num="156" count="101" type="stmt"/>
      <line num="157" count="101" type="stmt"/>
      <line num="158" count="101" type="stmt"/>
      <line num="162" count="101" type="stmt"/>
      <line num="163" count="101" type="stmt"/>
      <line num="164" count="101" type="stmt"/>
      <line num="165" count="101" type="stmt"/>
      <line num="168" count="101" type="stmt"/>
      <line num="169" count="101" type="stmt"/>
      <line num="170" count="101" type="stmt"/>
      <line num="171" count="101" type="stmt"/>
      <line num="174" count="101" type="stmt"/>
      <line num="175" count="101" type="stmt"/>
      <line num="176" count="101" type="stmt"/>
      <line num="177" count="101" type="stmt"/>
      <line num="178" count="101" type="stmt"/>
      <line num="179" count="101" type="stmt"/>
      <line num="180" count="101" type="stmt"/>
      <line num="183" count="101" type="stmt"/>
      <line num="184" count="101" type="stmt"/>
      <line num="185" count="101" type="stmt"/>
      <line num="186" count="101" type="stmt"/>
      <line num="187" count="101" type="stmt"/>
      <line num="188" count="101" type="stmt"/>
      <line num="191" count="101" type="stmt"/>
      <line num="199" count="101" type="stmt"/>
      <line num="201" count="101" type="stmt"/>
      <line num="209" count="11" type="stmt"/>
      <line num="210" count="11" type="stmt"/>
      <line num="212" count="11" type="stmt"/>
      <line num="213" count="9" type="cond" truecount="1" falsecount="1"/>
      <line num="214" count="9" type="stmt"/>
      <line num="218" count="11" type="stmt"/>
      <line num="228" count="6" type="stmt"/>
      <line num="229" count="6" type="stmt"/>
      <line num="232" count="6" type="stmt"/>
      <line num="233" count="22" type="cond" truecount="2" falsecount="0"/>
      <line num="234" count="4" type="stmt"/>
      <line num="235" count="4" type="stmt"/>
      <line num="239" count="6" type="stmt"/>
      <line num="246" count="131" type="stmt"/>
      <line num="247" count="131" type="stmt"/>
      <line num="249" count="131" type="stmt"/>
      <line num="250" count="131" type="stmt"/>
      <line num="257" count="13" type="stmt"/>
      <line num="259" count="233" type="stmt"/>
    </file>
  </project>
</coverage>
