{"C:\\Users\\boo13\\CSE110\\cse110-w21-group16\\source\\js\\popup.js": {"path":"C:\\Users\\boo13\\CSE110\\cse110-w21-group16\\source\\js\\popup.js","statementMap":{"0":{"start":{"line":4,"column":0},"end":{"line":6,"column":3}},"1":{"start":{"line":5,"column":1},"end":{"line":5,"column":64}},"2":{"start":{"line":8,"column":0},"end":{"line":10,"column":3}},"3":{"start":{"line":9,"column":1},"end":{"line":9,"column":64}},"4":{"start":{"line":13,"column":0},"end":{"line":20,"column":3}},"5":{"start":{"line":14,"column":1},"end":{"line":14,"column":45}},"6":{"start":{"line":15,"column":1},"end":{"line":15,"column":51}},"7":{"start":{"line":16,"column":1},"end":{"line":16,"column":50}},"8":{"start":{"line":17,"column":1},"end":{"line":17,"column":42}},"9":{"start":{"line":18,"column":1},"end":{"line":18,"column":66}},"10":{"start":{"line":19,"column":1},"end":{"line":19,"column":66}},"11":{"start":{"line":22,"column":0},"end":{"line":25,"column":3}},"12":{"start":{"line":23,"column":1},"end":{"line":23,"column":65}},"13":{"start":{"line":24,"column":1},"end":{"line":24,"column":69}},"14":{"start":{"line":27,"column":0},"end":{"line":35,"column":3}},"15":{"start":{"line":28,"column":16},"end":{"line":28,"column":54}},"16":{"start":{"line":29,"column":1},"end":{"line":30,"column":9}},"17":{"start":{"line":30,"column":2},"end":{"line":30,"column":9}},"18":{"start":{"line":31,"column":19},"end":{"line":31,"column":57}},"19":{"start":{"line":32,"column":18},"end":{"line":32,"column":55}},"20":{"start":{"line":33,"column":1},"end":{"line":33,"column":68}},"21":{"start":{"line":34,"column":1},"end":{"line":34,"column":71}},"22":{"start":{"line":37,"column":0},"end":{"line":41,"column":3}},"23":{"start":{"line":38,"column":4},"end":{"line":40,"column":2}},"24":{"start":{"line":39,"column":2},"end":{"line":39,"column":48}},"25":{"start":{"line":44,"column":0},"end":{"line":47,"column":3}},"26":{"start":{"line":45,"column":1},"end":{"line":45,"column":66}},"27":{"start":{"line":46,"column":1},"end":{"line":46,"column":62}},"28":{"start":{"line":49,"column":0},"end":{"line":52,"column":3}},"29":{"start":{"line":50,"column":1},"end":{"line":50,"column":65}},"30":{"start":{"line":51,"column":1},"end":{"line":51,"column":65}}},"fnMap":{"0":{"name":"(anonymous_0)","decl":{"start":{"line":4,"column":58},"end":{"line":4,"column":59}},"loc":{"start":{"line":4,"column":64},"end":{"line":6,"column":1}},"line":4},"1":{"name":"(anonymous_1)","decl":{"start":{"line":8,"column":66},"end":{"line":8,"column":67}},"loc":{"start":{"line":8,"column":72},"end":{"line":10,"column":1}},"line":8},"2":{"name":"(anonymous_2)","decl":{"start":{"line":13,"column":62},"end":{"line":13,"column":63}},"loc":{"start":{"line":13,"column":68},"end":{"line":20,"column":1}},"line":13},"3":{"name":"(anonymous_3)","decl":{"start":{"line":22,"column":64},"end":{"line":22,"column":65}},"loc":{"start":{"line":22,"column":70},"end":{"line":25,"column":1}},"line":22},"4":{"name":"(anonymous_4)","decl":{"start":{"line":27,"column":59},"end":{"line":27,"column":60}},"loc":{"start":{"line":27,"column":65},"end":{"line":35,"column":1}},"line":27},"5":{"name":"(anonymous_5)","decl":{"start":{"line":37,"column":63},"end":{"line":37,"column":64}},"loc":{"start":{"line":37,"column":74},"end":{"line":41,"column":1}},"line":37},"6":{"name":"(anonymous_6)","decl":{"start":{"line":44,"column":62},"end":{"line":44,"column":63}},"loc":{"start":{"line":44,"column":68},"end":{"line":47,"column":1}},"line":44},"7":{"name":"(anonymous_7)","decl":{"start":{"line":49,"column":61},"end":{"line":49,"column":62}},"loc":{"start":{"line":49,"column":67},"end":{"line":52,"column":1}},"line":49}},"branchMap":{"0":{"loc":{"start":{"line":29,"column":1},"end":{"line":30,"column":9}},"type":"if","locations":[{"start":{"line":29,"column":1},"end":{"line":30,"column":9}},{"start":{"line":29,"column":1},"end":{"line":30,"column":9}}],"line":29},"1":{"loc":{"start":{"line":38,"column":4},"end":{"line":40,"column":2}},"type":"if","locations":[{"start":{"line":38,"column":4},"end":{"line":40,"column":2}},{"start":{"line":38,"column":4},"end":{"line":40,"column":2}}],"line":38}},"s":{"0":32,"1":0,"2":32,"3":0,"4":32,"5":20,"6":20,"7":20,"8":20,"9":20,"10":20,"11":32,"12":1,"13":1,"14":32,"15":17,"16":17,"17":0,"18":17,"19":17,"20":17,"21":17,"22":32,"23":76,"24":0,"25":32,"26":6,"27":6,"28":32,"29":2,"30":2},"f":{"0":0,"1":0,"2":20,"3":1,"4":17,"5":76,"6":6,"7":2},"b":{"0":[0,17],"1":[0,76]},"_coverageSchema":"1a1c01bbd47fc00a2c39e90264f33305004495a9","hash":"57e21361096fe1c11b18a5fc4c659896a6e91de2"}
,"C:\\Users\\boo13\\CSE110\\cse110-w21-group16\\source\\js\\timer.js": {"path":"C:\\Users\\boo13\\CSE110\\cse110-w21-group16\\source\\js\\timer.js","statementMap":{"0":{"start":{"line":3,"column":16},"end":{"line":3,"column":17}},"1":{"start":{"line":4,"column":22},"end":{"line":4,"column":26}},"2":{"start":{"line":5,"column":22},"end":{"line":5,"column":24}},"3":{"start":{"line":6,"column":20},"end":{"line":6,"column":21}},"4":{"start":{"line":7,"column":26},"end":{"line":7,"column":27}},"5":{"start":{"line":8,"column":25},"end":{"line":8,"column":27}},"6":{"start":{"line":9,"column":14},"end":{"line":9,"column":18}},"7":{"start":{"line":10,"column":20},"end":{"line":10,"column":21}},"8":{"start":{"line":12,"column":16},"end":{"line":12,"column":21}},"9":{"start":{"line":13,"column":22},"end":{"line":13,"column":54}},"10":{"start":{"line":14,"column":14},"end":{"line":14,"column":54}},"11":{"start":{"line":15,"column":18},"end":{"line":15,"column":55}},"12":{"start":{"line":16,"column":15},"end":{"line":16,"column":17}},"13":{"start":{"line":18,"column":14},"end":{"line":18,"column":49}},"14":{"start":{"line":19,"column":15},"end":{"line":19,"column":46}},"15":{"start":{"line":20,"column":15},"end":{"line":20,"column":51}},"16":{"start":{"line":21,"column":12},"end":{"line":21,"column":44}},"17":{"start":{"line":22,"column":10},"end":{"line":22,"column":44}},"18":{"start":{"line":23,"column":9},"end":{"line":23,"column":42}},"19":{"start":{"line":24,"column":15},"end":{"line":24,"column":49}},"20":{"start":{"line":26,"column":14},"end":{"line":26,"column":49}},"21":{"start":{"line":30,"column":14},"end":{"line":30,"column":46}},"22":{"start":{"line":35,"column":0},"end":{"line":62,"column":1}},"23":{"start":{"line":36,"column":2},"end":{"line":61,"column":5}},"24":{"start":{"line":38,"column":4},"end":{"line":38,"column":55}},"25":{"start":{"line":39,"column":4},"end":{"line":39,"column":35}},"26":{"start":{"line":40,"column":4},"end":{"line":40,"column":36}},"27":{"start":{"line":42,"column":4},"end":{"line":42,"column":21}},"28":{"start":{"line":43,"column":4},"end":{"line":43,"column":29}},"29":{"start":{"line":44,"column":4},"end":{"line":44,"column":41}},"30":{"start":{"line":45,"column":4},"end":{"line":45,"column":59}},"31":{"start":{"line":46,"column":4},"end":{"line":46,"column":39}},"32":{"start":{"line":47,"column":4},"end":{"line":47,"column":34}},"33":{"start":{"line":48,"column":4},"end":{"line":52,"column":16}},"34":{"start":{"line":49,"column":6},"end":{"line":49,"column":89}},"35":{"start":{"line":50,"column":6},"end":{"line":50,"column":91}},"36":{"start":{"line":52,"column":2},"end":{"line":52,"column":16}},"37":{"start":{"line":54,"column":4},"end":{"line":54,"column":57}},"38":{"start":{"line":55,"column":1},"end":{"line":60,"column":2}},"39":{"start":{"line":56,"column":21},"end":{"line":56,"column":65}},"40":{"start":{"line":57,"column":2},"end":{"line":57,"column":60}},"41":{"start":{"line":58,"column":22},"end":{"line":58,"column":61}},"42":{"start":{"line":59,"column":2},"end":{"line":59,"column":39}},"43":{"start":{"line":64,"column":0},"end":{"line":94,"column":1}},"44":{"start":{"line":65,"column":2},"end":{"line":93,"column":5}},"45":{"start":{"line":66,"column":4},"end":{"line":66,"column":68}},"46":{"start":{"line":67,"column":4},"end":{"line":67,"column":68}},"47":{"start":{"line":68,"column":4},"end":{"line":68,"column":29}},"48":{"start":{"line":70,"column":4},"end":{"line":70,"column":17}},"49":{"start":{"line":71,"column":4},"end":{"line":76,"column":5}},"50":{"start":{"line":72,"column":6},"end":{"line":72,"column":41}},"51":{"start":{"line":73,"column":6},"end":{"line":73,"column":24}},"52":{"start":{"line":75,"column":6},"end":{"line":75,"column":42}},"53":{"start":{"line":77,"column":4},"end":{"line":77,"column":41}},"54":{"start":{"line":78,"column":4},"end":{"line":78,"column":20}},"55":{"start":{"line":79,"column":4},"end":{"line":79,"column":22}},"56":{"start":{"line":80,"column":4},"end":{"line":84,"column":5}},"57":{"start":{"line":81,"column":6},"end":{"line":81,"column":15}},"58":{"start":{"line":82,"column":6},"end":{"line":82,"column":26}},"59":{"start":{"line":83,"column":6},"end":{"line":83,"column":89}},"60":{"start":{"line":85,"column":4},"end":{"line":85,"column":20}},"61":{"start":{"line":86,"column":4},"end":{"line":86,"column":39}},"62":{"start":{"line":88,"column":4},"end":{"line":88,"column":67}},"63":{"start":{"line":89,"column":4},"end":{"line":89,"column":60}},"64":{"start":{"line":90,"column":4},"end":{"line":90,"column":25}},"65":{"start":{"line":91,"column":1},"end":{"line":92,"column":84}},"66":{"start":{"line":92,"column":2},"end":{"line":92,"column":84}},"67":{"start":{"line":96,"column":0},"end":{"line":103,"column":1}},"68":{"start":{"line":97,"column":2},"end":{"line":102,"column":5}},"69":{"start":{"line":98,"column":4},"end":{"line":101,"column":5}},"70":{"start":{"line":99,"column":2},"end":{"line":99,"column":34}},"71":{"start":{"line":100,"column":2},"end":{"line":100,"column":38}},"72":{"start":{"line":104,"column":0},"end":{"line":117,"column":1}},"73":{"start":{"line":105,"column":2},"end":{"line":116,"column":5}},"74":{"start":{"line":106,"column":4},"end":{"line":106,"column":29}},"75":{"start":{"line":107,"column":4},"end":{"line":107,"column":43}},"76":{"start":{"line":108,"column":4},"end":{"line":108,"column":18}},"77":{"start":{"line":109,"column":4},"end":{"line":109,"column":19}},"78":{"start":{"line":110,"column":4},"end":{"line":110,"column":29}},"79":{"start":{"line":111,"column":4},"end":{"line":111,"column":41}},"80":{"start":{"line":113,"column":4},"end":{"line":113,"column":35}},"81":{"start":{"line":115,"column":4},"end":{"line":115,"column":43}},"82":{"start":{"line":118,"column":0},"end":{"line":123,"column":1}},"83":{"start":{"line":119,"column":0},"end":{"line":122,"column":3}},"84":{"start":{"line":120,"column":1},"end":{"line":120,"column":32}},"85":{"start":{"line":121,"column":1},"end":{"line":121,"column":40}},"86":{"start":{"line":127,"column":2},"end":{"line":127,"column":55}},"87":{"start":{"line":128,"column":2},"end":{"line":128,"column":21}},"88":{"start":{"line":129,"column":2},"end":{"line":168,"column":3}},"89":{"start":{"line":130,"column":4},"end":{"line":130,"column":29}},"90":{"start":{"line":131,"column":4},"end":{"line":131,"column":26}},"91":{"start":{"line":132,"column":4},"end":{"line":132,"column":17}},"92":{"start":{"line":133,"column":4},"end":{"line":167,"column":5}},"93":{"start":{"line":134,"column":6},"end":{"line":139,"column":7}},"94":{"start":{"line":135,"column":8},"end":{"line":135,"column":43}},"95":{"start":{"line":136,"column":8},"end":{"line":136,"column":26}},"96":{"start":{"line":138,"column":8},"end":{"line":138,"column":44}},"97":{"start":{"line":140,"column":6},"end":{"line":140,"column":43}},"98":{"start":{"line":141,"column":6},"end":{"line":141,"column":22}},"99":{"start":{"line":142,"column":6},"end":{"line":142,"column":24}},"100":{"start":{"line":143,"column":6},"end":{"line":156,"column":7}},"101":{"start":{"line":144,"column":8},"end":{"line":144,"column":17}},"102":{"start":{"line":145,"column":8},"end":{"line":145,"column":28}},"103":{"start":{"line":146,"column":8},"end":{"line":146,"column":91}},"104":{"start":{"line":147,"column":25},"end":{"line":147,"column":69}},"105":{"start":{"line":148,"column":8},"end":{"line":155,"column":9}},"106":{"start":{"line":149,"column":10},"end":{"line":154,"column":11}},"107":{"start":{"line":149,"column":22},"end":{"line":149,"column":23}},"108":{"start":{"line":150,"column":12},"end":{"line":153,"column":13}},"109":{"start":{"line":151,"column":14},"end":{"line":151,"column":44}},"110":{"start":{"line":152,"column":14},"end":{"line":152,"column":75}},"111":{"start":{"line":157,"column":6},"end":{"line":157,"column":23}},"112":{"start":{"line":158,"column":6},"end":{"line":158,"column":43}},"113":{"start":{"line":160,"column":6},"end":{"line":160,"column":69}},"114":{"start":{"line":161,"column":6},"end":{"line":161,"column":62}},"115":{"start":{"line":162,"column":6},"end":{"line":162,"column":27}},"116":{"start":{"line":164,"column":6},"end":{"line":164,"column":45}},"117":{"start":{"line":165,"column":6},"end":{"line":165,"column":21}},"118":{"start":{"line":166,"column":6},"end":{"line":166,"column":60}},"119":{"start":{"line":172,"column":0},"end":{"line":190,"column":1}},"120":{"start":{"line":173,"column":2},"end":{"line":189,"column":5}},"121":{"start":{"line":174,"column":4},"end":{"line":174,"column":27}},"122":{"start":{"line":175,"column":4},"end":{"line":175,"column":68}},"123":{"start":{"line":176,"column":4},"end":{"line":176,"column":72}},"124":{"start":{"line":177,"column":16},"end":{"line":177,"column":54}},"125":{"start":{"line":178,"column":22},"end":{"line":178,"column":66}},"126":{"start":{"line":179,"column":21},"end":{"line":179,"column":64}},"127":{"start":{"line":181,"column":4},"end":{"line":184,"column":5}},"128":{"start":{"line":182,"column":2},"end":{"line":182,"column":39}},"129":{"start":{"line":183,"column":2},"end":{"line":183,"column":34}},"130":{"start":{"line":185,"column":4},"end":{"line":186,"column":48}},"131":{"start":{"line":186,"column":6},"end":{"line":186,"column":48}},"132":{"start":{"line":187,"column":4},"end":{"line":188,"column":46}},"133":{"start":{"line":188,"column":6},"end":{"line":188,"column":46}},"134":{"start":{"line":195,"column":24},"end":{"line":195,"column":56}},"135":{"start":{"line":196,"column":14},"end":{"line":196,"column":90}},"136":{"start":{"line":197,"column":2},"end":{"line":200,"column":37}},"137":{"start":{"line":198,"column":2},"end":{"line":198,"column":25}},"138":{"start":{"line":199,"column":9},"end":{"line":200,"column":37}},"139":{"start":{"line":200,"column":2},"end":{"line":200,"column":37}},"140":{"start":{"line":201,"column":26},"end":{"line":201,"column":46}},"141":{"start":{"line":202,"column":2},"end":{"line":202,"column":134}},"142":{"start":{"line":206,"column":2},"end":{"line":206,"column":21}},"143":{"start":{"line":218,"column":2},"end":{"line":238,"column":3}},"144":{"start":{"line":220,"column":1},"end":{"line":220,"column":55}},"145":{"start":{"line":221,"column":1},"end":{"line":221,"column":32}},"146":{"start":{"line":223,"column":1},"end":{"line":223,"column":40}},"147":{"start":{"line":224,"column":1},"end":{"line":224,"column":33}},"148":{"start":{"line":225,"column":1},"end":{"line":225,"column":34}},"149":{"start":{"line":226,"column":21},"end":{"line":226,"column":60}},"150":{"start":{"line":227,"column":1},"end":{"line":227,"column":38}},"151":{"start":{"line":228,"column":8},"end":{"line":238,"column":3}},"152":{"start":{"line":230,"column":1},"end":{"line":230,"column":55}},"153":{"start":{"line":231,"column":1},"end":{"line":231,"column":32}},"154":{"start":{"line":233,"column":1},"end":{"line":233,"column":40}},"155":{"start":{"line":234,"column":1},"end":{"line":234,"column":33}},"156":{"start":{"line":235,"column":1},"end":{"line":235,"column":34}},"157":{"start":{"line":236,"column":21},"end":{"line":236,"column":60}},"158":{"start":{"line":237,"column":1},"end":{"line":237,"column":38}},"159":{"start":{"line":244,"column":19},"end":{"line":244,"column":51}},"160":{"start":{"line":245,"column":4},"end":{"line":245,"column":26}},"161":{"start":{"line":246,"column":4},"end":{"line":252,"column":5}},"162":{"start":{"line":246,"column":17},"end":{"line":246,"column":18}},"163":{"start":{"line":246,"column":24},"end":{"line":246,"column":39}},"164":{"start":{"line":248,"column":8},"end":{"line":251,"column":9}},"165":{"start":{"line":250,"column":12},"end":{"line":250,"column":21}},"166":{"start":{"line":257,"column":19},"end":{"line":257,"column":51}},"167":{"start":{"line":259,"column":4},"end":{"line":259,"column":26}},"168":{"start":{"line":260,"column":4},"end":{"line":265,"column":5}},"169":{"start":{"line":260,"column":17},"end":{"line":260,"column":18}},"170":{"start":{"line":260,"column":24},"end":{"line":260,"column":39}},"171":{"start":{"line":261,"column":8},"end":{"line":264,"column":9}},"172":{"start":{"line":263,"column":12},"end":{"line":263,"column":34}},"173":{"start":{"line":271,"column":19},"end":{"line":271,"column":51}},"174":{"start":{"line":272,"column":4},"end":{"line":278,"column":5}},"175":{"start":{"line":272,"column":17},"end":{"line":272,"column":18}},"176":{"start":{"line":272,"column":24},"end":{"line":272,"column":39}},"177":{"start":{"line":274,"column":8},"end":{"line":277,"column":9}},"178":{"start":{"line":276,"column":10},"end":{"line":276,"column":38}},"179":{"start":{"line":281,"column":0},"end":{"line":281,"column":37}},"180":{"start":{"line":283,"column":0},"end":{"line":283,"column":30}},"181":{"start":{"line":284,"column":0},"end":{"line":284,"column":29}}},"fnMap":{"0":{"name":"(anonymous_0)","decl":{"start":{"line":36,"column":65},"end":{"line":36,"column":66}},"loc":{"start":{"line":36,"column":71},"end":{"line":61,"column":3}},"line":36},"1":{"name":"(anonymous_1)","decl":{"start":{"line":65,"column":64},"end":{"line":65,"column":65}},"loc":{"start":{"line":65,"column":70},"end":{"line":93,"column":3}},"line":65},"2":{"name":"(anonymous_2)","decl":{"start":{"line":97,"column":34},"end":{"line":97,"column":35}},"loc":{"start":{"line":97,"column":40},"end":{"line":102,"column":3}},"line":97},"3":{"name":"(anonymous_3)","decl":{"start":{"line":105,"column":32},"end":{"line":105,"column":33}},"loc":{"start":{"line":105,"column":37},"end":{"line":116,"column":3}},"line":105},"4":{"name":"(anonymous_4)","decl":{"start":{"line":119,"column":29},"end":{"line":119,"column":30}},"loc":{"start":{"line":119,"column":34},"end":{"line":122,"column":1}},"line":119},"5":{"name":"timer","decl":{"start":{"line":126,"column":9},"end":{"line":126,"column":14}},"loc":{"start":{"line":126,"column":17},"end":{"line":169,"column":1}},"line":126},"6":{"name":"(anonymous_6)","decl":{"start":{"line":173,"column":38},"end":{"line":173,"column":39}},"loc":{"start":{"line":173,"column":44},"end":{"line":189,"column":3}},"line":173},"7":{"name":"countdownDisplay","decl":{"start":{"line":194,"column":9},"end":{"line":194,"column":25}},"loc":{"start":{"line":194,"column":28},"end":{"line":203,"column":1}},"line":194},"8":{"name":"updateHTML","decl":{"start":{"line":205,"column":9},"end":{"line":205,"column":19}},"loc":{"start":{"line":205,"column":22},"end":{"line":239,"column":1}},"line":205},"9":{"name":"getRadioIndex","decl":{"start":{"line":242,"column":9},"end":{"line":242,"column":22}},"loc":{"start":{"line":243,"column":0},"end":{"line":253,"column":1}},"line":243},"10":{"name":"getTaskId","decl":{"start":{"line":255,"column":9},"end":{"line":255,"column":18}},"loc":{"start":{"line":256,"column":0},"end":{"line":266,"column":1}},"line":256},"11":{"name":"undoCheck","decl":{"start":{"line":269,"column":9},"end":{"line":269,"column":18}},"loc":{"start":{"line":270,"column":0},"end":{"line":279,"column":1}},"line":270}},"branchMap":{"0":{"loc":{"start":{"line":35,"column":0},"end":{"line":62,"column":1}},"type":"if","locations":[{"start":{"line":35,"column":0},"end":{"line":62,"column":1}},{"start":{"line":35,"column":0},"end":{"line":62,"column":1}}],"line":35},"1":{"loc":{"start":{"line":48,"column":4},"end":{"line":52,"column":16}},"type":"if","locations":[{"start":{"line":48,"column":4},"end":{"line":52,"column":16}},{"start":{"line":48,"column":4},"end":{"line":52,"column":16}}],"line":48},"2":{"loc":{"start":{"line":55,"column":1},"end":{"line":60,"column":2}},"type":"if","locations":[{"start":{"line":55,"column":1},"end":{"line":60,"column":2}},{"start":{"line":55,"column":1},"end":{"line":60,"column":2}}],"line":55},"3":{"loc":{"start":{"line":64,"column":0},"end":{"line":94,"column":1}},"type":"if","locations":[{"start":{"line":64,"column":0},"end":{"line":94,"column":1}},{"start":{"line":64,"column":0},"end":{"line":94,"column":1}}],"line":64},"4":{"loc":{"start":{"line":71,"column":4},"end":{"line":76,"column":5}},"type":"if","locations":[{"start":{"line":71,"column":4},"end":{"line":76,"column":5}},{"start":{"line":71,"column":4},"end":{"line":76,"column":5}}],"line":71},"5":{"loc":{"start":{"line":80,"column":4},"end":{"line":84,"column":5}},"type":"if","locations":[{"start":{"line":80,"column":4},"end":{"line":84,"column":5}},{"start":{"line":80,"column":4},"end":{"line":84,"column":5}}],"line":80},"6":{"loc":{"start":{"line":91,"column":1},"end":{"line":92,"column":84}},"type":"if","locations":[{"start":{"line":91,"column":1},"end":{"line":92,"column":84}},{"start":{"line":91,"column":1},"end":{"line":92,"column":84}}],"line":91},"7":{"loc":{"start":{"line":96,"column":0},"end":{"line":103,"column":1}},"type":"if","locations":[{"start":{"line":96,"column":0},"end":{"line":103,"column":1}},{"start":{"line":96,"column":0},"end":{"line":103,"column":1}}],"line":96},"8":{"loc":{"start":{"line":98,"column":4},"end":{"line":101,"column":5}},"type":"if","locations":[{"start":{"line":98,"column":4},"end":{"line":101,"column":5}},{"start":{"line":98,"column":4},"end":{"line":101,"column":5}}],"line":98},"9":{"loc":{"start":{"line":104,"column":0},"end":{"line":117,"column":1}},"type":"if","locations":[{"start":{"line":104,"column":0},"end":{"line":117,"column":1}},{"start":{"line":104,"column":0},"end":{"line":117,"column":1}}],"line":104},"10":{"loc":{"start":{"line":118,"column":0},"end":{"line":123,"column":1}},"type":"if","locations":[{"start":{"line":118,"column":0},"end":{"line":123,"column":1}},{"start":{"line":118,"column":0},"end":{"line":123,"column":1}}],"line":118},"11":{"loc":{"start":{"line":129,"column":2},"end":{"line":168,"column":3}},"type":"if","locations":[{"start":{"line":129,"column":2},"end":{"line":168,"column":3}},{"start":{"line":129,"column":2},"end":{"line":168,"column":3}}],"line":129},"12":{"loc":{"start":{"line":133,"column":4},"end":{"line":167,"column":5}},"type":"if","locations":[{"start":{"line":133,"column":4},"end":{"line":167,"column":5}},{"start":{"line":133,"column":4},"end":{"line":167,"column":5}}],"line":133},"13":{"loc":{"start":{"line":134,"column":6},"end":{"line":139,"column":7}},"type":"if","locations":[{"start":{"line":134,"column":6},"end":{"line":139,"column":7}},{"start":{"line":134,"column":6},"end":{"line":139,"column":7}}],"line":134},"14":{"loc":{"start":{"line":143,"column":6},"end":{"line":156,"column":7}},"type":"if","locations":[{"start":{"line":143,"column":6},"end":{"line":156,"column":7}},{"start":{"line":143,"column":6},"end":{"line":156,"column":7}}],"line":143},"15":{"loc":{"start":{"line":148,"column":8},"end":{"line":155,"column":9}},"type":"if","locations":[{"start":{"line":148,"column":8},"end":{"line":155,"column":9}},{"start":{"line":148,"column":8},"end":{"line":155,"column":9}}],"line":148},"16":{"loc":{"start":{"line":150,"column":12},"end":{"line":153,"column":13}},"type":"if","locations":[{"start":{"line":150,"column":12},"end":{"line":153,"column":13}},{"start":{"line":150,"column":12},"end":{"line":153,"column":13}}],"line":150},"17":{"loc":{"start":{"line":172,"column":0},"end":{"line":190,"column":1}},"type":"if","locations":[{"start":{"line":172,"column":0},"end":{"line":190,"column":1}},{"start":{"line":172,"column":0},"end":{"line":190,"column":1}}],"line":172},"18":{"loc":{"start":{"line":181,"column":4},"end":{"line":184,"column":5}},"type":"if","locations":[{"start":{"line":181,"column":4},"end":{"line":184,"column":5}},{"start":{"line":181,"column":4},"end":{"line":184,"column":5}}],"line":181},"19":{"loc":{"start":{"line":185,"column":4},"end":{"line":186,"column":48}},"type":"if","locations":[{"start":{"line":185,"column":4},"end":{"line":186,"column":48}},{"start":{"line":185,"column":4},"end":{"line":186,"column":48}}],"line":185},"20":{"loc":{"start":{"line":187,"column":4},"end":{"line":188,"column":46}},"type":"if","locations":[{"start":{"line":187,"column":4},"end":{"line":188,"column":46}},{"start":{"line":187,"column":4},"end":{"line":188,"column":46}}],"line":187},"21":{"loc":{"start":{"line":196,"column":14},"end":{"line":196,"column":90}},"type":"cond-expr","locations":[{"start":{"line":196,"column":32},"end":{"line":196,"column":53}},{"start":{"line":196,"column":56},"end":{"line":196,"column":90}}],"line":196},"22":{"loc":{"start":{"line":197,"column":2},"end":{"line":200,"column":37}},"type":"if","locations":[{"start":{"line":197,"column":2},"end":{"line":200,"column":37}},{"start":{"line":197,"column":2},"end":{"line":200,"column":37}}],"line":197},"23":{"loc":{"start":{"line":197,"column":5},"end":{"line":197,"column":41}},"type":"binary-expr","locations":[{"start":{"line":197,"column":5},"end":{"line":197,"column":14}},{"start":{"line":197,"column":18},"end":{"line":197,"column":41}}],"line":197},"24":{"loc":{"start":{"line":199,"column":9},"end":{"line":200,"column":37}},"type":"if","locations":[{"start":{"line":199,"column":9},"end":{"line":200,"column":37}},{"start":{"line":199,"column":9},"end":{"line":200,"column":37}}],"line":199},"25":{"loc":{"start":{"line":199,"column":12},"end":{"line":199,"column":61}},"type":"binary-expr","locations":[{"start":{"line":199,"column":12},"end":{"line":199,"column":22}},{"start":{"line":199,"column":26},"end":{"line":199,"column":61}}],"line":199},"26":{"loc":{"start":{"line":202,"column":78},"end":{"line":202,"column":111}},"type":"cond-expr","locations":[{"start":{"line":202,"column":103},"end":{"line":202,"column":106}},{"start":{"line":202,"column":109},"end":{"line":202,"column":111}}],"line":202},"27":{"loc":{"start":{"line":218,"column":2},"end":{"line":238,"column":3}},"type":"if","locations":[{"start":{"line":218,"column":2},"end":{"line":238,"column":3}},{"start":{"line":218,"column":2},"end":{"line":238,"column":3}}],"line":218},"28":{"loc":{"start":{"line":218,"column":5},"end":{"line":218,"column":43}},"type":"binary-expr","locations":[{"start":{"line":218,"column":5},"end":{"line":218,"column":21}},{"start":{"line":218,"column":25},"end":{"line":218,"column":43}}],"line":218},"29":{"loc":{"start":{"line":228,"column":8},"end":{"line":238,"column":3}},"type":"if","locations":[{"start":{"line":228,"column":8},"end":{"line":238,"column":3}},{"start":{"line":228,"column":8},"end":{"line":238,"column":3}}],"line":228},"30":{"loc":{"start":{"line":228,"column":11},"end":{"line":228,"column":49}},"type":"binary-expr","locations":[{"start":{"line":228,"column":11},"end":{"line":228,"column":27}},{"start":{"line":228,"column":31},"end":{"line":228,"column":49}}],"line":228},"31":{"loc":{"start":{"line":248,"column":8},"end":{"line":251,"column":9}},"type":"if","locations":[{"start":{"line":248,"column":8},"end":{"line":251,"column":9}},{"start":{"line":248,"column":8},"end":{"line":251,"column":9}}],"line":248},"32":{"loc":{"start":{"line":261,"column":8},"end":{"line":264,"column":9}},"type":"if","locations":[{"start":{"line":261,"column":8},"end":{"line":264,"column":9}},{"start":{"line":261,"column":8},"end":{"line":264,"column":9}}],"line":261},"33":{"loc":{"start":{"line":274,"column":8},"end":{"line":277,"column":9}},"type":"if","locations":[{"start":{"line":274,"column":8},"end":{"line":277,"column":9}},{"start":{"line":274,"column":8},"end":{"line":277,"column":9}}],"line":274}},"s":{"0":32,"1":32,"2":32,"3":32,"4":32,"5":32,"6":32,"7":32,"8":32,"9":32,"10":32,"11":32,"12":32,"13":32,"14":32,"15":32,"16":32,"17":32,"18":32,"19":32,"20":32,"21":32,"22":32,"23":32,"24":37,"25":37,"26":37,"27":37,"28":37,"29":37,"30":37,"31":37,"32":37,"33":37,"34":9,"35":9,"36":28,"37":37,"38":37,"39":9,"40":9,"41":9,"42":9,"43":32,"44":32,"45":4,"46":4,"47":4,"48":4,"49":4,"50":2,"51":2,"52":2,"53":4,"54":4,"55":4,"56":4,"57":4,"58":4,"59":4,"60":4,"61":4,"62":4,"63":4,"64":4,"65":4,"66":4,"67":32,"68":32,"69":8,"70":6,"71":6,"72":32,"73":32,"74":4,"75":4,"76":4,"77":4,"78":4,"79":4,"80":4,"81":4,"82":32,"83":32,"84":2,"85":2,"86":92,"87":92,"88":92,"89":38,"90":38,"91":38,"92":38,"93":21,"94":2,"95":2,"96":19,"97":21,"98":21,"99":21,"100":21,"101":3,"102":3,"103":3,"104":3,"105":3,"106":3,"107":3,"108":4,"109":3,"110":3,"111":21,"112":21,"113":21,"114":21,"115":21,"116":17,"117":17,"118":17,"119":32,"120":32,"121":19,"122":19,"123":19,"124":19,"125":19,"126":19,"127":19,"128":17,"129":17,"130":19,"131":11,"132":19,"133":9,"134":262,"135":262,"136":262,"137":47,"138":215,"139":25,"140":262,"141":262,"142":262,"143":262,"144":23,"145":23,"146":23,"147":23,"148":23,"149":23,"150":23,"151":239,"152":4,"153":4,"154":4,"155":4,"156":4,"157":4,"158":4,"159":37,"160":37,"161":37,"162":37,"163":37,"164":13,"165":9,"166":37,"167":37,"168":37,"169":37,"170":37,"171":13,"172":9,"173":25,"174":25,"175":25,"176":25,"177":12,"178":7,"179":32,"180":32,"181":32},"f":{"0":37,"1":4,"2":8,"3":4,"4":2,"5":92,"6":19,"7":262,"8":262,"9":37,"10":37,"11":25},"b":{"0":[32,0],"1":[9,28],"2":[9,28],"3":[32,0],"4":[2,2],"5":[4,0],"6":[4,0],"7":[32,0],"8":[6,2],"9":[32,0],"10":[32,0],"11":[38,54],"12":[21,17],"13":[2,19],"14":[3,18],"15":[3,0],"16":[3,1],"17":[32,0],"18":[17,2],"19":[11,8],"20":[9,10],"21":[225,37],"22":[47,215],"23":[262,98],"24":[25,190],"25":[215,164],"26":[240,22],"27":[23,239],"28":[262,27],"29":[4,235],"30":[239,4],"31":[9,4],"32":[9,4],"33":[7,5]},"_coverageSchema":"1a1c01bbd47fc00a2c39e90264f33305004495a9","hash":"be8da5613864c4920d523e96bc6c542b17d70e35"}
,"C:\\Users\\boo13\\CSE110\\cse110-w21-group16\\source\\js\\todo.js": {"path":"C:\\Users\\boo13\\CSE110\\cse110-w21-group16\\source\\js\\todo.js","statementMap":{"0":{"start":{"line":3,"column":11},"end":{"line":3,"column":45}},"1":{"start":{"line":4,"column":10},"end":{"line":4,"column":40}},"2":{"start":{"line":5,"column":11},"end":{"line":5,"column":43}},"3":{"start":{"line":11,"column":15},"end":{"line":11,"column":17}},"4":{"start":{"line":14,"column":4},"end":{"line":16,"column":5}},"5":{"start":{"line":15,"column":4},"end":{"line":15,"column":48}},"6":{"start":{"line":19,"column":0},"end":{"line":25,"column":1}},"7":{"start":{"line":20,"column":4},"end":{"line":24,"column":7}},"8":{"start":{"line":21,"column":8},"end":{"line":23,"column":9}},"9":{"start":{"line":22,"column":12},"end":{"line":22,"column":35}},"10":{"start":{"line":27,"column":0},"end":{"line":37,"column":1}},"11":{"start":{"line":28,"column":8},"end":{"line":36,"column":7}},"12":{"start":{"line":29,"column":8},"end":{"line":34,"column":9}},"13":{"start":{"line":30,"column":12},"end":{"line":30,"column":25}},"14":{"start":{"line":32,"column":13},"end":{"line":34,"column":9}},"15":{"start":{"line":33,"column":12},"end":{"line":33,"column":58}},"16":{"start":{"line":35,"column":8},"end":{"line":35,"column":31}},"17":{"start":{"line":39,"column":0},"end":{"line":49,"column":1}},"18":{"start":{"line":40,"column":4},"end":{"line":48,"column":3}},"19":{"start":{"line":41,"column":4},"end":{"line":46,"column":5}},"20":{"start":{"line":42,"column":8},"end":{"line":42,"column":21}},"21":{"start":{"line":44,"column":9},"end":{"line":46,"column":5}},"22":{"start":{"line":45,"column":8},"end":{"line":45,"column":54}},"23":{"start":{"line":47,"column":4},"end":{"line":47,"column":27}},"24":{"start":{"line":51,"column":0},"end":{"line":59,"column":3}},"25":{"start":{"line":53,"column":21},"end":{"line":53,"column":53}},"26":{"start":{"line":54,"column":4},"end":{"line":57,"column":5}},"27":{"start":{"line":55,"column":8},"end":{"line":55,"column":42}},"28":{"start":{"line":56,"column":8},"end":{"line":56,"column":23}},"29":{"start":{"line":58,"column":4},"end":{"line":58,"column":48}},"30":{"start":{"line":63,"column":4},"end":{"line":68,"column":9}},"31":{"start":{"line":66,"column":12},"end":{"line":66,"column":22}},"32":{"start":{"line":67,"column":12},"end":{"line":67,"column":24}},"33":{"start":{"line":69,"column":4},"end":{"line":69,"column":17}},"34":{"start":{"line":74,"column":4},"end":{"line":124,"column":5}},"35":{"start":{"line":74,"column":16},"end":{"line":74,"column":17}},"36":{"start":{"line":76,"column":7},"end":{"line":76,"column":45}},"37":{"start":{"line":77,"column":7},"end":{"line":77,"column":26}},"38":{"start":{"line":78,"column":7},"end":{"line":78,"column":31}},"39":{"start":{"line":79,"column":7},"end":{"line":79,"column":28}},"40":{"start":{"line":90,"column":7},"end":{"line":90,"column":41}},"41":{"start":{"line":91,"column":7},"end":{"line":91,"column":31}},"42":{"start":{"line":92,"column":7},"end":{"line":92,"column":37}},"43":{"start":{"line":93,"column":7},"end":{"line":93,"column":49}},"44":{"start":{"line":93,"column":33},"end":{"line":93,"column":47}},"45":{"start":{"line":96,"column":8},"end":{"line":96,"column":43}},"46":{"start":{"line":97,"column":8},"end":{"line":97,"column":37}},"47":{"start":{"line":98,"column":8},"end":{"line":98,"column":46}},"48":{"start":{"line":99,"column":8},"end":{"line":99,"column":51}},"49":{"start":{"line":99,"column":35},"end":{"line":99,"column":49}},"50":{"start":{"line":104,"column":18},"end":{"line":104,"column":72}},"51":{"start":{"line":105,"column":20},"end":{"line":105,"column":37}},"52":{"start":{"line":106,"column":20},"end":{"line":106,"column":37}},"53":{"start":{"line":107,"column":20},"end":{"line":107,"column":37}},"54":{"start":{"line":108,"column":20},"end":{"line":108,"column":37}},"55":{"start":{"line":109,"column":20},"end":{"line":109,"column":37}},"56":{"start":{"line":110,"column":20},"end":{"line":110,"column":37}},"57":{"start":{"line":113,"column":8},"end":{"line":113,"column":47}},"58":{"start":{"line":114,"column":8},"end":{"line":114,"column":49}},"59":{"start":{"line":115,"column":8},"end":{"line":115,"column":45}},"60":{"start":{"line":116,"column":8},"end":{"line":116,"column":31}},"61":{"start":{"line":117,"column":8},"end":{"line":122,"column":9}},"62":{"start":{"line":118,"column":12},"end":{"line":118,"column":35}},"63":{"start":{"line":119,"column":12},"end":{"line":119,"column":36}},"64":{"start":{"line":121,"column":12},"end":{"line":121,"column":43}},"65":{"start":{"line":125,"column":4},"end":{"line":125,"column":63}},"66":{"start":{"line":131,"column":4},"end":{"line":131,"column":42}},"67":{"start":{"line":132,"column":4},"end":{"line":132,"column":23}},"68":{"start":{"line":133,"column":4},"end":{"line":133,"column":24}},"69":{"start":{"line":134,"column":4},"end":{"line":134,"column":25}},"70":{"start":{"line":138,"column":1},"end":{"line":138,"column":35}},"71":{"start":{"line":139,"column":4},"end":{"line":139,"column":24}},"72":{"start":{"line":140,"column":4},"end":{"line":140,"column":34}},"73":{"start":{"line":141,"column":1},"end":{"line":141,"column":43}},"74":{"start":{"line":141,"column":27},"end":{"line":141,"column":41}},"75":{"start":{"line":144,"column":1},"end":{"line":144,"column":36}},"76":{"start":{"line":145,"column":1},"end":{"line":145,"column":18}},"77":{"start":{"line":146,"column":1},"end":{"line":146,"column":39}},"78":{"start":{"line":147,"column":1},"end":{"line":147,"column":44}},"79":{"start":{"line":147,"column":28},"end":{"line":147,"column":42}},"80":{"start":{"line":152,"column":14},"end":{"line":152,"column":68}},"81":{"start":{"line":153,"column":16},"end":{"line":153,"column":33}},"82":{"start":{"line":154,"column":16},"end":{"line":154,"column":33}},"83":{"start":{"line":155,"column":16},"end":{"line":155,"column":33}},"84":{"start":{"line":156,"column":16},"end":{"line":156,"column":33}},"85":{"start":{"line":157,"column":16},"end":{"line":157,"column":33}},"86":{"start":{"line":158,"column":13},"end":{"line":158,"column":30}},"87":{"start":{"line":161,"column":4},"end":{"line":161,"column":27}},"88":{"start":{"line":162,"column":4},"end":{"line":162,"column":61}},"89":{"start":{"line":163,"column":4},"end":{"line":163,"column":59}},"90":{"start":{"line":164,"column":4},"end":{"line":164,"column":24}},"91":{"start":{"line":165,"column":4},"end":{"line":165,"column":27}},"92":{"start":{"line":166,"column":1},"end":{"line":166,"column":25}},"93":{"start":{"line":168,"column":4},"end":{"line":174,"column":7}},"94":{"start":{"line":176,"column":4},"end":{"line":176,"column":63}},"95":{"start":{"line":178,"column":4},"end":{"line":178,"column":63}},"96":{"start":{"line":182,"column":14},"end":{"line":182,"column":46}},"97":{"start":{"line":183,"column":4},"end":{"line":183,"column":17}},"98":{"start":{"line":185,"column":4},"end":{"line":189,"column":5}},"99":{"start":{"line":185,"column":16},"end":{"line":185,"column":17}},"100":{"start":{"line":186,"column":8},"end":{"line":188,"column":9}},"101":{"start":{"line":187,"column":13},"end":{"line":187,"column":35}},"102":{"start":{"line":190,"column":4},"end":{"line":190,"column":63}},"103":{"start":{"line":195,"column":11},"end":{"line":195,"column":43}},"104":{"start":{"line":196,"column":4},"end":{"line":196,"column":35}},"105":{"start":{"line":197,"column":4},"end":{"line":203,"column":5}},"106":{"start":{"line":197,"column":16},"end":{"line":197,"column":17}},"107":{"start":{"line":198,"column":8},"end":{"line":202,"column":9}},"108":{"start":{"line":199,"column":13},"end":{"line":199,"column":31}},"109":{"start":{"line":200,"column":13},"end":{"line":200,"column":41}},"110":{"start":{"line":201,"column":13},"end":{"line":201,"column":45}},"111":{"start":{"line":204,"column":4},"end":{"line":204,"column":63}},"112":{"start":{"line":209,"column":4},"end":{"line":209,"column":64}},"113":{"start":{"line":210,"column":4},"end":{"line":210,"column":48}},"114":{"start":{"line":211,"column":4},"end":{"line":211,"column":45}},"115":{"start":{"line":212,"column":1},"end":{"line":212,"column":42}},"116":{"start":{"line":217,"column":4},"end":{"line":217,"column":63}},"117":{"start":{"line":219,"column":0},"end":{"line":219,"column":91}}},"fnMap":{"0":{"name":"(anonymous_0)","decl":{"start":{"line":20,"column":36},"end":{"line":20,"column":37}},"loc":{"start":{"line":20,"column":52},"end":{"line":24,"column":5}},"line":20},"1":{"name":"(anonymous_1)","decl":{"start":{"line":28,"column":40},"end":{"line":28,"column":41}},"loc":{"start":{"line":28,"column":56},"end":{"line":36,"column":5}},"line":28},"2":{"name":"(anonymous_2)","decl":{"start":{"line":40,"column":34},"end":{"line":40,"column":35}},"loc":{"start":{"line":40,"column":50},"end":{"line":48,"column":1}},"line":40},"3":{"name":"(anonymous_3)","decl":{"start":{"line":51,"column":44},"end":{"line":51,"column":45}},"loc":{"start":{"line":51,"column":50},"end":{"line":59,"column":1}},"line":51},"4":{"name":"checkFields","decl":{"start":{"line":61,"column":9},"end":{"line":61,"column":20}},"loc":{"start":{"line":61,"column":22},"end":{"line":70,"column":1}},"line":61},"5":{"name":"showTaskList","decl":{"start":{"line":72,"column":9},"end":{"line":72,"column":21}},"loc":{"start":{"line":72,"column":23},"end":{"line":126,"column":1}},"line":72},"6":{"name":"(anonymous_6)","decl":{"start":{"line":93,"column":21},"end":{"line":93,"column":22}},"loc":{"start":{"line":93,"column":32},"end":{"line":93,"column":48}},"line":93},"7":{"name":"(anonymous_7)","decl":{"start":{"line":99,"column":23},"end":{"line":99,"column":24}},"loc":{"start":{"line":99,"column":34},"end":{"line":99,"column":50}},"line":99},"8":{"name":"addTask","decl":{"start":{"line":128,"column":9},"end":{"line":128,"column":16}},"loc":{"start":{"line":128,"column":18},"end":{"line":179,"column":1}},"line":128},"9":{"name":"(anonymous_9)","decl":{"start":{"line":141,"column":15},"end":{"line":141,"column":16}},"loc":{"start":{"line":141,"column":26},"end":{"line":141,"column":42}},"line":141},"10":{"name":"(anonymous_10)","decl":{"start":{"line":147,"column":16},"end":{"line":147,"column":17}},"loc":{"start":{"line":147,"column":27},"end":{"line":147,"column":43}},"line":147},"11":{"name":"editRow","decl":{"start":{"line":181,"column":9},"end":{"line":181,"column":16}},"loc":{"start":{"line":181,"column":23},"end":{"line":192,"column":1}},"line":181},"12":{"name":"rowDone","decl":{"start":{"line":194,"column":9},"end":{"line":194,"column":16}},"loc":{"start":{"line":194,"column":22},"end":{"line":205,"column":1}},"line":194},"13":{"name":"openForm","decl":{"start":{"line":208,"column":9},"end":{"line":208,"column":17}},"loc":{"start":{"line":208,"column":19},"end":{"line":213,"column":1}},"line":208},"14":{"name":"closeForm","decl":{"start":{"line":216,"column":9},"end":{"line":216,"column":18}},"loc":{"start":{"line":216,"column":20},"end":{"line":218,"column":1}},"line":216}},"branchMap":{"0":{"loc":{"start":{"line":14,"column":4},"end":{"line":16,"column":5}},"type":"if","locations":[{"start":{"line":14,"column":4},"end":{"line":16,"column":5}},{"start":{"line":14,"column":4},"end":{"line":16,"column":5}}],"line":14},"1":{"loc":{"start":{"line":19,"column":0},"end":{"line":25,"column":1}},"type":"if","locations":[{"start":{"line":19,"column":0},"end":{"line":25,"column":1}},{"start":{"line":19,"column":0},"end":{"line":25,"column":1}}],"line":19},"2":{"loc":{"start":{"line":21,"column":8},"end":{"line":23,"column":9}},"type":"if","locations":[{"start":{"line":21,"column":8},"end":{"line":23,"column":9}},{"start":{"line":21,"column":8},"end":{"line":23,"column":9}}],"line":21},"3":{"loc":{"start":{"line":21,"column":12},"end":{"line":21,"column":68}},"type":"binary-expr","locations":[{"start":{"line":21,"column":12},"end":{"line":21,"column":28}},{"start":{"line":21,"column":32},"end":{"line":21,"column":48}},{"start":{"line":21,"column":52},"end":{"line":21,"column":68}}],"line":21},"4":{"loc":{"start":{"line":27,"column":0},"end":{"line":37,"column":1}},"type":"if","locations":[{"start":{"line":27,"column":0},"end":{"line":37,"column":1}},{"start":{"line":27,"column":0},"end":{"line":37,"column":1}}],"line":27},"5":{"loc":{"start":{"line":29,"column":8},"end":{"line":34,"column":9}},"type":"if","locations":[{"start":{"line":29,"column":8},"end":{"line":34,"column":9}},{"start":{"line":29,"column":8},"end":{"line":34,"column":9}}],"line":29},"6":{"loc":{"start":{"line":32,"column":13},"end":{"line":34,"column":9}},"type":"if","locations":[{"start":{"line":32,"column":13},"end":{"line":34,"column":9}},{"start":{"line":32,"column":13},"end":{"line":34,"column":9}}],"line":32},"7":{"loc":{"start":{"line":39,"column":0},"end":{"line":49,"column":1}},"type":"if","locations":[{"start":{"line":39,"column":0},"end":{"line":49,"column":1}},{"start":{"line":39,"column":0},"end":{"line":49,"column":1}}],"line":39},"8":{"loc":{"start":{"line":41,"column":4},"end":{"line":46,"column":5}},"type":"if","locations":[{"start":{"line":41,"column":4},"end":{"line":46,"column":5}},{"start":{"line":41,"column":4},"end":{"line":46,"column":5}}],"line":41},"9":{"loc":{"start":{"line":44,"column":9},"end":{"line":46,"column":5}},"type":"if","locations":[{"start":{"line":44,"column":9},"end":{"line":46,"column":5}},{"start":{"line":44,"column":9},"end":{"line":46,"column":5}}],"line":44},"10":{"loc":{"start":{"line":54,"column":4},"end":{"line":57,"column":5}},"type":"if","locations":[{"start":{"line":54,"column":4},"end":{"line":57,"column":5}},{"start":{"line":54,"column":4},"end":{"line":57,"column":5}}],"line":54},"11":{"loc":{"start":{"line":63,"column":4},"end":{"line":68,"column":9}},"type":"if","locations":[{"start":{"line":63,"column":4},"end":{"line":68,"column":9}},{"start":{"line":63,"column":4},"end":{"line":68,"column":9}}],"line":63},"12":{"loc":{"start":{"line":63,"column":8},"end":{"line":65,"column":49}},"type":"binary-expr","locations":[{"start":{"line":63,"column":8},"end":{"line":63,"column":52}},{"start":{"line":64,"column":8},"end":{"line":64,"column":48}},{"start":{"line":65,"column":8},"end":{"line":65,"column":49}}],"line":63},"13":{"loc":{"start":{"line":117,"column":8},"end":{"line":122,"column":9}},"type":"if","locations":[{"start":{"line":117,"column":8},"end":{"line":122,"column":9}},{"start":{"line":117,"column":8},"end":{"line":122,"column":9}}],"line":117},"14":{"loc":{"start":{"line":186,"column":8},"end":{"line":188,"column":9}},"type":"if","locations":[{"start":{"line":186,"column":8},"end":{"line":188,"column":9}},{"start":{"line":186,"column":8},"end":{"line":188,"column":9}}],"line":186},"15":{"loc":{"start":{"line":198,"column":8},"end":{"line":202,"column":9}},"type":"if","locations":[{"start":{"line":198,"column":8},"end":{"line":202,"column":9}},{"start":{"line":198,"column":8},"end":{"line":202,"column":9}}],"line":198}},"s":{"0":32,"1":32,"2":32,"3":32,"4":32,"5":32,"6":32,"7":32,"8":20,"9":0,"10":32,"11":32,"12":101,"13":0,"14":101,"15":0,"16":101,"17":32,"18":32,"19":20,"20":0,"21":20,"22":0,"23":20,"24":32,"25":32,"26":32,"27":0,"28":0,"29":32,"30":10,"31":10,"32":10,"33":0,"34":0,"35":0,"36":0,"37":0,"38":0,"39":0,"40":0,"41":0,"42":0,"43":0,"44":0,"45":0,"46":0,"47":0,"48":0,"49":0,"50":0,"51":0,"52":0,"53":0,"54":0,"55":0,"56":0,"57":0,"58":0,"59":0,"60":0,"61":0,"62":0,"63":0,"64":0,"65":0,"66":10,"67":10,"68":10,"69":10,"70":10,"71":10,"72":10,"73":10,"74":2,"75":10,"76":10,"77":10,"78":10,"79":0,"80":10,"81":10,"82":10,"83":10,"84":10,"85":10,"86":10,"87":10,"88":10,"89":10,"90":10,"91":10,"92":10,"93":10,"94":10,"95":10,"96":2,"97":2,"98":2,"99":2,"100":2,"101":2,"102":2,"103":0,"104":0,"105":0,"106":0,"107":0,"108":0,"109":0,"110":0,"111":0,"112":12,"113":12,"114":12,"115":12,"116":0,"117":32},"f":{"0":20,"1":101,"2":20,"3":32,"4":10,"5":0,"6":0,"7":0,"8":10,"9":2,"10":0,"11":2,"12":0,"13":12,"14":0},"b":{"0":[32,0],"1":[32,0],"2":[0,20],"3":[20,20,20],"4":[32,0],"5":[0,101],"6":[0,101],"7":[32,0],"8":[0,20],"9":[0,20],"10":[0,32],"11":[10,0],"12":[10,10,10],"13":[0,0],"14":[2,0],"15":[0,0]},"_coverageSchema":"1a1c01bbd47fc00a2c39e90264f33305004495a9","hash":"f47cce5aa1b5410047c4197f2256eb871eeb0b0d"}
}
