{"total": {"lines":{"total":321,"covered":272,"skipped":0,"pct":84.74},"statements":{"total":336,"covered":282,"skipped":0,"pct":83.93},"functions":{"total":35,"covered":27,"skipped":0,"pct":77.14},"branches":{"total":106,"covered":80,"skipped":0,"pct":75.47}}
,"C:\\Users\\boo13\\CSE110\\cse110-w21-group16\\source\\js\\popup.js": {"lines":{"total":31,"covered":27,"skipped":0,"pct":87.1},"functions":{"total":8,"covered":6,"skipped":0,"pct":75},"statements":{"total":31,"covered":27,"skipped":0,"pct":87.1},"branches":{"total":4,"covered":2,"skipped":0,"pct":50}}
,"C:\\Users\\boo13\\CSE110\\cse110-w21-group16\\source\\js\\timer.js": {"lines":{"total":180,"covered":180,"skipped":0,"pct":100},"functions":{"total":12,"covered":12,"skipped":0,"pct":100},"statements":{"total":188,"covered":188,"skipped":0,"pct":100},"branches":{"total":68,"covered":60,"skipped":0,"pct":88.24}}
,"C:\\Users\\boo13\\CSE110\\cse110-w21-group16\\source\\js\\todo.js": {"lines":{"total":110,"covered":65,"skipped":0,"pct":59.09},"functions":{"total":15,"covered":9,"skipped":0,"pct":60},"statements":{"total":117,"covered":67,"skipped":0,"pct":57.26},"branches":{"total":34,"covered":18,"skipped":0,"pct":52.94}}
}
