{"total": {"lines":{"total":321,"covered":281,"skipped":0,"pct":87.54},"statements":{"total":336,"covered":291,"skipped":0,"pct":86.61},"functions":{"total":35,"covered":30,"skipped":0,"pct":85.71},"branches":{"total":106,"covered":85,"skipped":0,"pct":80.19}}
,"C:\\Users\\boo13\\CSE110\\cse110-w21-group16\\source\\js\\popup.js": {"lines":{"total":31,"covered":30,"skipped":0,"pct":96.77},"functions":{"total":8,"covered":8,"skipped":0,"pct":100},"statements":{"total":31,"covered":30,"skipped":0,"pct":96.77},"branches":{"total":4,"covered":3,"skipped":0,"pct":75}}
,"C:\\Users\\boo13\\CSE110\\cse110-w21-group16\\source\\js\\timer.js": {"lines":{"total":180,"covered":180,"skipped":0,"pct":100},"functions":{"total":12,"covered":12,"skipped":0,"pct":100},"statements":{"total":188,"covered":188,"skipped":0,"pct":100},"branches":{"total":68,"covered":59,"skipped":0,"pct":86.76}}
,"C:\\Users\\boo13\\CSE110\\cse110-w21-group16\\source\\js\\todo.js": {"lines":{"total":110,"covered":71,"skipped":0,"pct":64.55},"functions":{"total":15,"covered":10,"skipped":0,"pct":66.67},"statements":{"total":117,"covered":73,"skipped":0,"pct":62.39},"branches":{"total":34,"covered":23,"skipped":0,"pct":67.65}}
}
