TN:
SF:source\js\popup.js
FN:7,(anonymous_0)
FN:14,(anonymous_1)
FN:22,(anonymous_2)
FN:34,(anonymous_3)
FN:42,(anonymous_4)
FN:53,(anonymous_5)
FN:63,(anonymous_6)
FN:71,(anonymous_7)
FNF:8
FNH:8
FNDA:4,(anonymous_0)
FNDA:2,(anonymous_1)
FNDA:28,(anonymous_2)
FNDA:5,(anonymous_3)
FNDA:20,(anonymous_4)
FNDA:86,(anonymous_5)
FNDA:8,(anonymous_6)
FNDA:2,(anonymous_7)
DA:7,61
DA:8,4
DA:14,61
DA:15,2
DA:22,61
DA:23,28
DA:24,28
DA:25,28
DA:26,28
DA:27,28
DA:28,28
DA:34,61
DA:35,5
DA:36,5
DA:42,61
DA:43,20
DA:44,20
DA:45,20
DA:46,20
DA:47,20
DA:53,61
DA:54,86
DA:55,2
DA:63,61
DA:64,8
DA:65,8
DA:71,61
DA:72,2
DA:73,2
LF:29
LH:29
BRDA:54,0,0,2
BRDA:54,0,1,84
BRF:2
BRH:2
end_of_record
TN:
SF:source\js\timer.js
FN:41,(anonymous_0)
FN:83,(anonymous_1)
FN:129,(anonymous_2)
FN:142,(anonymous_3)
FN:159,(anonymous_4)
FN:174,timer
FN:236,(anonymous_6)
FN:260,countdownDisplay
FN:283,updateHTML
FN:305,getRadioIndex
FN:323,getTaskId
FN:341,undoCheck
FNF:12
FNH:12
FNDA:40,(anonymous_0)
FNDA:6,(anonymous_1)
FNDA:8,(anonymous_2)
FNDA:4,(anonymous_3)
FNDA:2,(anonymous_4)
FNDA:90,timer
FNDA:20,(anonymous_6)
FNDA:372,countdownDisplay
FNDA:372,updateHTML
FNDA:40,getRadioIndex
FNDA:40,getTaskId
FNDA:28,undoCheck
DA:3,61
DA:4,61
DA:5,61
DA:6,61
DA:7,61
DA:8,61
DA:9,61
DA:10,61
DA:12,61
DA:13,61
DA:14,61
DA:15,61
DA:16,61
DA:18,61
DA:19,61
DA:20,61
DA:21,61
DA:22,61
DA:23,61
DA:24,61
DA:26,61
DA:30,61
DA:39,61
DA:41,61
DA:42,40
DA:44,40
DA:45,40
DA:47,40
DA:49,40
DA:50,40
DA:52,40
DA:54,40
DA:56,40
DA:58,40
DA:60,11
DA:62,11
DA:64,29
DA:67,40
DA:69,40
DA:70,11
DA:71,11
DA:72,11
DA:73,11
DA:82,61
DA:83,61
DA:84,6
DA:85,6
DA:86,6
DA:87,6
DA:89,6
DA:90,2
DA:91,2
DA:95,4
DA:97,6
DA:98,6
DA:99,6
DA:102,6
DA:103,6
DA:104,6
DA:106,6
DA:108,6
DA:110,6
DA:111,6
DA:112,6
DA:114,6
DA:115,6
DA:116,8
DA:117,6
DA:118,6
DA:119,6
DA:128,61
DA:129,61
DA:131,8
DA:132,6
DA:133,6
DA:141,61
DA:142,61
DA:144,4
DA:145,4
DA:146,4
DA:147,4
DA:148,4
DA:150,4
DA:152,4
DA:158,61
DA:159,61
DA:160,2
DA:162,2
DA:176,90
DA:178,90
DA:179,36
DA:180,36
DA:182,36
DA:184,36
DA:186,22
DA:187,2
DA:189,2
DA:193,20
DA:195,22
DA:196,22
DA:197,22
DA:200,22
DA:202,3
DA:203,3
DA:206,3
DA:207,3
DA:208,4
DA:209,3
DA:210,3
DA:215,22
DA:217,22
DA:219,22
DA:220,22
DA:221,22
DA:225,14
DA:226,14
DA:227,14
DA:235,61
DA:236,61
DA:237,20
DA:238,20
DA:239,20
DA:241,20
DA:242,20
DA:243,20
DA:245,20
DA:246,18
DA:247,18
DA:249,20
DA:250,12
DA:251,20
DA:252,10
DA:262,372
DA:264,372
DA:265,372
DA:266,372
DA:267,34
DA:268,20
DA:269,338
DA:270,48
DA:271,290
DA:272,4
DA:275,372
DA:277,372
DA:284,372
DA:287,372
DA:288,34
DA:290,34
DA:291,34
DA:293,34
DA:294,34
DA:296,34
DA:297,34
DA:307,40
DA:308,40
DA:310,40
DA:312,15
DA:314,11
DA:325,40
DA:326,40
DA:328,40
DA:329,15
DA:332,11
DA:343,28
DA:344,28
DA:346,16
DA:349,9
DA:354,61
DA:356,61
DA:357,61
LF:170
LH:170
BRDA:39,0,0,61
BRDA:39,0,1,0
BRDA:58,1,0,11
BRDA:58,1,1,29
BRDA:69,2,0,11
BRDA:69,2,1,29
BRDA:82,3,0,61
BRDA:82,3,1,0
BRDA:89,4,0,2
BRDA:89,4,1,4
BRDA:116,5,0,6
BRDA:116,5,1,2
BRDA:128,6,0,61
BRDA:128,6,1,0
BRDA:131,7,0,6
BRDA:131,7,1,2
BRDA:141,8,0,61
BRDA:141,8,1,0
BRDA:158,9,0,61
BRDA:158,9,1,0
BRDA:178,10,0,36
BRDA:178,10,1,54
BRDA:184,11,0,22
BRDA:184,11,1,14
BRDA:186,12,0,2
BRDA:186,12,1,20
BRDA:200,13,0,3
BRDA:200,13,1,19
BRDA:208,14,0,3
BRDA:208,14,1,1
BRDA:235,15,0,61
BRDA:235,15,1,0
BRDA:245,16,0,18
BRDA:245,16,1,2
BRDA:246,17,0,6
BRDA:246,17,1,12
BRDA:247,18,0,6
BRDA:247,18,1,12
BRDA:249,19,0,12
BRDA:249,19,1,8
BRDA:250,20,0,2
BRDA:250,20,1,10
BRDA:251,21,0,10
BRDA:251,21,1,10
BRDA:252,22,0,8
BRDA:252,22,1,2
BRDA:264,23,0,317
BRDA:264,23,1,55
BRDA:266,24,0,34
BRDA:266,24,1,338
BRDA:267,25,0,20
BRDA:267,25,1,14
BRDA:269,26,0,48
BRDA:269,26,1,290
BRDA:269,27,0,338
BRDA:269,27,1,134
BRDA:271,28,0,4
BRDA:271,28,1,286
BRDA:271,29,0,290
BRDA:271,29,1,204
BRDA:277,30,0,348
BRDA:277,30,1,24
BRDA:287,31,0,34
BRDA:287,31,1,338
BRDA:312,32,0,11
BRDA:312,32,1,4
BRDA:312,33,0,15
BRDA:312,33,1,11
BRDA:329,34,0,11
BRDA:329,34,1,4
BRDA:329,35,0,15
BRDA:329,35,1,11
BRDA:346,36,0,9
BRDA:346,36,1,7
BRF:74
BRH:68
end_of_record
TN:
SF:source\js\todo.js
FN:24,(anonymous_0)
FN:34,(anonymous_1)
FN:50,(anonymous_2)
FN:66,(anonymous_3)
FN:83,checkFields
FN:98,showTaskList
FN:112,(anonymous_6)
FN:118,(anonymous_7)
FN:152,addTask
FN:165,(anonymous_9)
FN:171,(anonymous_10)
FN:207,editRow
FN:226,rowDone
FN:245,openForm
FN:256,closeForm
FNF:15
FNH:10
FNDA:33,(anonymous_0)
FNDA:159,(anonymous_1)
FNDA:33,(anonymous_2)
FNDA:61,(anonymous_3)
FNDA:27,checkFields
FNDA:0,showTaskList
FNDA:0,(anonymous_6)
FNDA:0,(anonymous_7)
FNDA:21,addTask
FNDA:3,(anonymous_9)
FNDA:0,(anonymous_10)
FNDA:3,editRow
FNDA:0,rowDone
FNDA:33,openForm
FNDA:3,closeForm
DA:3,61
DA:4,61
DA:5,61
DA:11,61
DA:16,61
DA:17,61
DA:23,61
DA:24,61
DA:25,33
DA:26,0
DA:33,61
DA:34,61
DA:36,159
DA:37,2
DA:40,157
DA:41,2
DA:43,159
DA:49,61
DA:50,61
DA:52,33
DA:53,2
DA:56,31
DA:57,1
DA:59,33
DA:66,61
DA:68,61
DA:70,61
DA:71,0
DA:73,0
DA:76,61
DA:84,27
DA:88,21
DA:89,21
DA:91,6
DA:100,0
DA:102,0
DA:103,0
DA:104,0
DA:105,0
DA:109,0
DA:110,0
DA:111,0
DA:112,0
DA:115,0
DA:116,0
DA:117,0
DA:118,0
DA:122,0
DA:123,0
DA:124,0
DA:125,0
DA:126,0
DA:127,0
DA:128,0
DA:131,0
DA:132,0
DA:133,0
DA:134,0
DA:135,0
DA:138,0
DA:139,0
DA:143,0
DA:147,0
DA:155,21
DA:156,21
DA:157,21
DA:158,21
DA:162,21
DA:163,21
DA:164,21
DA:165,21
DA:168,21
DA:169,21
DA:170,21
DA:171,21
DA:174,21
DA:175,21
DA:176,21
DA:177,21
DA:178,21
DA:179,21
DA:180,21
DA:183,21
DA:184,21
DA:185,21
DA:186,21
DA:187,21
DA:188,21
DA:191,21
DA:199,21
DA:201,21
DA:209,3
DA:210,3
DA:212,3
DA:213,3
DA:214,3
DA:218,3
DA:228,0
DA:229,0
DA:232,0
DA:233,0
DA:234,0
DA:235,0
DA:239,0
DA:246,33
DA:247,33
DA:249,33
DA:250,33
DA:257,3
DA:259,61
LF:110
LH:71
BRDA:16,0,0,61
BRDA:16,0,1,0
BRDA:23,1,0,61
BRDA:23,1,1,0
BRDA:25,2,0,0
BRDA:25,2,1,33
BRDA:25,3,0,33
BRDA:25,3,1,33
BRDA:25,3,2,33
BRDA:33,4,0,61
BRDA:33,4,1,0
BRDA:36,5,0,2
BRDA:36,5,1,157
BRDA:40,6,0,2
BRDA:40,6,1,155
BRDA:49,7,0,61
BRDA:49,7,1,0
BRDA:52,8,0,2
BRDA:52,8,1,31
BRDA:56,9,0,1
BRDA:56,9,1,30
BRDA:70,10,0,0
BRDA:70,10,1,61
BRDA:84,11,0,21
BRDA:84,11,1,6
BRDA:84,12,0,27
BRDA:84,12,1,27
BRDA:84,12,2,21
BRDA:138,13,0,0
BRDA:138,13,1,0
BRDA:213,14,0,3
BRDA:213,14,1,0
BRDA:233,15,0,0
BRDA:233,15,1,0
BRF:34
BRH:23
end_of_record
