TN:
SF:source\js\popup.js
FN:4,(anonymous_0)
FN:8,(anonymous_1)
FN:13,(anonymous_2)
FN:22,(anonymous_3)
FN:27,(anonymous_4)
FN:37,(anonymous_5)
FN:44,(anonymous_6)
FN:49,(anonymous_7)
FNF:8
FNH:6
FNDA:0,(anonymous_0)
FNDA:0,(anonymous_1)
FNDA:20,(anonymous_2)
FNDA:1,(anonymous_3)
FNDA:17,(anonymous_4)
FNDA:76,(anonymous_5)
FNDA:6,(anonymous_6)
FNDA:2,(anonymous_7)
DA:4,32
DA:5,0
DA:8,32
DA:9,0
DA:13,32
DA:14,20
DA:15,20
DA:16,20
DA:17,20
DA:18,20
DA:19,20
DA:22,32
DA:23,1
DA:24,1
DA:27,32
DA:28,17
DA:29,17
DA:30,0
DA:31,17
DA:32,17
DA:33,17
DA:34,17
DA:37,32
DA:38,76
DA:39,0
DA:44,32
DA:45,6
DA:46,6
DA:49,32
DA:50,2
DA:51,2
LF:31
LH:27
BRDA:29,0,0,0
BRDA:29,0,1,17
BRDA:38,1,0,0
BRDA:38,1,1,76
BRF:4
BRH:2
end_of_record
TN:
SF:source\js\timer.js
FN:36,(anonymous_0)
FN:65,(anonymous_1)
FN:97,(anonymous_2)
FN:105,(anonymous_3)
FN:119,(anonymous_4)
FN:126,timer
FN:173,(anonymous_6)
FN:194,countdownDisplay
FN:205,updateHTML
FN:242,getRadioIndex
FN:255,getTaskId
FN:269,undoCheck
FNF:12
FNH:12
FNDA:37,(anonymous_0)
FNDA:4,(anonymous_1)
FNDA:8,(anonymous_2)
FNDA:4,(anonymous_3)
FNDA:2,(anonymous_4)
FNDA:92,timer
FNDA:19,(anonymous_6)
FNDA:262,countdownDisplay
FNDA:262,updateHTML
FNDA:37,getRadioIndex
FNDA:37,getTaskId
FNDA:25,undoCheck
DA:3,32
DA:4,32
DA:5,32
DA:6,32
DA:7,32
DA:8,32
DA:9,32
DA:10,32
DA:12,32
DA:13,32
DA:14,32
DA:15,32
DA:16,32
DA:18,32
DA:19,32
DA:20,32
DA:21,32
DA:22,32
DA:23,32
DA:24,32
DA:26,32
DA:30,32
DA:35,32
DA:36,32
DA:38,37
DA:39,37
DA:40,37
DA:42,37
DA:43,37
DA:44,37
DA:45,37
DA:46,37
DA:47,37
DA:48,37
DA:49,9
DA:50,9
DA:52,28
DA:54,37
DA:55,37
DA:56,9
DA:57,9
DA:58,9
DA:59,9
DA:64,32
DA:65,32
DA:66,4
DA:67,4
DA:68,4
DA:70,4
DA:71,4
DA:72,2
DA:73,2
DA:75,2
DA:77,4
DA:78,4
DA:79,4
DA:80,4
DA:81,4
DA:82,4
DA:83,4
DA:85,4
DA:86,4
DA:88,4
DA:89,4
DA:90,4
DA:91,4
DA:92,4
DA:96,32
DA:97,32
DA:98,8
DA:99,6
DA:100,6
DA:104,32
DA:105,32
DA:106,4
DA:107,4
DA:108,4
DA:109,4
DA:110,4
DA:111,4
DA:113,4
DA:115,4
DA:118,32
DA:119,32
DA:120,2
DA:121,2
DA:127,92
DA:128,92
DA:129,92
DA:130,38
DA:131,38
DA:132,38
DA:133,38
DA:134,21
DA:135,2
DA:136,2
DA:138,19
DA:140,21
DA:141,21
DA:142,21
DA:143,21
DA:144,3
DA:145,3
DA:146,3
DA:147,3
DA:148,3
DA:149,3
DA:150,4
DA:151,3
DA:152,3
DA:157,21
DA:158,21
DA:160,21
DA:161,21
DA:162,21
DA:164,17
DA:165,17
DA:166,17
DA:172,32
DA:173,32
DA:174,19
DA:175,19
DA:176,19
DA:177,19
DA:178,19
DA:179,19
DA:181,19
DA:182,17
DA:183,17
DA:185,19
DA:186,11
DA:187,19
DA:188,9
DA:195,262
DA:196,262
DA:197,262
DA:198,47
DA:199,215
DA:200,25
DA:201,262
DA:202,262
DA:206,262
DA:218,262
DA:220,23
DA:221,23
DA:223,23
DA:224,23
DA:225,23
DA:226,23
DA:227,23
DA:228,239
DA:230,4
DA:231,4
DA:233,4
DA:234,4
DA:235,4
DA:236,4
DA:237,4
DA:244,37
DA:245,37
DA:246,37
DA:248,13
DA:250,9
DA:257,37
DA:259,37
DA:260,37
DA:261,13
DA:263,9
DA:271,25
DA:272,25
DA:274,12
DA:276,7
DA:281,32
DA:283,32
DA:284,32
LF:175
LH:175
BRDA:35,0,0,32
BRDA:35,0,1,0
BRDA:48,1,0,9
BRDA:48,1,1,28
BRDA:55,2,0,9
BRDA:55,2,1,28
BRDA:64,3,0,32
BRDA:64,3,1,0
BRDA:71,4,0,2
BRDA:71,4,1,2
BRDA:80,5,0,4
BRDA:80,5,1,0
BRDA:91,6,0,4
BRDA:91,6,1,0
BRDA:96,7,0,32
BRDA:96,7,1,0
BRDA:98,8,0,6
BRDA:98,8,1,2
BRDA:104,9,0,32
BRDA:104,9,1,0
BRDA:118,10,0,32
BRDA:118,10,1,0
BRDA:129,11,0,38
BRDA:129,11,1,54
BRDA:133,12,0,21
BRDA:133,12,1,17
BRDA:134,13,0,2
BRDA:134,13,1,19
BRDA:143,14,0,3
BRDA:143,14,1,18
BRDA:148,15,0,3
BRDA:148,15,1,0
BRDA:150,16,0,3
BRDA:150,16,1,1
BRDA:172,17,0,32
BRDA:172,17,1,0
BRDA:181,18,0,17
BRDA:181,18,1,2
BRDA:185,19,0,11
BRDA:185,19,1,8
BRDA:187,20,0,9
BRDA:187,20,1,10
BRDA:196,21,0,225
BRDA:196,21,1,37
BRDA:197,22,0,47
BRDA:197,22,1,215
BRDA:197,23,0,262
BRDA:197,23,1,98
BRDA:199,24,0,25
BRDA:199,24,1,190
BRDA:199,25,0,215
BRDA:199,25,1,164
BRDA:202,26,0,240
BRDA:202,26,1,22
BRDA:218,27,0,23
BRDA:218,27,1,239
BRDA:218,28,0,262
BRDA:218,28,1,27
BRDA:228,29,0,4
BRDA:228,29,1,235
BRDA:228,30,0,239
BRDA:228,30,1,4
BRDA:248,31,0,9
BRDA:248,31,1,4
BRDA:261,32,0,9
BRDA:261,32,1,4
BRDA:274,33,0,7
BRDA:274,33,1,5
BRF:68
BRH:59
end_of_record
TN:
SF:source\js\todo.js
FN:20,(anonymous_0)
FN:28,(anonymous_1)
FN:40,(anonymous_2)
FN:51,(anonymous_3)
FN:61,checkFields
FN:72,showTaskList
FN:93,(anonymous_6)
FN:99,(anonymous_7)
FN:128,addTask
FN:141,(anonymous_9)
FN:147,(anonymous_10)
FN:181,editRow
FN:194,rowDone
FN:208,openForm
FN:216,closeForm
FNF:15
FNH:9
FNDA:20,(anonymous_0)
FNDA:101,(anonymous_1)
FNDA:20,(anonymous_2)
FNDA:32,(anonymous_3)
FNDA:10,checkFields
FNDA:0,showTaskList
FNDA:0,(anonymous_6)
FNDA:0,(anonymous_7)
FNDA:10,addTask
FNDA:2,(anonymous_9)
FNDA:0,(anonymous_10)
FNDA:2,editRow
FNDA:0,rowDone
FNDA:12,openForm
FNDA:0,closeForm
DA:3,32
DA:4,32
DA:5,32
DA:11,32
DA:14,32
DA:15,32
DA:19,32
DA:20,32
DA:21,20
DA:22,0
DA:27,32
DA:28,32
DA:29,101
DA:30,0
DA:32,101
DA:33,0
DA:35,101
DA:39,32
DA:40,32
DA:41,20
DA:42,0
DA:44,20
DA:45,0
DA:47,20
DA:51,32
DA:53,32
DA:54,32
DA:55,0
DA:56,0
DA:58,32
DA:63,10
DA:66,10
DA:67,10
DA:69,0
DA:74,0
DA:76,0
DA:77,0
DA:78,0
DA:79,0
DA:90,0
DA:91,0
DA:92,0
DA:93,0
DA:96,0
DA:97,0
DA:98,0
DA:99,0
DA:104,0
DA:105,0
DA:106,0
DA:107,0
DA:108,0
DA:109,0
DA:110,0
DA:113,0
DA:114,0
DA:115,0
DA:116,0
DA:117,0
DA:118,0
DA:119,0
DA:121,0
DA:125,0
DA:131,10
DA:132,10
DA:133,10
DA:134,10
DA:138,10
DA:139,10
DA:140,10
DA:141,10
DA:144,10
DA:145,10
DA:146,10
DA:147,10
DA:152,10
DA:153,10
DA:154,10
DA:155,10
DA:156,10
DA:157,10
DA:158,10
DA:161,10
DA:162,10
DA:163,10
DA:164,10
DA:165,10
DA:166,10
DA:168,10
DA:176,10
DA:178,10
DA:182,2
DA:183,2
DA:185,2
DA:186,2
DA:187,2
DA:190,2
DA:195,0
DA:196,0
DA:197,0
DA:198,0
DA:199,0
DA:200,0
DA:201,0
DA:204,0
DA:209,12
DA:210,12
DA:211,12
DA:212,12
DA:217,0
DA:219,32
LF:111
LH:65
BRDA:14,0,0,32
BRDA:14,0,1,0
BRDA:19,1,0,32
BRDA:19,1,1,0
BRDA:21,2,0,0
BRDA:21,2,1,20
BRDA:21,3,0,20
BRDA:21,3,1,20
BRDA:21,3,2,20
BRDA:27,4,0,32
BRDA:27,4,1,0
BRDA:29,5,0,0
BRDA:29,5,1,101
BRDA:32,6,0,0
BRDA:32,6,1,101
BRDA:39,7,0,32
BRDA:39,7,1,0
BRDA:41,8,0,0
BRDA:41,8,1,20
BRDA:44,9,0,0
BRDA:44,9,1,20
BRDA:54,10,0,0
BRDA:54,10,1,32
BRDA:63,11,0,10
BRDA:63,11,1,0
BRDA:63,12,0,10
BRDA:63,12,1,10
BRDA:63,12,2,10
BRDA:117,13,0,0
BRDA:117,13,1,0
BRDA:186,14,0,2
BRDA:186,14,1,0
BRDA:198,15,0,0
BRDA:198,15,1,0
BRF:34
BRH:18
end_of_record
