{
  "C:\\Users\\boo13\\CSE110\\cse110-w21-group16\\source\\js\\popup.js": {
    "path": "C:\\Users\\boo13\\CSE110\\cse110-w21-group16\\source\\js\\popup.js",
    "statementMap": {
      "0": {
        "start": {
          "line": 7,
          "column": 0
        },
        "end": {
          "line": 9,
          "column": 3
        }
      },
      "1": {
        "start": {
          "line": 8,
          "column": 1
        },
        "end": {
          "line": 8,
          "column": 64
        }
      },
      "2": {
        "start": {
          "line": 14,
          "column": 0
        },
        "end": {
          "line": 16,
          "column": 3
        }
      },
      "3": {
        "start": {
          "line": 15,
          "column": 1
        },
        "end": {
          "line": 15,
          "column": 64
        }
      },
      "4": {
        "start": {
          "line": 22,
          "column": 0
        },
        "end": {
          "line": 29,
          "column": 3
        }
      },
      "5": {
        "start": {
          "line": 23,
          "column": 1
        },
        "end": {
          "line": 23,
          "column": 45
        }
      },
      "6": {
        "start": {
          "line": 24,
          "column": 1
        },
        "end": {
          "line": 24,
          "column": 51
        }
      },
      "7": {
        "start": {
          "line": 25,
          "column": 1
        },
        "end": {
          "line": 25,
          "column": 50
        }
      },
      "8": {
        "start": {
          "line": 26,
          "column": 1
        },
        "end": {
          "line": 26,
          "column": 42
        }
      },
      "9": {
        "start": {
          "line": 27,
          "column": 1
        },
        "end": {
          "line": 27,
          "column": 66
        }
      },
      "10": {
        "start": {
          "line": 28,
          "column": 1
        },
        "end": {
          "line": 28,
          "column": 66
        }
      },
      "11": {
        "start": {
          "line": 34,
          "column": 0
        },
        "end": {
          "line": 37,
          "column": 3
        }
      },
      "12": {
        "start": {
          "line": 35,
          "column": 1
        },
        "end": {
          "line": 35,
          "column": 65
        }
      },
      "13": {
        "start": {
          "line": 36,
          "column": 1
        },
        "end": {
          "line": 36,
          "column": 69
        }
      },
      "14": {
        "start": {
          "line": 42,
          "column": 0
        },
        "end": {
          "line": 48,
          "column": 3
        }
      },
      "15": {
        "start": {
          "line": 43,
          "column": 16
        },
        "end": {
          "line": 43,
          "column": 54
        }
      },
      "16": {
        "start": {
          "line": 44,
          "column": 19
        },
        "end": {
          "line": 44,
          "column": 57
        }
      },
      "17": {
        "start": {
          "line": 45,
          "column": 18
        },
        "end": {
          "line": 45,
          "column": 55
        }
      },
      "18": {
        "start": {
          "line": 46,
          "column": 1
        },
        "end": {
          "line": 46,
          "column": 68
        }
      },
      "19": {
        "start": {
          "line": 47,
          "column": 1
        },
        "end": {
          "line": 47,
          "column": 71
        }
      },
      "20": {
        "start": {
          "line": 53,
          "column": 0
        },
        "end": {
          "line": 57,
          "column": 3
        }
      },
      "21": {
        "start": {
          "line": 54,
          "column": 4
        },
        "end": {
          "line": 56,
          "column": 2
        }
      },
      "22": {
        "start": {
          "line": 55,
          "column": 2
        },
        "end": {
          "line": 55,
          "column": 48
        }
      },
      "23": {
        "start": {
          "line": 63,
          "column": 0
        },
        "end": {
          "line": 66,
          "column": 3
        }
      },
      "24": {
        "start": {
          "line": 64,
          "column": 1
        },
        "end": {
          "line": 64,
          "column": 66
        }
      },
      "25": {
        "start": {
          "line": 65,
          "column": 1
        },
        "end": {
          "line": 65,
          "column": 62
        }
      },
      "26": {
        "start": {
          "line": 71,
          "column": 0
        },
        "end": {
          "line": 74,
          "column": 3
        }
      },
      "27": {
        "start": {
          "line": 72,
          "column": 1
        },
        "end": {
          "line": 72,
          "column": 65
        }
      },
      "28": {
        "start": {
          "line": 73,
          "column": 1
        },
        "end": {
          "line": 73,
          "column": 65
        }
      }
    },
    "fnMap": {
      "0": {
        "name": "(anonymous_0)",
        "decl": {
          "start": {
            "line": 7,
            "column": 58
          },
          "end": {
            "line": 7,
            "column": 59
          }
        },
        "loc": {
          "start": {
            "line": 7,
            "column": 64
          },
          "end": {
            "line": 9,
            "column": 1
          }
        },
        "line": 7
      },
      "1": {
        "name": "(anonymous_1)",
        "decl": {
          "start": {
            "line": 14,
            "column": 66
          },
          "end": {
            "line": 14,
            "column": 67
          }
        },
        "loc": {
          "start": {
            "line": 14,
            "column": 72
          },
          "end": {
            "line": 16,
            "column": 1
          }
        },
        "line": 14
      },
      "2": {
        "name": "(anonymous_2)",
        "decl": {
          "start": {
            "line": 22,
            "column": 62
          },
          "end": {
            "line": 22,
            "column": 63
          }
        },
        "loc": {
          "start": {
            "line": 22,
            "column": 68
          },
          "end": {
            "line": 29,
            "column": 1
          }
        },
        "line": 22
      },
      "3": {
        "name": "(anonymous_3)",
        "decl": {
          "start": {
            "line": 34,
            "column": 64
          },
          "end": {
            "line": 34,
            "column": 65
          }
        },
        "loc": {
          "start": {
            "line": 34,
            "column": 70
          },
          "end": {
            "line": 37,
            "column": 1
          }
        },
        "line": 34
      },
      "4": {
        "name": "(anonymous_4)",
        "decl": {
          "start": {
            "line": 42,
            "column": 59
          },
          "end": {
            "line": 42,
            "column": 60
          }
        },
        "loc": {
          "start": {
            "line": 42,
            "column": 65
          },
          "end": {
            "line": 48,
            "column": 1
          }
        },
        "line": 42
      },
      "5": {
        "name": "(anonymous_5)",
        "decl": {
          "start": {
            "line": 53,
            "column": 63
          },
          "end": {
            "line": 53,
            "column": 64
          }
        },
        "loc": {
          "start": {
            "line": 53,
            "column": 74
          },
          "end": {
            "line": 57,
            "column": 1
          }
        },
        "line": 53
      },
      "6": {
        "name": "(anonymous_6)",
        "decl": {
          "start": {
            "line": 63,
            "column": 62
          },
          "end": {
            "line": 63,
            "column": 63
          }
        },
        "loc": {
          "start": {
            "line": 63,
            "column": 68
          },
          "end": {
            "line": 66,
            "column": 1
          }
        },
        "line": 63
      },
      "7": {
        "name": "(anonymous_7)",
        "decl": {
          "start": {
            "line": 71,
            "column": 61
          },
          "end": {
            "line": 71,
            "column": 62
          }
        },
        "loc": {
          "start": {
            "line": 71,
            "column": 67
          },
          "end": {
            "line": 74,
            "column": 1
          }
        },
        "line": 71
      }
    },
    "branchMap": {
      "0": {
        "loc": {
          "start": {
            "line": 54,
            "column": 4
          },
          "end": {
            "line": 56,
            "column": 2
          }
        },
        "type": "if",
        "locations": [
          {
            "start": {
              "line": 54,
              "column": 4
            },
            "end": {
              "line": 56,
              "column": 2
            }
          },
          {
            "start": {
              "line": 54,
              "column": 4
            },
            "end": {
              "line": 56,
              "column": 2
            }
          }
        ],
        "line": 54
      }
    },
    "s": {
      "0": 61,
      "1": 4,
      "2": 61,
      "3": 2,
      "4": 61,
      "5": 28,
      "6": 28,
      "7": 28,
      "8": 28,
      "9": 28,
      "10": 28,
      "11": 61,
      "12": 5,
      "13": 5,
      "14": 61,
      "15": 20,
      "16": 20,
      "17": 20,
      "18": 20,
      "19": 20,
      "20": 61,
      "21": 86,
      "22": 2,
      "23": 61,
      "24": 8,
      "25": 8,
      "26": 61,
      "27": 2,
      "28": 2
    },
    "f": {
      "0": 4,
      "1": 2,
      "2": 28,
      "3": 5,
      "4": 20,
      "5": 86,
      "6": 8,
      "7": 2
    },
    "b": {
      "0": [
        2,
        84
      ]
    },
    "_coverageSchema": "1a1c01bbd47fc00a2c39e90264f33305004495a9",
    "hash": "34bdc5d8934e286893b1c478cc6b99f0d62006c5"
  },
  "C:\\Users\\boo13\\CSE110\\cse110-w21-group16\\source\\js\\timer.js": {
    "path": "C:\\Users\\boo13\\CSE110\\cse110-w21-group16\\source\\js\\timer.js",
    "statementMap": {
      "0": {
        "start": {
          "line": 3,
          "column": 16
        },
        "end": {
          "line": 3,
          "column": 17
        }
      },
      "1": {
        "start": {
          "line": 4,
          "column": 22
        },
        "end": {
          "line": 4,
          "column": 26
        }
      },
      "2": {
        "start": {
          "line": 5,
          "column": 22
        },
        "end": {
          "line": 5,
          "column": 24
        }
      },
      "3": {
        "start": {
          "line": 6,
          "column": 20
        },
        "end": {
          "line": 6,
          "column": 21
        }
      },
      "4": {
        "start": {
          "line": 7,
          "column": 26
        },
        "end": {
          "line": 7,
          "column": 27
        }
      },
      "5": {
        "start": {
          "line": 8,
          "column": 25
        },
        "end": {
          "line": 8,
          "column": 27
        }
      },
      "6": {
        "start": {
          "line": 9,
          "column": 14
        },
        "end": {
          "line": 9,
          "column": 18
        }
      },
      "7": {
        "start": {
          "line": 10,
          "column": 20
        },
        "end": {
          "line": 10,
          "column": 21
        }
      },
      "8": {
        "start": {
          "line": 12,
          "column": 16
        },
        "end": {
          "line": 12,
          "column": 21
        }
      },
      "9": {
        "start": {
          "line": 13,
          "column": 22
        },
        "end": {
          "line": 13,
          "column": 54
        }
      },
      "10": {
        "start": {
          "line": 14,
          "column": 14
        },
        "end": {
          "line": 14,
          "column": 54
        }
      },
      "11": {
        "start": {
          "line": 15,
          "column": 18
        },
        "end": {
          "line": 15,
          "column": 55
        }
      },
      "12": {
        "start": {
          "line": 16,
          "column": 15
        },
        "end": {
          "line": 16,
          "column": 17
        }
      },
      "13": {
        "start": {
          "line": 18,
          "column": 14
        },
        "end": {
          "line": 18,
          "column": 49
        }
      },
      "14": {
        "start": {
          "line": 19,
          "column": 15
        },
        "end": {
          "line": 19,
          "column": 46
        }
      },
      "15": {
        "start": {
          "line": 20,
          "column": 15
        },
        "end": {
          "line": 20,
          "column": 51
        }
      },
      "16": {
        "start": {
          "line": 21,
          "column": 12
        },
        "end": {
          "line": 21,
          "column": 44
        }
      },
      "17": {
        "start": {
          "line": 22,
          "column": 10
        },
        "end": {
          "line": 22,
          "column": 44
        }
      },
      "18": {
        "start": {
          "line": 23,
          "column": 9
        },
        "end": {
          "line": 23,
          "column": 42
        }
      },
      "19": {
        "start": {
          "line": 24,
          "column": 15
        },
        "end": {
          "line": 24,
          "column": 49
        }
      },
      "20": {
        "start": {
          "line": 26,
          "column": 14
        },
        "end": {
          "line": 26,
          "column": 49
        }
      },
      "21": {
        "start": {
          "line": 30,
          "column": 14
        },
        "end": {
          "line": 30,
          "column": 46
        }
      },
      "22": {
        "start": {
          "line": 39,
          "column": 0
        },
        "end": {
          "line": 76,
          "column": 1
        }
      },
      "23": {
        "start": {
          "line": 41,
          "column": 2
        },
        "end": {
          "line": 75,
          "column": 5
        }
      },
      "24": {
        "start": {
          "line": 42,
          "column": 2
        },
        "end": {
          "line": 42,
          "column": 53
        }
      },
      "25": {
        "start": {
          "line": 44,
          "column": 2
        },
        "end": {
          "line": 44,
          "column": 33
        }
      },
      "26": {
        "start": {
          "line": 45,
          "column": 2
        },
        "end": {
          "line": 45,
          "column": 34
        }
      },
      "27": {
        "start": {
          "line": 47,
          "column": 2
        },
        "end": {
          "line": 47,
          "column": 19
        }
      },
      "28": {
        "start": {
          "line": 49,
          "column": 2
        },
        "end": {
          "line": 49,
          "column": 27
        }
      },
      "29": {
        "start": {
          "line": 50,
          "column": 2
        },
        "end": {
          "line": 50,
          "column": 39
        }
      },
      "30": {
        "start": {
          "line": 52,
          "column": 2
        },
        "end": {
          "line": 52,
          "column": 57
        }
      },
      "31": {
        "start": {
          "line": 54,
          "column": 2
        },
        "end": {
          "line": 54,
          "column": 37
        }
      },
      "32": {
        "start": {
          "line": 56,
          "column": 2
        },
        "end": {
          "line": 56,
          "column": 32
        }
      },
      "33": {
        "start": {
          "line": 58,
          "column": 2
        },
        "end": {
          "line": 65,
          "column": 3
        }
      },
      "34": {
        "start": {
          "line": 60,
          "column": 4
        },
        "end": {
          "line": 60,
          "column": 87
        }
      },
      "35": {
        "start": {
          "line": 62,
          "column": 4
        },
        "end": {
          "line": 62,
          "column": 89
        }
      },
      "36": {
        "start": {
          "line": 64,
          "column": 4
        },
        "end": {
          "line": 64,
          "column": 18
        }
      },
      "37": {
        "start": {
          "line": 67,
          "column": 4
        },
        "end": {
          "line": 67,
          "column": 57
        }
      },
      "38": {
        "start": {
          "line": 69,
          "column": 4
        },
        "end": {
          "line": 74,
          "column": 5
        }
      },
      "39": {
        "start": {
          "line": 70,
          "column": 25
        },
        "end": {
          "line": 70,
          "column": 69
        }
      },
      "40": {
        "start": {
          "line": 71,
          "column": 6
        },
        "end": {
          "line": 71,
          "column": 64
        }
      },
      "41": {
        "start": {
          "line": 72,
          "column": 26
        },
        "end": {
          "line": 72,
          "column": 65
        }
      },
      "42": {
        "start": {
          "line": 73,
          "column": 6
        },
        "end": {
          "line": 73,
          "column": 43
        }
      },
      "43": {
        "start": {
          "line": 82,
          "column": 0
        },
        "end": {
          "line": 123,
          "column": 1
        }
      },
      "44": {
        "start": {
          "line": 83,
          "column": 2
        },
        "end": {
          "line": 122,
          "column": 5
        }
      },
      "45": {
        "start": {
          "line": 84,
          "column": 4
        },
        "end": {
          "line": 84,
          "column": 68
        }
      },
      "46": {
        "start": {
          "line": 85,
          "column": 4
        },
        "end": {
          "line": 85,
          "column": 68
        }
      },
      "47": {
        "start": {
          "line": 86,
          "column": 4
        },
        "end": {
          "line": 86,
          "column": 29
        }
      },
      "48": {
        "start": {
          "line": 87,
          "column": 4
        },
        "end": {
          "line": 87,
          "column": 17
        }
      },
      "49": {
        "start": {
          "line": 89,
          "column": 4
        },
        "end": {
          "line": 96,
          "column": 5
        }
      },
      "50": {
        "start": {
          "line": 90,
          "column": 6
        },
        "end": {
          "line": 90,
          "column": 41
        }
      },
      "51": {
        "start": {
          "line": 91,
          "column": 6
        },
        "end": {
          "line": 91,
          "column": 24
        }
      },
      "52": {
        "start": {
          "line": 95,
          "column": 6
        },
        "end": {
          "line": 95,
          "column": 42
        }
      },
      "53": {
        "start": {
          "line": 97,
          "column": 4
        },
        "end": {
          "line": 97,
          "column": 51
        }
      },
      "54": {
        "start": {
          "line": 98,
          "column": 4
        },
        "end": {
          "line": 98,
          "column": 20
        }
      },
      "55": {
        "start": {
          "line": 99,
          "column": 4
        },
        "end": {
          "line": 99,
          "column": 22
        }
      },
      "56": {
        "start": {
          "line": 102,
          "column": 4
        },
        "end": {
          "line": 102,
          "column": 13
        }
      },
      "57": {
        "start": {
          "line": 103,
          "column": 4
        },
        "end": {
          "line": 103,
          "column": 87
        }
      },
      "58": {
        "start": {
          "line": 104,
          "column": 4
        },
        "end": {
          "line": 104,
          "column": 20
        }
      },
      "59": {
        "start": {
          "line": 106,
          "column": 4
        },
        "end": {
          "line": 106,
          "column": 25
        }
      },
      "60": {
        "start": {
          "line": 108,
          "column": 4
        },
        "end": {
          "line": 108,
          "column": 41
        }
      },
      "61": {
        "start": {
          "line": 110,
          "column": 4
        },
        "end": {
          "line": 110,
          "column": 67
        }
      },
      "62": {
        "start": {
          "line": 111,
          "column": 4
        },
        "end": {
          "line": 111,
          "column": 60
        }
      },
      "63": {
        "start": {
          "line": 112,
          "column": 4
        },
        "end": {
          "line": 112,
          "column": 86
        }
      },
      "64": {
        "start": {
          "line": 114,
          "column": 21
        },
        "end": {
          "line": 114,
          "column": 65
        }
      },
      "65": {
        "start": {
          "line": 115,
          "column": 4
        },
        "end": {
          "line": 121,
          "column": 5
        }
      },
      "66": {
        "start": {
          "line": 115,
          "column": 16
        },
        "end": {
          "line": 115,
          "column": 17
        }
      },
      "67": {
        "start": {
          "line": 116,
          "column": 6
        },
        "end": {
          "line": 120,
          "column": 7
        }
      },
      "68": {
        "start": {
          "line": 117,
          "column": 10
        },
        "end": {
          "line": 117,
          "column": 40
        }
      },
      "69": {
        "start": {
          "line": 118,
          "column": 10
        },
        "end": {
          "line": 118,
          "column": 40
        }
      },
      "70": {
        "start": {
          "line": 119,
          "column": 10
        },
        "end": {
          "line": 119,
          "column": 71
        }
      },
      "71": {
        "start": {
          "line": 128,
          "column": 0
        },
        "end": {
          "line": 136,
          "column": 1
        }
      },
      "72": {
        "start": {
          "line": 129,
          "column": 2
        },
        "end": {
          "line": 135,
          "column": 5
        }
      },
      "73": {
        "start": {
          "line": 131,
          "column": 4
        },
        "end": {
          "line": 134,
          "column": 5
        }
      },
      "74": {
        "start": {
          "line": 132,
          "column": 4
        },
        "end": {
          "line": 132,
          "column": 36
        }
      },
      "75": {
        "start": {
          "line": 133,
          "column": 2
        },
        "end": {
          "line": 133,
          "column": 38
        }
      },
      "76": {
        "start": {
          "line": 141,
          "column": 0
        },
        "end": {
          "line": 154,
          "column": 1
        }
      },
      "77": {
        "start": {
          "line": 142,
          "column": 2
        },
        "end": {
          "line": 153,
          "column": 5
        }
      },
      "78": {
        "start": {
          "line": 144,
          "column": 4
        },
        "end": {
          "line": 144,
          "column": 29
        }
      },
      "79": {
        "start": {
          "line": 145,
          "column": 4
        },
        "end": {
          "line": 145,
          "column": 53
        }
      },
      "80": {
        "start": {
          "line": 146,
          "column": 4
        },
        "end": {
          "line": 146,
          "column": 18
        }
      },
      "81": {
        "start": {
          "line": 147,
          "column": 4
        },
        "end": {
          "line": 147,
          "column": 19
        }
      },
      "82": {
        "start": {
          "line": 148,
          "column": 4
        },
        "end": {
          "line": 148,
          "column": 41
        }
      },
      "83": {
        "start": {
          "line": 150,
          "column": 4
        },
        "end": {
          "line": 150,
          "column": 35
        }
      },
      "84": {
        "start": {
          "line": 152,
          "column": 4
        },
        "end": {
          "line": 152,
          "column": 43
        }
      },
      "85": {
        "start": {
          "line": 158,
          "column": 0
        },
        "end": {
          "line": 164,
          "column": 1
        }
      },
      "86": {
        "start": {
          "line": 159,
          "column": 2
        },
        "end": {
          "line": 163,
          "column": 5
        }
      },
      "87": {
        "start": {
          "line": 160,
          "column": 4
        },
        "end": {
          "line": 160,
          "column": 35
        }
      },
      "88": {
        "start": {
          "line": 162,
          "column": 4
        },
        "end": {
          "line": 162,
          "column": 43
        }
      },
      "89": {
        "start": {
          "line": 176,
          "column": 2
        },
        "end": {
          "line": 176,
          "column": 21
        }
      },
      "90": {
        "start": {
          "line": 178,
          "column": 2
        },
        "end": {
          "line": 229,
          "column": 3
        }
      },
      "91": {
        "start": {
          "line": 179,
          "column": 4
        },
        "end": {
          "line": 179,
          "column": 29
        }
      },
      "92": {
        "start": {
          "line": 180,
          "column": 4
        },
        "end": {
          "line": 180,
          "column": 26
        }
      },
      "93": {
        "start": {
          "line": 182,
          "column": 4
        },
        "end": {
          "line": 182,
          "column": 17
        }
      },
      "94": {
        "start": {
          "line": 184,
          "column": 4
        },
        "end": {
          "line": 228,
          "column": 5
        }
      },
      "95": {
        "start": {
          "line": 186,
          "column": 6
        },
        "end": {
          "line": 194,
          "column": 7
        }
      },
      "96": {
        "start": {
          "line": 187,
          "column": 8
        },
        "end": {
          "line": 187,
          "column": 43
        }
      },
      "97": {
        "start": {
          "line": 189,
          "column": 8
        },
        "end": {
          "line": 189,
          "column": 26
        }
      },
      "98": {
        "start": {
          "line": 193,
          "column": 8
        },
        "end": {
          "line": 193,
          "column": 44
        }
      },
      "99": {
        "start": {
          "line": 195,
          "column": 6
        },
        "end": {
          "line": 195,
          "column": 53
        }
      },
      "100": {
        "start": {
          "line": 196,
          "column": 6
        },
        "end": {
          "line": 196,
          "column": 22
        }
      },
      "101": {
        "start": {
          "line": 197,
          "column": 6
        },
        "end": {
          "line": 197,
          "column": 24
        }
      },
      "102": {
        "start": {
          "line": 200,
          "column": 6
        },
        "end": {
          "line": 213,
          "column": 7
        }
      },
      "103": {
        "start": {
          "line": 202,
          "column": 8
        },
        "end": {
          "line": 202,
          "column": 17
        }
      },
      "104": {
        "start": {
          "line": 203,
          "column": 8
        },
        "end": {
          "line": 203,
          "column": 91
        }
      },
      "105": {
        "start": {
          "line": 206,
          "column": 25
        },
        "end": {
          "line": 206,
          "column": 69
        }
      },
      "106": {
        "start": {
          "line": 207,
          "column": 8
        },
        "end": {
          "line": 212,
          "column": 9
        }
      },
      "107": {
        "start": {
          "line": 207,
          "column": 20
        },
        "end": {
          "line": 207,
          "column": 21
        }
      },
      "108": {
        "start": {
          "line": 208,
          "column": 10
        },
        "end": {
          "line": 211,
          "column": 11
        }
      },
      "109": {
        "start": {
          "line": 209,
          "column": 12
        },
        "end": {
          "line": 209,
          "column": 42
        }
      },
      "110": {
        "start": {
          "line": 210,
          "column": 12
        },
        "end": {
          "line": 210,
          "column": 73
        }
      },
      "111": {
        "start": {
          "line": 215,
          "column": 6
        },
        "end": {
          "line": 215,
          "column": 23
        }
      },
      "112": {
        "start": {
          "line": 217,
          "column": 6
        },
        "end": {
          "line": 217,
          "column": 43
        }
      },
      "113": {
        "start": {
          "line": 219,
          "column": 6
        },
        "end": {
          "line": 219,
          "column": 69
        }
      },
      "114": {
        "start": {
          "line": 220,
          "column": 6
        },
        "end": {
          "line": 220,
          "column": 62
        }
      },
      "115": {
        "start": {
          "line": 221,
          "column": 6
        },
        "end": {
          "line": 221,
          "column": 27
        }
      },
      "116": {
        "start": {
          "line": 225,
          "column": 6
        },
        "end": {
          "line": 225,
          "column": 55
        }
      },
      "117": {
        "start": {
          "line": 226,
          "column": 6
        },
        "end": {
          "line": 226,
          "column": 21
        }
      },
      "118": {
        "start": {
          "line": 227,
          "column": 6
        },
        "end": {
          "line": 227,
          "column": 60
        }
      },
      "119": {
        "start": {
          "line": 235,
          "column": 0
        },
        "end": {
          "line": 254,
          "column": 1
        }
      },
      "120": {
        "start": {
          "line": 236,
          "column": 2
        },
        "end": {
          "line": 253,
          "column": 5
        }
      },
      "121": {
        "start": {
          "line": 237,
          "column": 4
        },
        "end": {
          "line": 237,
          "column": 27
        }
      },
      "122": {
        "start": {
          "line": 238,
          "column": 4
        },
        "end": {
          "line": 238,
          "column": 68
        }
      },
      "123": {
        "start": {
          "line": 239,
          "column": 4
        },
        "end": {
          "line": 239,
          "column": 72
        }
      },
      "124": {
        "start": {
          "line": 241,
          "column": 16
        },
        "end": {
          "line": 241,
          "column": 54
        }
      },
      "125": {
        "start": {
          "line": 242,
          "column": 22
        },
        "end": {
          "line": 242,
          "column": 66
        }
      },
      "126": {
        "start": {
          "line": 243,
          "column": 21
        },
        "end": {
          "line": 243,
          "column": 64
        }
      },
      "127": {
        "start": {
          "line": 245,
          "column": 4
        },
        "end": {
          "line": 248,
          "column": 5
        }
      },
      "128": {
        "start": {
          "line": 246,
          "column": 2
        },
        "end": {
          "line": 246,
          "column": 72
        }
      },
      "129": {
        "start": {
          "line": 247,
          "column": 2
        },
        "end": {
          "line": 247,
          "column": 63
        }
      },
      "130": {
        "start": {
          "line": 249,
          "column": 4
        },
        "end": {
          "line": 250,
          "column": 83
        }
      },
      "131": {
        "start": {
          "line": 250,
          "column": 6
        },
        "end": {
          "line": 250,
          "column": 83
        }
      },
      "132": {
        "start": {
          "line": 251,
          "column": 4
        },
        "end": {
          "line": 252,
          "column": 80
        }
      },
      "133": {
        "start": {
          "line": 252,
          "column": 6
        },
        "end": {
          "line": 252,
          "column": 80
        }
      },
      "134": {
        "start": {
          "line": 262,
          "column": 24
        },
        "end": {
          "line": 262,
          "column": 56
        }
      },
      "135": {
        "start": {
          "line": 264,
          "column": 14
        },
        "end": {
          "line": 264,
          "column": 90
        }
      },
      "136": {
        "start": {
          "line": 265,
          "column": 11
        },
        "end": {
          "line": 265,
          "column": 40
        }
      },
      "137": {
        "start": {
          "line": 266,
          "column": 2
        },
        "end": {
          "line": 273,
          "column": 3
        }
      },
      "138": {
        "start": {
          "line": 267,
          "column": 2
        },
        "end": {
          "line": 268,
          "column": 23
        }
      },
      "139": {
        "start": {
          "line": 268,
          "column": 3
        },
        "end": {
          "line": 268,
          "column": 23
        }
      },
      "140": {
        "start": {
          "line": 269,
          "column": 9
        },
        "end": {
          "line": 273,
          "column": 3
        }
      },
      "141": {
        "start": {
          "line": 270,
          "column": 2
        },
        "end": {
          "line": 270,
          "column": 25
        }
      },
      "142": {
        "start": {
          "line": 271,
          "column": 9
        },
        "end": {
          "line": 273,
          "column": 3
        }
      },
      "143": {
        "start": {
          "line": 272,
          "column": 4
        },
        "end": {
          "line": 272,
          "column": 39
        }
      },
      "144": {
        "start": {
          "line": 275,
          "column": 26
        },
        "end": {
          "line": 275,
          "column": 46
        }
      },
      "145": {
        "start": {
          "line": 277,
          "column": 2
        },
        "end": {
          "line": 277,
          "column": 134
        }
      },
      "146": {
        "start": {
          "line": 284,
          "column": 2
        },
        "end": {
          "line": 284,
          "column": 21
        }
      },
      "147": {
        "start": {
          "line": 287,
          "column": 2
        },
        "end": {
          "line": 298,
          "column": 3
        }
      },
      "148": {
        "start": {
          "line": 288,
          "column": 4
        },
        "end": {
          "line": 288,
          "column": 58
        }
      },
      "149": {
        "start": {
          "line": 290,
          "column": 4
        },
        "end": {
          "line": 290,
          "column": 35
        }
      },
      "150": {
        "start": {
          "line": 291,
          "column": 4
        },
        "end": {
          "line": 291,
          "column": 43
        }
      },
      "151": {
        "start": {
          "line": 293,
          "column": 4
        },
        "end": {
          "line": 293,
          "column": 36
        }
      },
      "152": {
        "start": {
          "line": 294,
          "column": 4
        },
        "end": {
          "line": 294,
          "column": 37
        }
      },
      "153": {
        "start": {
          "line": 296,
          "column": 24
        },
        "end": {
          "line": 296,
          "column": 63
        }
      },
      "154": {
        "start": {
          "line": 297,
          "column": 4
        },
        "end": {
          "line": 297,
          "column": 41
        }
      },
      "155": {
        "start": {
          "line": 307,
          "column": 17
        },
        "end": {
          "line": 307,
          "column": 49
        }
      },
      "156": {
        "start": {
          "line": 308,
          "column": 19
        },
        "end": {
          "line": 308,
          "column": 63
        }
      },
      "157": {
        "start": {
          "line": 310,
          "column": 2
        },
        "end": {
          "line": 316,
          "column": 3
        }
      },
      "158": {
        "start": {
          "line": 310,
          "column": 15
        },
        "end": {
          "line": 310,
          "column": 16
        }
      },
      "159": {
        "start": {
          "line": 312,
          "column": 6
        },
        "end": {
          "line": 315,
          "column": 7
        }
      },
      "160": {
        "start": {
          "line": 314,
          "column": 8
        },
        "end": {
          "line": 314,
          "column": 17
        }
      },
      "161": {
        "start": {
          "line": 325,
          "column": 19
        },
        "end": {
          "line": 325,
          "column": 51
        }
      },
      "162": {
        "start": {
          "line": 326,
          "column": 21
        },
        "end": {
          "line": 326,
          "column": 65
        }
      },
      "163": {
        "start": {
          "line": 328,
          "column": 4
        },
        "end": {
          "line": 334,
          "column": 5
        }
      },
      "164": {
        "start": {
          "line": 328,
          "column": 17
        },
        "end": {
          "line": 328,
          "column": 18
        }
      },
      "165": {
        "start": {
          "line": 328,
          "column": 24
        },
        "end": {
          "line": 328,
          "column": 39
        }
      },
      "166": {
        "start": {
          "line": 329,
          "column": 8
        },
        "end": {
          "line": 333,
          "column": 9
        }
      },
      "167": {
        "start": {
          "line": 332,
          "column": 10
        },
        "end": {
          "line": 332,
          "column": 32
        }
      },
      "168": {
        "start": {
          "line": 343,
          "column": 19
        },
        "end": {
          "line": 343,
          "column": 51
        }
      },
      "169": {
        "start": {
          "line": 344,
          "column": 4
        },
        "end": {
          "line": 351,
          "column": 5
        }
      },
      "170": {
        "start": {
          "line": 344,
          "column": 17
        },
        "end": {
          "line": 344,
          "column": 18
        }
      },
      "171": {
        "start": {
          "line": 344,
          "column": 24
        },
        "end": {
          "line": 344,
          "column": 39
        }
      },
      "172": {
        "start": {
          "line": 346,
          "column": 8
        },
        "end": {
          "line": 350,
          "column": 9
        }
      },
      "173": {
        "start": {
          "line": 349,
          "column": 10
        },
        "end": {
          "line": 349,
          "column": 38
        }
      },
      "174": {
        "start": {
          "line": 354,
          "column": 0
        },
        "end": {
          "line": 354,
          "column": 37
        }
      },
      "175": {
        "start": {
          "line": 356,
          "column": 0
        },
        "end": {
          "line": 356,
          "column": 30
        }
      },
      "176": {
        "start": {
          "line": 357,
          "column": 0
        },
        "end": {
          "line": 357,
          "column": 29
        }
      }
    },
    "fnMap": {
      "0": {
        "name": "(anonymous_0)",
        "decl": {
          "start": {
            "line": 41,
            "column": 65
          },
          "end": {
            "line": 41,
            "column": 66
          }
        },
        "loc": {
          "start": {
            "line": 41,
            "column": 71
          },
          "end": {
            "line": 75,
            "column": 3
          }
        },
        "line": 41
      },
      "1": {
        "name": "(anonymous_1)",
        "decl": {
          "start": {
            "line": 83,
            "column": 64
          },
          "end": {
            "line": 83,
            "column": 65
          }
        },
        "loc": {
          "start": {
            "line": 83,
            "column": 70
          },
          "end": {
            "line": 122,
            "column": 3
          }
        },
        "line": 83
      },
      "2": {
        "name": "(anonymous_2)",
        "decl": {
          "start": {
            "line": 129,
            "column": 34
          },
          "end": {
            "line": 129,
            "column": 35
          }
        },
        "loc": {
          "start": {
            "line": 129,
            "column": 40
          },
          "end": {
            "line": 135,
            "column": 3
          }
        },
        "line": 129
      },
      "3": {
        "name": "(anonymous_3)",
        "decl": {
          "start": {
            "line": 142,
            "column": 32
          },
          "end": {
            "line": 142,
            "column": 33
          }
        },
        "loc": {
          "start": {
            "line": 142,
            "column": 37
          },
          "end": {
            "line": 153,
            "column": 3
          }
        },
        "line": 142
      },
      "4": {
        "name": "(anonymous_4)",
        "decl": {
          "start": {
            "line": 159,
            "column": 31
          },
          "end": {
            "line": 159,
            "column": 32
          }
        },
        "loc": {
          "start": {
            "line": 159,
            "column": 36
          },
          "end": {
            "line": 163,
            "column": 3
          }
        },
        "line": 159
      },
      "5": {
        "name": "timer",
        "decl": {
          "start": {
            "line": 174,
            "column": 9
          },
          "end": {
            "line": 174,
            "column": 14
          }
        },
        "loc": {
          "start": {
            "line": 174,
            "column": 17
          },
          "end": {
            "line": 230,
            "column": 1
          }
        },
        "line": 174
      },
      "6": {
        "name": "(anonymous_6)",
        "decl": {
          "start": {
            "line": 236,
            "column": 38
          },
          "end": {
            "line": 236,
            "column": 39
          }
        },
        "loc": {
          "start": {
            "line": 236,
            "column": 44
          },
          "end": {
            "line": 253,
            "column": 3
          }
        },
        "line": 236
      },
      "7": {
        "name": "countdownDisplay",
        "decl": {
          "start": {
            "line": 260,
            "column": 9
          },
          "end": {
            "line": 260,
            "column": 25
          }
        },
        "loc": {
          "start": {
            "line": 260,
            "column": 28
          },
          "end": {
            "line": 278,
            "column": 1
          }
        },
        "line": 260
      },
      "8": {
        "name": "updateHTML",
        "decl": {
          "start": {
            "line": 283,
            "column": 9
          },
          "end": {
            "line": 283,
            "column": 19
          }
        },
        "loc": {
          "start": {
            "line": 283,
            "column": 22
          },
          "end": {
            "line": 299,
            "column": 1
          }
        },
        "line": 283
      },
      "9": {
        "name": "getRadioIndex",
        "decl": {
          "start": {
            "line": 305,
            "column": 9
          },
          "end": {
            "line": 305,
            "column": 22
          }
        },
        "loc": {
          "start": {
            "line": 306,
            "column": 0
          },
          "end": {
            "line": 317,
            "column": 1
          }
        },
        "line": 306
      },
      "10": {
        "name": "getTaskId",
        "decl": {
          "start": {
            "line": 323,
            "column": 9
          },
          "end": {
            "line": 323,
            "column": 18
          }
        },
        "loc": {
          "start": {
            "line": 324,
            "column": 0
          },
          "end": {
            "line": 335,
            "column": 1
          }
        },
        "line": 324
      },
      "11": {
        "name": "undoCheck",
        "decl": {
          "start": {
            "line": 341,
            "column": 9
          },
          "end": {
            "line": 341,
            "column": 18
          }
        },
        "loc": {
          "start": {
            "line": 342,
            "column": 0
          },
          "end": {
            "line": 352,
            "column": 1
          }
        },
        "line": 342
      }
    },
    "branchMap": {
      "0": {
        "loc": {
          "start": {
            "line": 39,
            "column": 0
          },
          "end": {
            "line": 76,
            "column": 1
          }
        },
        "type": "if",
        "locations": [
          {
            "start": {
              "line": 39,
              "column": 0
            },
            "end": {
              "line": 76,
              "column": 1
            }
          },
          {
            "start": {
              "line": 39,
              "column": 0
            },
            "end": {
              "line": 76,
              "column": 1
            }
          }
        ],
        "line": 39
      },
      "1": {
        "loc": {
          "start": {
            "line": 58,
            "column": 2
          },
          "end": {
            "line": 65,
            "column": 3
          }
        },
        "type": "if",
        "locations": [
          {
            "start": {
              "line": 58,
              "column": 2
            },
            "end": {
              "line": 65,
              "column": 3
            }
          },
          {
            "start": {
              "line": 58,
              "column": 2
            },
            "end": {
              "line": 65,
              "column": 3
            }
          }
        ],
        "line": 58
      },
      "2": {
        "loc": {
          "start": {
            "line": 69,
            "column": 4
          },
          "end": {
            "line": 74,
            "column": 5
          }
        },
        "type": "if",
        "locations": [
          {
            "start": {
              "line": 69,
              "column": 4
            },
            "end": {
              "line": 74,
              "column": 5
            }
          },
          {
            "start": {
              "line": 69,
              "column": 4
            },
            "end": {
              "line": 74,
              "column": 5
            }
          }
        ],
        "line": 69
      },
      "3": {
        "loc": {
          "start": {
            "line": 82,
            "column": 0
          },
          "end": {
            "line": 123,
            "column": 1
          }
        },
        "type": "if",
        "locations": [
          {
            "start": {
              "line": 82,
              "column": 0
            },
            "end": {
              "line": 123,
              "column": 1
            }
          },
          {
            "start": {
              "line": 82,
              "column": 0
            },
            "end": {
              "line": 123,
              "column": 1
            }
          }
        ],
        "line": 82
      },
      "4": {
        "loc": {
          "start": {
            "line": 89,
            "column": 4
          },
          "end": {
            "line": 96,
            "column": 5
          }
        },
        "type": "if",
        "locations": [
          {
            "start": {
              "line": 89,
              "column": 4
            },
            "end": {
              "line": 96,
              "column": 5
            }
          },
          {
            "start": {
              "line": 89,
              "column": 4
            },
            "end": {
              "line": 96,
              "column": 5
            }
          }
        ],
        "line": 89
      },
      "5": {
        "loc": {
          "start": {
            "line": 116,
            "column": 6
          },
          "end": {
            "line": 120,
            "column": 7
          }
        },
        "type": "if",
        "locations": [
          {
            "start": {
              "line": 116,
              "column": 6
            },
            "end": {
              "line": 120,
              "column": 7
            }
          },
          {
            "start": {
              "line": 116,
              "column": 6
            },
            "end": {
              "line": 120,
              "column": 7
            }
          }
        ],
        "line": 116
      },
      "6": {
        "loc": {
          "start": {
            "line": 128,
            "column": 0
          },
          "end": {
            "line": 136,
            "column": 1
          }
        },
        "type": "if",
        "locations": [
          {
            "start": {
              "line": 128,
              "column": 0
            },
            "end": {
              "line": 136,
              "column": 1
            }
          },
          {
            "start": {
              "line": 128,
              "column": 0
            },
            "end": {
              "line": 136,
              "column": 1
            }
          }
        ],
        "line": 128
      },
      "7": {
        "loc": {
          "start": {
            "line": 131,
            "column": 4
          },
          "end": {
            "line": 134,
            "column": 5
          }
        },
        "type": "if",
        "locations": [
          {
            "start": {
              "line": 131,
              "column": 4
            },
            "end": {
              "line": 134,
              "column": 5
            }
          },
          {
            "start": {
              "line": 131,
              "column": 4
            },
            "end": {
              "line": 134,
              "column": 5
            }
          }
        ],
        "line": 131
      },
      "8": {
        "loc": {
          "start": {
            "line": 141,
            "column": 0
          },
          "end": {
            "line": 154,
            "column": 1
          }
        },
        "type": "if",
        "locations": [
          {
            "start": {
              "line": 141,
              "column": 0
            },
            "end": {
              "line": 154,
              "column": 1
            }
          },
          {
            "start": {
              "line": 141,
              "column": 0
            },
            "end": {
              "line": 154,
              "column": 1
            }
          }
        ],
        "line": 141
      },
      "9": {
        "loc": {
          "start": {
            "line": 158,
            "column": 0
          },
          "end": {
            "line": 164,
            "column": 1
          }
        },
        "type": "if",
        "locations": [
          {
            "start": {
              "line": 158,
              "column": 0
            },
            "end": {
              "line": 164,
              "column": 1
            }
          },
          {
            "start": {
              "line": 158,
              "column": 0
            },
            "end": {
              "line": 164,
              "column": 1
            }
          }
        ],
        "line": 158
      },
      "10": {
        "loc": {
          "start": {
            "line": 178,
            "column": 2
          },
          "end": {
            "line": 229,
            "column": 3
          }
        },
        "type": "if",
        "locations": [
          {
            "start": {
              "line": 178,
              "column": 2
            },
            "end": {
              "line": 229,
              "column": 3
            }
          },
          {
            "start": {
              "line": 178,
              "column": 2
            },
            "end": {
              "line": 229,
              "column": 3
            }
          }
        ],
        "line": 178
      },
      "11": {
        "loc": {
          "start": {
            "line": 184,
            "column": 4
          },
          "end": {
            "line": 228,
            "column": 5
          }
        },
        "type": "if",
        "locations": [
          {
            "start": {
              "line": 184,
              "column": 4
            },
            "end": {
              "line": 228,
              "column": 5
            }
          },
          {
            "start": {
              "line": 184,
              "column": 4
            },
            "end": {
              "line": 228,
              "column": 5
            }
          }
        ],
        "line": 184
      },
      "12": {
        "loc": {
          "start": {
            "line": 186,
            "column": 6
          },
          "end": {
            "line": 194,
            "column": 7
          }
        },
        "type": "if",
        "locations": [
          {
            "start": {
              "line": 186,
              "column": 6
            },
            "end": {
              "line": 194,
              "column": 7
            }
          },
          {
            "start": {
              "line": 186,
              "column": 6
            },
            "end": {
              "line": 194,
              "column": 7
            }
          }
        ],
        "line": 186
      },
      "13": {
        "loc": {
          "start": {
            "line": 200,
            "column": 6
          },
          "end": {
            "line": 213,
            "column": 7
          }
        },
        "type": "if",
        "locations": [
          {
            "start": {
              "line": 200,
              "column": 6
            },
            "end": {
              "line": 213,
              "column": 7
            }
          },
          {
            "start": {
              "line": 200,
              "column": 6
            },
            "end": {
              "line": 213,
              "column": 7
            }
          }
        ],
        "line": 200
      },
      "14": {
        "loc": {
          "start": {
            "line": 208,
            "column": 10
          },
          "end": {
            "line": 211,
            "column": 11
          }
        },
        "type": "if",
        "locations": [
          {
            "start": {
              "line": 208,
              "column": 10
            },
            "end": {
              "line": 211,
              "column": 11
            }
          },
          {
            "start": {
              "line": 208,
              "column": 10
            },
            "end": {
              "line": 211,
              "column": 11
            }
          }
        ],
        "line": 208
      },
      "15": {
        "loc": {
          "start": {
            "line": 235,
            "column": 0
          },
          "end": {
            "line": 254,
            "column": 1
          }
        },
        "type": "if",
        "locations": [
          {
            "start": {
              "line": 235,
              "column": 0
            },
            "end": {
              "line": 254,
              "column": 1
            }
          },
          {
            "start": {
              "line": 235,
              "column": 0
            },
            "end": {
              "line": 254,
              "column": 1
            }
          }
        ],
        "line": 235
      },
      "16": {
        "loc": {
          "start": {
            "line": 245,
            "column": 4
          },
          "end": {
            "line": 248,
            "column": 5
          }
        },
        "type": "if",
        "locations": [
          {
            "start": {
              "line": 245,
              "column": 4
            },
            "end": {
              "line": 248,
              "column": 5
            }
          },
          {
            "start": {
              "line": 245,
              "column": 4
            },
            "end": {
              "line": 248,
              "column": 5
            }
          }
        ],
        "line": 245
      },
      "17": {
        "loc": {
          "start": {
            "line": 246,
            "column": 20
          },
          "end": {
            "line": 246,
            "column": 71
          }
        },
        "type": "cond-expr",
        "locations": [
          {
            "start": {
              "line": 246,
              "column": 48
            },
            "end": {
              "line": 246,
              "column": 66
            }
          },
          {
            "start": {
              "line": 246,
              "column": 70
            },
            "end": {
              "line": 246,
              "column": 71
            }
          }
        ],
        "line": 246
      },
      "18": {
        "loc": {
          "start": {
            "line": 247,
            "column": 20
          },
          "end": {
            "line": 247,
            "column": 62
          }
        },
        "type": "cond-expr",
        "locations": [
          {
            "start": {
              "line": 247,
              "column": 42
            },
            "end": {
              "line": 247,
              "column": 55
            }
          },
          {
            "start": {
              "line": 247,
              "column": 58
            },
            "end": {
              "line": 247,
              "column": 62
            }
          }
        ],
        "line": 247
      },
      "19": {
        "loc": {
          "start": {
            "line": 249,
            "column": 4
          },
          "end": {
            "line": 250,
            "column": 83
          }
        },
        "type": "if",
        "locations": [
          {
            "start": {
              "line": 249,
              "column": 4
            },
            "end": {
              "line": 250,
              "column": 83
            }
          },
          {
            "start": {
              "line": 249,
              "column": 4
            },
            "end": {
              "line": 250,
              "column": 83
            }
          }
        ],
        "line": 249
      },
      "20": {
        "loc": {
          "start": {
            "line": 250,
            "column": 28
          },
          "end": {
            "line": 250,
            "column": 82
          }
        },
        "type": "cond-expr",
        "locations": [
          {
            "start": {
              "line": 250,
              "column": 56
            },
            "end": {
              "line": 250,
              "column": 75
            }
          },
          {
            "start": {
              "line": 250,
              "column": 78
            },
            "end": {
              "line": 250,
              "column": 82
            }
          }
        ],
        "line": 250
      },
      "21": {
        "loc": {
          "start": {
            "line": 251,
            "column": 4
          },
          "end": {
            "line": 252,
            "column": 80
          }
        },
        "type": "if",
        "locations": [
          {
            "start": {
              "line": 251,
              "column": 4
            },
            "end": {
              "line": 252,
              "column": 80
            }
          },
          {
            "start": {
              "line": 251,
              "column": 4
            },
            "end": {
              "line": 252,
              "column": 80
            }
          }
        ],
        "line": 251
      },
      "22": {
        "loc": {
          "start": {
            "line": 252,
            "column": 27
          },
          "end": {
            "line": 252,
            "column": 79
          }
        },
        "type": "cond-expr",
        "locations": [
          {
            "start": {
              "line": 252,
              "column": 54
            },
            "end": {
              "line": 252,
              "column": 72
            }
          },
          {
            "start": {
              "line": 252,
              "column": 75
            },
            "end": {
              "line": 252,
              "column": 79
            }
          }
        ],
        "line": 252
      },
      "23": {
        "loc": {
          "start": {
            "line": 264,
            "column": 14
          },
          "end": {
            "line": 264,
            "column": 90
          }
        },
        "type": "cond-expr",
        "locations": [
          {
            "start": {
              "line": 264,
              "column": 32
            },
            "end": {
              "line": 264,
              "column": 53
            }
          },
          {
            "start": {
              "line": 264,
              "column": 56
            },
            "end": {
              "line": 264,
              "column": 90
            }
          }
        ],
        "line": 264
      },
      "24": {
        "loc": {
          "start": {
            "line": 266,
            "column": 2
          },
          "end": {
            "line": 273,
            "column": 3
          }
        },
        "type": "if",
        "locations": [
          {
            "start": {
              "line": 266,
              "column": 2
            },
            "end": {
              "line": 273,
              "column": 3
            }
          },
          {
            "start": {
              "line": 266,
              "column": 2
            },
            "end": {
              "line": 273,
              "column": 3
            }
          }
        ],
        "line": 266
      },
      "25": {
        "loc": {
          "start": {
            "line": 267,
            "column": 2
          },
          "end": {
            "line": 268,
            "column": 23
          }
        },
        "type": "if",
        "locations": [
          {
            "start": {
              "line": 267,
              "column": 2
            },
            "end": {
              "line": 268,
              "column": 23
            }
          },
          {
            "start": {
              "line": 267,
              "column": 2
            },
            "end": {
              "line": 268,
              "column": 23
            }
          }
        ],
        "line": 267
      },
      "26": {
        "loc": {
          "start": {
            "line": 269,
            "column": 9
          },
          "end": {
            "line": 273,
            "column": 3
          }
        },
        "type": "if",
        "locations": [
          {
            "start": {
              "line": 269,
              "column": 9
            },
            "end": {
              "line": 273,
              "column": 3
            }
          },
          {
            "start": {
              "line": 269,
              "column": 9
            },
            "end": {
              "line": 273,
              "column": 3
            }
          }
        ],
        "line": 269
      },
      "27": {
        "loc": {
          "start": {
            "line": 269,
            "column": 12
          },
          "end": {
            "line": 269,
            "column": 48
          }
        },
        "type": "binary-expr",
        "locations": [
          {
            "start": {
              "line": 269,
              "column": 12
            },
            "end": {
              "line": 269,
              "column": 21
            }
          },
          {
            "start": {
              "line": 269,
              "column": 25
            },
            "end": {
              "line": 269,
              "column": 48
            }
          }
        ],
        "line": 269
      },
      "28": {
        "loc": {
          "start": {
            "line": 271,
            "column": 9
          },
          "end": {
            "line": 273,
            "column": 3
          }
        },
        "type": "if",
        "locations": [
          {
            "start": {
              "line": 271,
              "column": 9
            },
            "end": {
              "line": 273,
              "column": 3
            }
          },
          {
            "start": {
              "line": 271,
              "column": 9
            },
            "end": {
              "line": 273,
              "column": 3
            }
          }
        ],
        "line": 271
      },
      "29": {
        "loc": {
          "start": {
            "line": 271,
            "column": 12
          },
          "end": {
            "line": 271,
            "column": 61
          }
        },
        "type": "binary-expr",
        "locations": [
          {
            "start": {
              "line": 271,
              "column": 12
            },
            "end": {
              "line": 271,
              "column": 22
            }
          },
          {
            "start": {
              "line": 271,
              "column": 26
            },
            "end": {
              "line": 271,
              "column": 61
            }
          }
        ],
        "line": 271
      },
      "30": {
        "loc": {
          "start": {
            "line": 277,
            "column": 78
          },
          "end": {
            "line": 277,
            "column": 111
          }
        },
        "type": "cond-expr",
        "locations": [
          {
            "start": {
              "line": 277,
              "column": 103
            },
            "end": {
              "line": 277,
              "column": 106
            }
          },
          {
            "start": {
              "line": 277,
              "column": 109
            },
            "end": {
              "line": 277,
              "column": 111
            }
          }
        ],
        "line": 277
      },
      "31": {
        "loc": {
          "start": {
            "line": 287,
            "column": 2
          },
          "end": {
            "line": 298,
            "column": 3
          }
        },
        "type": "if",
        "locations": [
          {
            "start": {
              "line": 287,
              "column": 2
            },
            "end": {
              "line": 298,
              "column": 3
            }
          },
          {
            "start": {
              "line": 287,
              "column": 2
            },
            "end": {
              "line": 298,
              "column": 3
            }
          }
        ],
        "line": 287
      },
      "32": {
        "loc": {
          "start": {
            "line": 312,
            "column": 6
          },
          "end": {
            "line": 315,
            "column": 7
          }
        },
        "type": "if",
        "locations": [
          {
            "start": {
              "line": 312,
              "column": 6
            },
            "end": {
              "line": 315,
              "column": 7
            }
          },
          {
            "start": {
              "line": 312,
              "column": 6
            },
            "end": {
              "line": 315,
              "column": 7
            }
          }
        ],
        "line": 312
      },
      "33": {
        "loc": {
          "start": {
            "line": 312,
            "column": 10
          },
          "end": {
            "line": 312,
            "column": 64
          }
        },
        "type": "binary-expr",
        "locations": [
          {
            "start": {
              "line": 312,
              "column": 10
            },
            "end": {
              "line": 312,
              "column": 29
            }
          },
          {
            "start": {
              "line": 312,
              "column": 33
            },
            "end": {
              "line": 312,
              "column": 64
            }
          }
        ],
        "line": 312
      },
      "34": {
        "loc": {
          "start": {
            "line": 329,
            "column": 8
          },
          "end": {
            "line": 333,
            "column": 9
          }
        },
        "type": "if",
        "locations": [
          {
            "start": {
              "line": 329,
              "column": 8
            },
            "end": {
              "line": 333,
              "column": 9
            }
          },
          {
            "start": {
              "line": 329,
              "column": 8
            },
            "end": {
              "line": 333,
              "column": 9
            }
          }
        ],
        "line": 329
      },
      "35": {
        "loc": {
          "start": {
            "line": 329,
            "column": 12
          },
          "end": {
            "line": 329,
            "column": 65
          }
        },
        "type": "binary-expr",
        "locations": [
          {
            "start": {
              "line": 329,
              "column": 12
            },
            "end": {
              "line": 329,
              "column": 31
            }
          },
          {
            "start": {
              "line": 329,
              "column": 35
            },
            "end": {
              "line": 329,
              "column": 65
            }
          }
        ],
        "line": 329
      },
      "36": {
        "loc": {
          "start": {
            "line": 346,
            "column": 8
          },
          "end": {
            "line": 350,
            "column": 9
          }
        },
        "type": "if",
        "locations": [
          {
            "start": {
              "line": 346,
              "column": 8
            },
            "end": {
              "line": 350,
              "column": 9
            }
          },
          {
            "start": {
              "line": 346,
              "column": 8
            },
            "end": {
              "line": 350,
              "column": 9
            }
          }
        ],
        "line": 346
      }
    },
    "s": {
      "0": 62,
      "1": 62,
      "2": 62,
      "3": 62,
      "4": 62,
      "5": 62,
      "6": 62,
      "7": 62,
      "8": 62,
      "9": 62,
      "10": 62,
      "11": 62,
      "12": 62,
      "13": 62,
      "14": 62,
      "15": 62,
      "16": 62,
      "17": 62,
      "18": 62,
      "19": 62,
      "20": 62,
      "21": 62,
      "22": 62,
      "23": 61,
      "24": 40,
      "25": 40,
      "26": 40,
      "27": 40,
      "28": 40,
      "29": 40,
      "30": 40,
      "31": 40,
      "32": 40,
      "33": 40,
      "34": 11,
      "35": 11,
      "36": 29,
      "37": 40,
      "38": 40,
      "39": 11,
      "40": 11,
      "41": 11,
      "42": 11,
      "43": 62,
      "44": 61,
      "45": 6,
      "46": 6,
      "47": 6,
      "48": 6,
      "49": 6,
      "50": 2,
      "51": 2,
      "52": 4,
      "53": 6,
      "54": 6,
      "55": 6,
      "56": 6,
      "57": 6,
      "58": 6,
      "59": 6,
      "60": 6,
      "61": 6,
      "62": 6,
      "63": 6,
      "64": 6,
      "65": 6,
      "66": 6,
      "67": 8,
      "68": 6,
      "69": 6,
      "70": 6,
      "71": 62,
      "72": 61,
      "73": 8,
      "74": 6,
      "75": 6,
      "76": 62,
      "77": 61,
      "78": 4,
      "79": 4,
      "80": 4,
      "81": 4,
      "82": 4,
      "83": 4,
      "84": 4,
      "85": 62,
      "86": 61,
      "87": 2,
      "88": 2,
      "89": 90,
      "90": 90,
      "91": 36,
      "92": 36,
      "93": 36,
      "94": 36,
      "95": 22,
      "96": 2,
      "97": 2,
      "98": 20,
      "99": 22,
      "100": 22,
      "101": 22,
      "102": 22,
      "103": 3,
      "104": 3,
      "105": 3,
      "106": 3,
      "107": 3,
      "108": 4,
      "109": 3,
      "110": 3,
      "111": 22,
      "112": 22,
      "113": 22,
      "114": 22,
      "115": 22,
      "116": 14,
      "117": 14,
      "118": 14,
      "119": 62,
      "120": 61,
      "121": 20,
      "122": 20,
      "123": 20,
      "124": 20,
      "125": 20,
      "126": 20,
      "127": 20,
      "128": 18,
      "129": 18,
      "130": 20,
      "131": 12,
      "132": 20,
      "133": 10,
      "134": 372,
      "135": 372,
      "136": 372,
      "137": 372,
      "138": 34,
      "139": 20,
      "140": 338,
      "141": 48,
      "142": 290,
      "143": 4,
      "144": 372,
      "145": 372,
      "146": 372,
      "147": 372,
      "148": 34,
      "149": 34,
      "150": 34,
      "151": 34,
      "152": 34,
      "153": 34,
      "154": 34,
      "155": 40,
      "156": 40,
      "157": 40,
      "158": 40,
      "159": 15,
      "160": 11,
      "161": 40,
      "162": 40,
      "163": 40,
      "164": 40,
      "165": 40,
      "166": 15,
      "167": 11,
      "168": 29,
      "169": 29,
      "170": 29,
      "171": 29,
      "172": 17,
      "173": 10,
      "174": 62,
      "175": 62,
      "176": 62
    },
    "f": {
      "0": 40,
      "1": 6,
      "2": 8,
      "3": 4,
      "4": 2,
      "5": 90,
      "6": 20,
      "7": 372,
      "8": 372,
      "9": 40,
      "10": 40,
      "11": 29
    },
    "b": {
      "0": [
        61,
        1
      ],
      "1": [
        11,
        29
      ],
      "2": [
        11,
        29
      ],
      "3": [
        61,
        1
      ],
      "4": [
        2,
        4
      ],
      "5": [
        6,
        2
      ],
      "6": [
        61,
        1
      ],
      "7": [
        6,
        2
      ],
      "8": [
        61,
        1
      ],
      "9": [
        61,
        1
      ],
      "10": [
        36,
        54
      ],
      "11": [
        22,
        14
      ],
      "12": [
        2,
        20
      ],
      "13": [
        3,
        19
      ],
      "14": [
        3,
        1
      ],
      "15": [
        61,
        1
      ],
      "16": [
        18,
        2
      ],
      "17": [
        6,
        12
      ],
      "18": [
        6,
        12
      ],
      "19": [
        12,
        8
      ],
      "20": [
        2,
        10
      ],
      "21": [
        10,
        10
      ],
      "22": [
        8,
        2
      ],
      "23": [
        317,
        55
      ],
      "24": [
        34,
        338
      ],
      "25": [
        20,
        14
      ],
      "26": [
        48,
        290
      ],
      "27": [
        338,
        134
      ],
      "28": [
        4,
        286
      ],
      "29": [
        290,
        204
      ],
      "30": [
        348,
        24
      ],
      "31": [
        34,
        338
      ],
      "32": [
        11,
        4
      ],
      "33": [
        15,
        11
      ],
      "34": [
        11,
        4
      ],
      "35": [
        15,
        11
      ],
      "36": [
        10,
        7
      ]
    },
    "_coverageSchema": "1a1c01bbd47fc00a2c39e90264f33305004495a9",
    "hash": "647cd978d2176a47ccd0a2b2cc8169a627de4cb6"
  },
  "C:\\Users\\boo13\\CSE110\\cse110-w21-group16\\source\\js\\todo.js": {
    "path": "C:\\Users\\boo13\\CSE110\\cse110-w21-group16\\source\\js\\todo.js",
    "statementMap": {
      "0": {
        "start": {
          "line": 3,
          "column": 11
        },
        "end": {
          "line": 3,
          "column": 45
        }
      },
      "1": {
        "start": {
          "line": 4,
          "column": 10
        },
        "end": {
          "line": 4,
          "column": 40
        }
      },
      "2": {
        "start": {
          "line": 5,
          "column": 11
        },
        "end": {
          "line": 5,
          "column": 43
        }
      },
      "3": {
        "start": {
          "line": 11,
          "column": 15
        },
        "end": {
          "line": 11,
          "column": 17
        }
      },
      "4": {
        "start": {
          "line": 16,
          "column": 0
        },
        "end": {
          "line": 18,
          "column": 1
        }
      },
      "5": {
        "start": {
          "line": 17,
          "column": 4
        },
        "end": {
          "line": 17,
          "column": 48
        }
      },
      "6": {
        "start": {
          "line": 23,
          "column": 0
        },
        "end": {
          "line": 29,
          "column": 1
        }
      },
      "7": {
        "start": {
          "line": 24,
          "column": 4
        },
        "end": {
          "line": 28,
          "column": 7
        }
      },
      "8": {
        "start": {
          "line": 25,
          "column": 8
        },
        "end": {
          "line": 27,
          "column": 9
        }
      },
      "9": {
        "start": {
          "line": 26,
          "column": 12
        },
        "end": {
          "line": 26,
          "column": 35
        }
      },
      "10": {
        "start": {
          "line": 33,
          "column": 0
        },
        "end": {
          "line": 45,
          "column": 1
        }
      },
      "11": {
        "start": {
          "line": 34,
          "column": 4
        },
        "end": {
          "line": 44,
          "column": 7
        }
      },
      "12": {
        "start": {
          "line": 36,
          "column": 4
        },
        "end": {
          "line": 42,
          "column": 5
        }
      },
      "13": {
        "start": {
          "line": 37,
          "column": 8
        },
        "end": {
          "line": 37,
          "column": 21
        }
      },
      "14": {
        "start": {
          "line": 40,
          "column": 9
        },
        "end": {
          "line": 42,
          "column": 5
        }
      },
      "15": {
        "start": {
          "line": 41,
          "column": 8
        },
        "end": {
          "line": 41,
          "column": 54
        }
      },
      "16": {
        "start": {
          "line": 43,
          "column": 4
        },
        "end": {
          "line": 43,
          "column": 27
[...]
      "3": {
        "name": "(anonymous_3)",
        "decl": {
          "start": {
            "line": 66,
            "column": 44
          },
          "end": {
            "line": 66,
            "column": 45
          }
        },
        "loc": {
          "start": {
            "line": 66,
            "column": 50
          },
          "end": {
            "line": 77,
            "column": 1
          }
        },
        "line": 66
      },
      "4": {
        "name": "checkFields",
        "decl": {
          "start": {
            "line": 83,
            "column": 9
          },
          "end": {
            "line": 83,
            "column": 20
          }
        },
        "loc": {
          "start": {
            "line": 83,
            "column": 22
          },
          "end": {
            "line": 92,
            "column": 1
          }
        },
        "line": 83
      },
      "5": {
        "name": "showTaskList",
        "decl": {
          "start": {
            "line": 98,
            "column": 9
          },
          "end": {
            "line": 98,
            "column": 21
          }
        },
        "loc": {
          "start": {
            "line": 98,
            "column": 23
          },
          "end": {
            "line": 148,
            "column": 1
          }
        },
        "line": 98
      },
      "6": {
        "name": "(anonymous_6)",
        "decl": {
          "start": {
            "line": 112,
            "column": 21
          },
          "end": {
            "line": 112,
            "column": 22
          }
        },
        "loc": {
          "start": {
            "line": 112,
            "column": 32
          },
          "end": {
            "line": 112,
            "column": 48
          }
        },
        "line": 112
      },
      "7": {
        "name": "(anonymous_7)",
        "decl": {
          "start": {
            "line": 118,
            "column": 23
          },
          "end": {
            "line": 118,
            "column": 24
          }
        },
        "loc": {
          "start": {
            "line": 118,
            "column": 34
          },
          "end": {
            "line": 118,
            "column": 50
          }
        },
        "line": 118
      },
      "8": {
        "name": "addTask",
        "decl": {
          "start": {
            "line": 152,
            "column": 9
          },
          "end": {
            "line": 152,
            "column": 16
          }
        },
        "loc": {
          "start": {
            "line": 152,
            "column": 18
          },
          "end": {
            "line": 202,
            "column": 1
          }
        },
        "line": 152
      },
      "9": {
        "name": "(anonymous_9)",
        "decl": {
          "start": {
            "line": 165,
            "column": 15
          },
          "end": {
            "line": 165,
            "column": 16
          }
        },
        "loc": {
          "start": {
            "line": 165,
            "column": 26
          },
          "end": {
            "line": 165,
            "column": 42
          }
        },
        "line": 165
      },
      "10": {
        "name": "(anonymous_10)",
        "decl": {
          "start": {
            "line": 171,
            "column": 16
          },
          "end": {
            "line": 171,
            "column": 17
          }
        },
        "loc": {
          "start": {
            "line": 171,
            "column": 27
          },
          "end": {
            "line": 171,
            "column": 43
          }
        },
        "line": 171
      },
      "11": {
        "name": "editRow",
        "decl": {
          "start": {
            "line": 207,
            "column": 9
          },
          "end": {
            "line": 207,
            "column": 16
          }
        },
        "loc": {
          "start": {
            "line": 207,
            "column": 23
          },
          "end": {
            "line": 220,
            "column": 1
          }
        },
        "line": 207
      },
      "12": {
        "name": "rowDone",
        "decl": {
          "start": {
            "line": 226,
            "column": 9
          },
          "end": {
            "line": 226,
            "column": 16
          }
        },
        "loc": {
          "start": {
            "line": 226,
            "column": 22
          },
          "end": {
            "line": 240,
            "column": 1
          }
        },
        "line": 226
      },
      "13": {
        "name": "openForm",
        "decl": {
          "start": {
            "line": 245,
            "column": 9
          },
          "end": {
            "line": 245,
            "column": 17
          }
        },
        "loc": {
          "start": {
            "line": 245,
            "column": 19
          },
          "end": {
            "line": 251,
            "column": 1
          }
        },
        "line": 245
      },
      "14": {
        "name": "closeForm",
        "decl": {
          "start": {
            "line": 256,
            "column": 9
          },
          "end": {
            "line": 256,
            "column": 18
          }
        },
        "loc": {
          "start": {
            "line": 256,
            "column": 20
          },
          "end": {
            "line": 258,
            "column": 1
          }
        },
        "line": 256
      }
    },
    "branchMap": {
      "0": {
        "loc": {
          "start": {
            "line": 16,
            "column": 0
          },
          "end": {
            "line": 18,
            "column": 1
          }
        },
        "type": "if",
        "locations": [
          {
            "start": {
              "line": 16,
              "column": 0
            },
            "end": {
              "line": 18,
              "column": 1
            }
          },
          {
            "start": {
              "line": 16,
              "column": 0
            },
            "end": {
              "line": 18,
              "column": 1
            }
          }
        ],
        "line": 16
      },
      "1": {
        "loc": {
          "start": {
            "line": 23,
            "column": 0
          },
          "end": {
            "line": 29,
            "column": 1
          }
        },
        "type": "if",
        "locations": [
          {
            "start": {
              "line": 23,
              "column": 0
            },
            "end": {
              "line": 29,
              "column": 1
            }
          },
          {
            "start": {
              "line": 23,
              "column": 0
            },
            "end": {
              "line": 29,
              "column": 1
            }
          }
        ],
        "line": 23
      },
      "2": {
        "loc": {
          "start": {
            "line": 25,
            "column": 8
          },
          "end": {
            "line": 27,
            "column": 9
          }
        },
        "type": "if",
        "locations": [
          {
            "start": {
              "line": 25,
              "column": 8
            },
            "end": {
              "line": 27,
              "column": 9
            }
          },
          {
            "start": {
              "line": 25,
              "column": 8
            },
            "end": {
              "line": 27,
              "column": 9
            }
          }
        ],
        "line": 25
      },
      "3": {
        "loc": {
          "start": {
            "line": 25,
            "column": 12
          },
          "end": {
            "line": 25,
            "column": 68
          }
        },
        "type": "binary-expr",
        "locations": [
          {
            "start": {
              "line": 25,
              "column": 12
            },
            "end": {
              "line": 25,
              "column": 28
            }
          },
          {
            "start": {
              "line": 25,
              "column": 32
            },
            "end": {
              "line": 25,
              "column": 48
            }
          },
          {
            "start": {
              "line": 25,
              "column": 52
            },
            "end": {
              "line": 25,
              "column": 68
            }
          }
        ],
        "line": 25
      },
      "4": {
        "loc": {
          "start": {
            "line": 33,
            "column": 0
          },
          "end": {
            "line": 45,
            "column": 1
          }
        },
        "type": "if",
        "locations": [
          {
            "start": {
              "line": 33,
              "column": 0
            },
            "end": {
              "line": 45,
              "column": 1
            }
          },
          {
            "start": {
              "line": 33,
              "column": 0
            },
            "end": {
              "line": 45,
              "column": 1
            }
          }
        ],
        "line": 33
      },
      "5": {
        "loc": {
          "start": {
            "line": 36,
            "column": 4
          },
          "end": {
            "line": 42,
            "column": 5
          }
        },
        "type": "if",
        "locations": [
          {
            "start": {
              "line": 36,
              "column": 4
            },
            "end": {
              "line": 42,
              "column": 5
            }
          },
          {
            "start": {
              "line": 36,
              "column": 4
            },
            "end": {
              "line": 42,
              "column": 5
            }
          }
        ],
        "line": 36
      },
      "6": {
        "loc": {
          "start": {
            "line": 40,
            "column": 9
          },
          "end": {
            "line": 42,
            "column": 5
          }
        },
        "type": "if",
        "locations": [
          {
            "start": {
              "line": 40,
              "column": 9
            },
            "end": {
              "line": 42,
              "column": 5
            }
          },
          {
            "start": {
              "line": 40,
              "column": 9
            },
            "end": {
              "line": 42,
              "column": 5
            }
          }
        ],
        "line": 40
      },
      "7": {
        "loc": {
          "start": {
            "line": 49,
            "column": 0
          },
          "end": {
            "line": 61,
            "column": 1
          }
        },
        "type": "if",
        "locations": [
          {
            "start": {
              "line": 49,
              "column": 0
            },
            "end": {
              "line": 61,
              "column": 1
            }
          },
          {
            "start": {
              "line": 49,
              "column": 0
            },
            "end": {
              "line": 61,
              "column": 1
            }
          }
        ],
        "line": 49
      },
      "8": {
        "loc": {
          "start": {
            "line": 52,
            "column": 4
          },
          "end": {
            "line": 58,
            "column": 5
          }
        },
        "type": "if",
        "locations": [
          {
            "start": {
              "line": 52,
              "column": 4
            },
            "end": {
              "line": 58,
              "column": 5
            }
          },
          {
            "start": {
              "line": 52,
              "column": 4
            },
            "end": {
              "line": 58,
              "column": 5
            }
          }
        ],
        "line": 52
      },
      "9": {
        "loc": {
          "start": {
            "line": 56,
            "column": 9
          },
          "end": {
            "line": 58,
            "column": 5
          }
        },
        "type": "if",
        "locations": [
          {
            "start": {
              "line": 56,
              "column": 9
            },
            "end": {
              "line": 58,
              "column": 5
            }
          },
          {
            "start": {
              "line": 56,
              "column": 9
            },
            "end": {
              "line": 58,
              "column": 5
            }
          }
        ],
        "line": 56
      },
      "10": {
        "loc": {
          "start": {
            "line": 70,
            "column": 4
          },
          "end": {
            "line": 74,
            "column": 5
          }
        },
        "type": "if",
        "locations": [
          {
            "start": {
              "line": 70,
              "column": 4
            },
            "end": {
              "line": 74,
              "column": 5
            }
          },
          {
            "start": {
              "line": 70,
              "column": 4
            },
            "end": {
              "line": 74,
              "column": 5
            }
          }
        ],
        "line": 70
      },
      "11": {
        "loc": {
          "start": {
            "line": 84,
            "column": 4
          },
          "end": {
            "line": 90,
            "column": 9
          }
        },
        "type": "if",
        "locations": [
          {
            "start": {
              "line": 84,
              "column": 4
            },
            "end": {
              "line": 90,
              "column": 9
            }
          },
          {
            "start": {
              "line": 84,
              "column": 4
            },
            "end": {
              "line": 90,
              "column": 9
            }
          }
        ],
        "line": 84
      },
      "12": {
        "loc": {
          "start": {
            "line": 84,
            "column": 8
          },
          "end": {
            "line": 86,
            "column": 49
          }
        },
        "type": "binary-expr",
        "locations": [
          {
            "start": {
              "line": 84,
              "column": 8
            },
            "end": {
              "line": 84,
              "column": 52
            }
          },
          {
            "start": {
              "line": 85,
              "column": 8
            },
            "end": {
              "line": 85,
              "column": 48
            }
          },
          {
            "start": {
              "line": 86,
              "column": 8
            },
            "end": {
              "line": 86,
              "column": 49
            }
          }
        ],
        "line": 84
      },
      "13": {
        "loc": {
          "start": {
            "line": 138,
            "column": 8
          },
          "end": {
            "line": 144,
            "column": 9
          }
        },
        "type": "if",
        "locations": [
          {
            "start": {
              "line": 138,
              "column": 8
            },
            "end": {
              "line": 144,
              "column": 9
            }
          },
          {
            "start": {
              "line": 138,
              "column": 8
            },
            "end": {
              "line": 144,
              "column": 9
            }
          }
        ],
        "line": 138
      },
      "14": {
        "loc": {
          "start": {
            "line": 213,
            "column": 8
          },
          "end": {
            "line": 215,
            "column": 9
          }
        },
        "type": "if",
        "locations": [
          {
            "start": {
              "line": 213,
              "column": 8
            },
            "end": {
              "line": 215,
              "column": 9
            }
          },
          {
            "start": {
              "line": 213,
              "column": 8
            },
            "end": {
              "line": 215,
              "column": 9
            }
          }
        ],
        "line": 213
      },
      "15": {
        "loc": {
          "start": {
            "line": 233,
            "column": 8
          },
          "end": {
            "line": 236,
            "column": 9
          }
        },
        "type": "if",
        "locations": [
          {
            "start": {
              "line": 233,
              "column": 8
            },
            "end": {
              "line": 236,
              "column": 9
            }
          },
          {
            "start": {
              "line": 233,
              "column": 8
            },
            "end": {
              "line": 236,
              "column": 9
            }
          }
        ],
        "line": 233
      }
    },
    "s": {
      "0": 62,
      "1": 62,
      "2": 62,
      "3": 62,
      "4": 62,
      "5": 61,
      "6": 62,
      "7": 61,
      "8": 33,
      "9": 0,
      "10": 62,
      "11": 61,
      "12": 159,
      "13": 2,
      "14": 157,
      "15": 2,
      "16": 159,
      "17": 62,
      "18": 61,
      "19": 33,
      "20": 2,
      "21": 31,
      "22": 1,
      "23": 33,
      "24": 62,
      "25": 61,
      "26": 61,
      "27": 0,
      "28": 0,
      "29": 61,
      "30": 31,
      "31": 23,
      "32": 23,
      "33": 8,
      "34": 2,
      "35": 2,
      "36": 10,
      "37": 10,
      "38": 10,
      "39": 10,
      "40": 10,
      "41": 10,
      "42": 10,
      "43": 10,
      "44": 0,
      "45": 10,
      "46": 10,
      "47": 10,
      "48": 10,
      "49": 0,
      "50": 10,
      "51": 10,
      "52": 10,
      "53": 10,
      "54": 10,
      "55": 10,
      "56": 10,
      "57": 10,
      "58": 10,
      "59": 10,
      "60": 10,
      "61": 10,
      "62": 10,
      "63": 10,
      "64": 0,
      "65": 2,
      "66": 26,
      "67": 26,
      "68": 26,
      "69": 26,
      "70": 26,
      "71": 26,
      "72": 26,
      "73": 26,
      "74": 3,
      "75": 26,
      "76": 26,
      "77": 26,
      "78": 26,
      "79": 0,
      "80": 26,
      "81": 26,
      "82": 26,
      "83": 26,
      "84": 26,
      "85": 26,
      "86": 26,
      "87": 26,
      "88": 26,
      "89": 26,
      "90": 26,
      "91": 26,
      "92": 26,
      "93": 26,
      "94": 26,
      "95": 26,
      "96": 4,
      "97": 4,
      "98": 4,
      "99": 4,
      "100": 3,
      "101": 3,
      "102": 4,
      "103": 1,
      "104": 1,
      "105": 1,
      "106": 1,
      "107": 5,
      "108": 0,
      "109": 0,
      "110": 1,
      "111": 35,
      "112": 35,
      "113": 35,
      "114": 35,
      "115": 4,
      "116": 62
    },
    "f": {
      "0": 33,
      "1": 159,
      "2": 33,
      "3": 61,
      "4": 31,
      "5": 2,
      "6": 0,
      "7": 0,
      "8": 26,
      "9": 3,
      "10": 0,
      "11": 4,
      "12": 1,
      "13": 35,
      "14": 4
    },
    "b": {
      "0": [
        61,
        1
      ],
      "1": [
        61,
        1
      ],
      "2": [
        0,
        33
      ],
      "3": [
        33,
        33,
        33
      ],
      "4": [
        61,
        1
      ],
      "5": [
        2,
        157
      ],
      "6": [
        2,
        155
      ],
      "7": [
        61,
        1
      ],
      "8": [
        2,
        31
      ],
      "9": [
        1,
        30
      ],
      "10": [
        0,
        61
      ],
      "11": [
        23,
        8
      ],
      "12": [
        31,
        29,
        23
      ],
      "13": [
        10,
        0
      ],
      "14": [
        3,
        0
      ],
      "15": [
        0,
        5
      ]
    },
    "_coverageSchema": "1a1c01bbd47fc00a2c39e90264f33305004495a9",
    "hash": "0de9d718bc7d5d03e6553bb64d1a00786a8eca29"
  }
}