{
  "C:\\Users\\boo13\\CSE110\\cse110-w21-group16\\source\\js\\timer.js": {
    "path": "C:\\Users\\boo13\\CSE110\\cse110-w21-group16\\source\\js\\timer.js",
    "statementMap": {
      "0": {
        "start": {
          "line": 3,
          "column": 16
        },
        "end": {
          "line": 3,
          "column": 17
        }
      },
      "1": {
        "start": {
          "line": 4,
          "column": 22
        },
        "end": {
          "line": 4,
          "column": 26
        }
      },
      "2": {
        "start": {
          "line": 5,
          "column": 22
        },
        "end": {
          "line": 5,
          "column": 24
        }
      },
      "3": {
        "start": {
          "line": 6,
          "column": 20
        },
        "end": {
          "line": 6,
          "column": 21
        }
      },
      "4": {
        "start": {
          "line": 7,
          "column": 26
        },
        "end": {
          "line": 7,
          "column": 27
        }
      },
      "5": {
        "start": {
          "line": 8,
          "column": 25
        },
        "end": {
          "line": 8,
          "column": 27
        }
      },
      "6": {
        "start": {
          "line": 9,
          "column": 14
        },
        "end": {
          "line": 9,
          "column": 18
        }
      },
      "7": {
        "start": {
          "line": 10,
          "column": 20
        },
        "end": {
          "line": 10,
          "column": 21
        }
      },
      "8": {
        "start": {
          "line": 12,
          "column": 16
        },
        "end": {
          "line": 12,
          "column": 21
        }
      },
      "9": {
        "start": {
          "line": 13,
          "column": 22
        },
        "end": {
          "line": 13,
          "column": 54
        }
      },
      "10": {
        "start": {
          "line": 14,
          "column": 14
        },
        "end": {
          "line": 14,
          "column": 54
        }
      },
      "11": {
        "start": {
          "line": 15,
          "column": 18
        },
        "end": {
          "line": 15,
          "column": 55
        }
      },
      "12": {
        "start": {
          "line": 16,
          "column": 15
        },
        "end": {
          "line": 16,
          "column": 17
        }
      },
      "13": {
        "start": {
          "line": 18,
          "column": 14
        },
        "end": {
          "line": 18,
          "column": 49
        }
      },
      "14": {
        "start": {
          "line": 19,
          "column": 15
        },
        "end": {
          "line": 19,
          "column": 46
        }
      },
      "15": {
        "start": {
          "line": 20,
          "column": 15
        },
        "end": {
          "line": 20,
          "column": 51
        }
      },
      "16": {
        "start": {
          "line": 21,
          "column": 12
        },
        "end": {
          "line": 21,
          "column": 44
        }
      },
      "17": {
        "start": {
          "line": 22,
          "column": 10
        },
        "end": {
          "line": 22,
          "column": 44
        }
      },
      "18": {
        "start": {
          "line": 23,
          "column": 9
        },
        "end": {
          "line": 23,
          "column": 42
        }
      },
      "19": {
        "start": {
          "line": 24,
          "column": 15
        },
        "end": {
          "line": 24,
          "column": 49
        }
      },
      "20": {
        "start": {
          "line": 26,
          "column": 14
        },
        "end": {
          "line": 26,
          "column": 49
        }
      },
      "21": {
        "start": {
          "line": 30,
          "column": 14
        },
        "end": {
          "line": 30,
          "column": 46
        }
      },
      "22": {
        "start": {
          "line": 35,
          "column": 0
        },
        "end": {
          "line": 62,
          "column": 1
        }
      },
      "23": {
        "start": {
          "line": 36,
          "column": 2
        },
        "end": {
          "line": 61,
          "column": 5
        }
      },
      "24": {
        "start": {
          "line": 38,
          "column": 4
        },
        "end": {
          "line": 38,
          "column": 55
        }
      },
      "25": {
        "start": {
          "line": 39,
          "column": 4
        },
        "end": {
          "line": 39,
          "column": 35
        }
      },
      "26": {
        "start": {
          "line": 40,
          "column": 4
        },
        "end": {
          "line": 40,
          "column": 36
        }
      },
      "27": {
        "start": {
          "line": 42,
          "column": 4
        },
        "end": {
          "line": 42,
          "column": 21
        }
      },
      "28": {
        "start": {
          "line": 43,
          "column": 4
        },
        "end": {
          "line": 43,
          "column": 29
        }
      },
      "29": {
        "start": {
          "line": 44,
          "column": 4
        },
        "end": {
          "line": 44,
          "column": 41
        }
      },
      "30": {
        "start": {
          "line": 45,
          "column": 4
        },
        "end": {
          "line": 45,
          "column": 59
        }
      },
      "31": {
        "start": {
          "line": 46,
          "column": 4
        },
        "end": {
          "line": 46,
          "column": 39
        }
      },
      "32": {
        "start": {
          "line": 47,
          "column": 4
        },
        "end": {
          "line": 47,
          "column": 34
        }
      },
      "33": {
        "start": {
          "line": 48,
          "column": 4
        },
        "end": {
          "line": 52,
          "column": 16
        }
      },
      "34": {
        "start": {
          "line": 49,
          "column": 6
        },
        "end": {
          "line": 49,
          "column": 89
        }
      },
      "35": {
        "start": {
          "line": 50,
          "column": 6
        },
        "end": {
          "line": 50,
          "column": 91
        }
      },
      "36": {
        "start": {
          "line": 52,
          "column": 2
        },
        "end": {
          "line": 52,
          "column": 16
        }
      },
      "37": {
        "start": {
          "line": 54,
          "column": 4
        },
        "end": {
          "line": 54,
          "column": 57
        }
      },
      "38": {
        "start": {
          "line": 55,
          "column": 1
        },
        "end": {
          "line": 60,
          "column": 2
        }
      },
      "39": {
        "start": {
          "line": 56,
          "column": 21
        },
        "end": {
          "line": 56,
          "column": 65
        }
      },
      "40": {
        "start": {
          "line": 57,
          "column": 2
        },
        "end": {
          "line": 57,
          "column": 60
        }
      },
      "41": {
        "start": {
          "line": 58,
          "column": 22
        },
        "end": {
          "line": 58,
          "column": 61
        }
      },
      "42": {
        "start": {
          "line": 59,
          "column": 2
        },
        "end": {
          "line": 59,
          "column": 39
        }
      },
      "43": {
        "start": {
          "line": 64,
          "column": 0
        },
        "end": {
          "line": 102,
          "column": 1
        }
      },
      "44": {
        "start": {
          "line": 65,
          "column": 2
        },
        "end": {
          "line": 101,
          "column": 5
        }
      },
      "45": {
        "start": {
          "line": 66,
          "column": 4
        },
        "end": {
          "line": 66,
          "column": 68
        }
      },
      "46": {
        "start": {
          "line": 67,
          "column": 4
        },
        "end": {
          "line": 67,
          "column": 68
        }
      },
      "47": {
        "start": {
          "line": 68,
          "column": 4
        },
        "end": {
          "line": 68,
          "column": 29
        }
      },
      "48": {
        "start": {
          "line": 70,
          "column": 4
        },
        "end": {
          "line": 70,
          "column": 17
        }
      },
      "49": {
        "start": {
          "line": 71,
          "column": 4
        },
        "end": {
          "line": 76,
          "column": 5
        }
      },
      "50": {
        "start": {
          "line": 72,
          "column": 6
        },
        "end": {
          "line": 72,
          "column": 41
        }
      },
      "51": {
        "start": {
          "line": 73,
          "column": 6
        },
        "end": {
          "line": 73,
          "column": 24
        }
      },
      "52": {
        "start": {
          "line": 75,
          "column": 6
        },
        "end": {
          "line": 75,
          "column": 42
        }
      },
      "53": {
        "start": {
          "line": 77,
          "column": 4
        },
        "end": {
          "line": 77,
          "column": 41
        }
      },
      "54": {
        "start": {
          "line": 78,
          "column": 4
        },
        "end": {
          "line": 78,
          "column": 20
        }
      },
      "55": {
        "start": {
          "line": 79,
          "column": 4
        },
        "end": {
          "line": 79,
          "column": 22
        }
      },
      "56": {
        "start": {
          "line": 80,
          "column": 4
        },
        "end": {
          "line": 84,
          "column": 5
        }
      },
      "57": {
        "start": {
          "line": 81,
          "column": 6
        },
        "end": {
          "line": 81,
          "column": 15
        }
      },
      "58": {
        "start": {
          "line": 82,
          "column": 6
        },
        "end": {
          "line": 82,
          "column": 26
        }
      },
      "59": {
        "start": {
          "line": 83,
          "column": 6
        },
        "end": {
          "line": 83,
          "column": 89
        }
      },
      "60": {
        "start": {
          "line": 85,
          "column": 4
        },
        "end": {
          "line": 85,
          "column": 20
        }
      },
      "61": {
        "start": {
          "line": 86,
          "column": 4
        },
        "end": {
          "line": 86,
          "column": 39
        }
      },
      "62": {
        "start": {
          "line": 88,
          "column": 4
        },
        "end": {
          "line": 88,
          "column": 67
        }
      },
      "63": {
        "start": {
          "line": 89,
          "column": 4
        },
        "end": {
          "line": 89,
          "column": 60
        }
      },
      "64": {
        "start": {
          "line": 90,
          "column": 4
        },
        "end": {
          "line": 90,
          "column": 25
        }
      },
      "65": {
        "start": {
          "line": 91,
          "column": 1
        },
        "end": {
          "line": 92,
          "column": 86
        }
      },
      "66": {
        "start": {
          "line": 92,
          "column": 4
        },
        "end": {
          "line": 92,
          "column": 86
        }
      },
      "67": {
        "start": {
          "line": 93,
          "column": 21
        },
        "end": {
          "line": 93,
          "column": 65
        }
      },
      "68": {
        "start": {
          "line": 94,
          "column": 6
        },
        "end": {
          "line": 100,
          "column": 7
        }
      },
      "69": {
        "start": {
          "line": 94,
          "column": 18
        },
        "end": {
          "line": 94,
          "column": 19
        }
      },
      "70": {
        "start": {
          "line": 95,
          "column": 8
        },
        "end": {
          "line": 99,
          "column": 9
        }
      },
      "71": {
        "start": {
          "line": 96,
          "column": 12
        },
        "end": {
          "line": 96,
          "column": 42
        }
      },
      "72": {
        "start": {
          "line": 97,
          "column": 12
        },
        "end": {
          "line": 97,
          "column": 42
        }
      },
      "73": {
        "start": {
          "line": 98,
          "column": 12
        },
        "end": {
          "line": 98,
          "column": 73
        }
      },
      "74": {
        "start": {
          "line": 104,
          "column": 0
        },
        "end": {
          "line": 111,
          "column": 1
        }
      },
      "75": {
        "start": {
          "line": 105,
          "column": 2
        },
        "end": {
          "line": 110,
          "column": 5
        }
      },
      "76": {
        "start": {
          "line": 106,
          "column": 4
        },
        "end": {
          "line": 109,
          "column": 5
        }
      },
      "77": {
        "start": {
          "line": 107,
          "column": 2
        },
        "end": {
          "line": 107,
          "column": 34
        }
      },
      "78": {
        "start": {
          "line": 108,
          "column": 2
        },
        "end": {
          "line": 108,
          "column": 38
        }
      },
      "79": {
        "start": {
          "line": 112,
          "column": 0
        },
        "end": {
          "line": 125,
          "column": 1
        }
      },
      "80": {
        "start": {
          "line": 113,
          "column": 2
        },
        "end": {
          "line": 124,
          "column": 5
        }
      },
      "81": {
        "start": {
          "line": 114,
          "column": 4
        },
        "end": {
          "line": 114,
          "column": 29
        }
      },
      "82": {
        "start": {
          "line": 115,
          "column": 4
        },
        "end": {
          "line": 115,
          "column": 43
        }
      },
      "83": {
        "start": {
          "line": 116,
          "column": 4
        },
        "end": {
          "line": 116,
          "column": 18
        }
      },
      "84": {
        "start": {
          "line": 117,
          "column": 4
        },
        "end": {
          "line": 117,
          "column": 19
        }
      },
      "85": {
        "start": {
          "line": 118,
          "column": 4
        },
        "end": {
          "line": 118,
          "column": 29
        }
      },
      "86": {
        "start": {
          "line": 119,
          "column": 4
        },
        "end": {
          "line": 119,
          "column": 41
        }
      },
      "87": {
        "start": {
          "line": 121,
          "column": 4
        },
        "end": {
          "line": 121,
          "column": 35
        }
      },
      "88": {
        "start": {
          "line": 123,
          "column": 4
        },
        "end": {
          "line": 123,
          "column": 43
        }
      },
      "89": {
        "start": {
          "line": 126,
          "column": 0
        },
        "end": {
          "line": 131,
          "column": 1
        }
      },
      "90": {
        "start": {
          "line": 127,
          "column": 0
        },
        "end": {
          "line": 130,
          "column": 3
        }
      },
      "91": {
        "start": {
          "line": 128,
          "column": 1
        },
        "end": {
          "line": 128,
          "column": 32
        }
      },
      "92": {
        "start": {
          "line": 129,
          "column": 1
        },
        "end": {
          "line": 129,
          "column": 40
        }
      },
      "93": {
        "start": {
          "line": 135,
          "column": 2
        },
        "end": {
          "line": 135,
          "column": 55
        }
      },
      "94": {
        "start": {
          "line": 136,
          "column": 2
        },
        "end": {
          "line": 136,
          "column": 21
        }
      },
      "95": {
        "start": {
          "line": 137,
          "column": 2
        },
        "end": {
          "line": 174,
          "column": 3
        }
      },
      "96": {
        "start": {
          "line": 138,
          "column": 4
        },
        "end": {
          "line": 138,
          "column": 29
        }
      },
      "97": {
        "start": {
          "line": 139,
          "column": 4
        },
        "end": {
          "line": 139,
          "column": 26
        }
      },
      "98": {
        "start": {
          "line": 140,
          "column": 4
        },
        "end": {
          "line": 140,
          "column": 17
        }
      },
      "99": {
        "start": {
          "line": 141,
          "column": 4
        },
        "end": {
          "line": 173,
          "column": 5
        }
      },
      "100": {
        "start": {
          "line": 142,
          "column": 6
        },
        "end": {
          "line": 147,
          "column": 7
        }
      },
      "101": {
        "start": {
          "line": 143,
          "column": 8
        },
        "end": {
          "line": 143,
          "column": 43
        }
      },
      "102": {
        "start": {
          "line": 144,
          "column": 8
        },
        "end": {
          "line": 144,
          "column": 26
        }
      },
      "103": {
        "start": {
          "line": 146,
          "column": 8
        },
        "end": {
          "line": 146,
          "column": 44
        }
      },
      "104": {
        "start": {
          "line": 148,
          "column": 6
        },
        "end": {
          "line": 148,
          "column": 43
        }
      },
      "105": {
        "start": {
          "line": 149,
          "column": 6
        },
        "end": {
          "line": 149,
          "column": 22
        }
      },
      "106": {
        "start": {
          "line": 150,
          "column": 6
        },
        "end": {
          "line": 150,
          "column": 24
        }
      },
      "107": {
        "start": {
          "line": 151,
          "column": 6
        },
        "end": {
          "line": 162,
          "column": 7
        }
      },
      "108": {
        "start": {
          "line": 152,
          "column": 8
        },
        "end": {
          "line": 152,
          "column": 17
        }
      },
      "109": {
        "start": {
          "line": 153,
          "column": 8
        },
        "end": {
          "line": 153,
          "column": 28
        }
      },
      "110": {
        "start": {
          "line": 154,
          "column": 8
        },
        "end": {
          "line": 154,
          "column": 91
        }
      },
      "111": {
        "start": {
          "line": 155,
          "column": 25
        },
        "end": {
          "line": 155,
          "column": 69
        }
      },
      "112": {
        "start": {
          "line": 156,
          "column": 8
        },
        "end": {
          "line": 161,
          "column": 9
        }
      },
      "113": {
        "start": {
          "line": 156,
          "column": 20
        },
        "end": {
          "line": 156,
          "column": 21
        }
      },
      "114": {
        "start": {
          "line": 157,
          "column": 10
        },
        "end": {
          "line": 160,
          "column": 11
        }
      },
      "115": {
        "start": {
          "line": 158,
          "column": 12
        },
        "end": {
          "line": 158,
          "column": 42
        }
      },
      "116": {
        "start": {
          "line": 159,
          "column": 12
        },
        "end": {
          "line": 159,
          "column": 73
        }
      },
      "117": {
        "start": {
          "line": 163,
          "column": 6
        },
        "end": {
          "line": 163,
          "column": 23
        }
      },
      "118": {
        "start": {
          "line": 164,
          "column": 6
        },
        "end": {
          "line": 164,
          "column": 43
        }
      },
      "119": {
        "start": {
          "line": 166,
          "column": 6
        },
        "end": {
          "line": 166,
          "column": 69
        }
      },
      "120": {
        "start": {
          "line": 167,
          "column": 6
        },
        "end": {
          "line": 167,
          "column": 62
        }
      },
      "121": {
        "start": {
          "line": 168,
          "column": 6
        },
        "end": {
          "line": 168,
          "column": 27
        }
      },
      "122": {
        "start": {
          "line": 170,
          "column": 6
        },
        "end": {
          "line": 170,
          "column": 45
        }
      },
      "123": {
        "start": {
          "line": 171,
          "column": 6
        },
        "end": {
          "line": 171,
          "column": 21
        }
      },
      "124": {
        "start": {
          "line": 172,
          "column": 6
        },
        "end": {
          "line": 172,
          "column": 60
        }
      },
      "125": {
        "start": {
          "line": 178,
          "column": 0
        },
        "end": {
          "line": 196,
          "column": 1
        }
      },
      "126": {
        "start": {
          "line": 179,
          "column": 2
        },
        "end": {
          "line": 195,
          "column": 5
        }
      },
      "127": {
        "start": {
          "line": 180,
          "column": 4
        },
        "end": {
          "line": 180,
          "column": 27
        }
      },
      "128": {
        "start": {
          "line": 181,
          "column": 4
        },
        "end": {
          "line": 181,
          "column": 68
        }
      },
      "129": {
        "start": {
          "line": 182,
          "column": 4
        },
        "end": {
          "line": 182,
          "column": 72
        }
      },
      "130": {
        "start": {
          "line": 183,
          "column": 16
        },
        "end": {
          "line": 183,
          "column": 54
        }
      },
      "131": {
        "start": {
          "line": 184,
          "column": 22
        },
        "end": {
          "line": 184,
          "column": 66
        }
      },
      "132": {
        "start": {
          "line": 185,
          "column": 21
        },
        "end": {
          "line": 185,
          "column": 64
        }
      },
      "133": {
        "start": {
          "line": 187,
          "column": 4
        },
        "end": {
          "line": 190,
          "column": 5
        }
      },
      "134": {
        "start": {
          "line": 188,
          "column": 2
        },
        "end": {
          "line": 188,
          "column": 39
        }
      },
      "135": {
        "start": {
          "line": 189,
          "column": 2
        },
        "end": {
          "line": 189,
          "column": 34
        }
      },
      "136": {
        "start": {
          "line": 191,
          "column": 4
        },
        "end": {
          "line": 192,
          "column": 48
        }
      },
      "137": {
        "start": {
          "line": 192,
          "column": 6
        },
        "end": {
          "line": 192,
          "column": 48
        }
      },
      "138": {
        "start": {
          "line": 193,
          "column": 4
        },
        "end": {
          "line": 194,
          "column": 46
        }
      },
      "139": {
        "start": {
          "line": 194,
          "column": 6
        },
        "end": {
          "line": 194,
          "column": 46
        }
      },
      "140": {
        "start": {
          "line": 201,
          "column": 24
        },
        "end": {
          "line": 201,
          "column": 56
        }
      },
      "141": {
        "start": {
          "line": 202,
          "column": 14
        },
        "end": {
          "line": 202,
          "column": 90
        }
      },
      "142": {
        "start": {
          "line": 203,
          "column": 2
        },
        "end": {
          "line": 206,
          "column": 37
        }
      },
      "143": {
        "start": {
          "line": 204,
          "column": 2
        },
        "end": {
          "line": 204,
          "column": 25
        }
      },
      "144": {
        "start": {
          "line": 205,
          "column": 9
        },
        "end": {
          "line": 206,
          "column": 37
        }
      },
      "145": {
        "start": {
          "line": 206,
          "column": 2
        },
        "end": {
          "line": 206,
          "column": 37
        }
      },
      "146": {
        "start": {
          "line": 207,
          "column": 26
        },
        "end": {
          "line": 207,
          "column": 46
        }
      },
      "147": {
        "start": {
          "line": 208,
          "column": 2
        },
        "end": {
          "line": 208,
          "column": 134
        }
      },
      "148": {
        "start": {
          "line": 212,
          "column": 2
        },
        "end": {
          "line": 212,
          "column": 21
        }
      },
      "149": {
        "start": {
          "line": 224,
          "column": 2
        },
        "end": {
          "line": 244,
          "column": 3
        }
      },
      "150": {
        "start": {
          "line": 226,
          "column": 1
        },
        "end": {
          "line": 226,
          "column": 55
        }
      },
      "151": {
        "start": {
          "line": 227,
          "column": 1
        },
        "end": {
          "line": 227,
          "column": 32
        }
      },
      "152": {
        "start": {
          "line": 229,
          "column": 1
        },
        "end": {
          "line": 229,
          "column": 40
        }
      },
      "153": {
        "start": {
          "line": 230,
          "column": 1
        },
        "end": {
          "line": 230,
          "column": 33
        }
      },
      "154": {
        "start": {
          "line": 231,
          "column": 1
        },
        "end": {
          "line": 231,
          "column": 34
        }
      },
      "155": {
        "start": {
          "line": 232,
          "column": 21
        },
        "end": {
          "line": 232,
          "column": 60
        }
      },
      "156": {
        "start": {
          "line": 233,
          "column": 1
        },
        "end": {
          "line": 233,
          "column": 38
        }
      },
      "157": {
        "start": {
          "line": 234,
          "column": 8
        },
        "end": {
          "line": 244,
          "column": 3
        }
      },
      "158": {
        "start": {
          "line": 236,
          "column": 1
        },
        "end": {
          "line": 236,
          "column": 55
        }
      },
      "159": {
        "start": {
          "line": 237,
          "column": 1
        },
        "end": {
          "line": 237,
          "column": 32
        }
      },
      "160": {
        "start": {
          "line": 239,
          "column": 1
        },
        "end": {
          "line": 239,
          "column": 40
        }
      },
      "161": {
        "start": {
          "line": 240,
          "column": 1
        },
        "end": {
          "line": 240,
          "column": 33
        }
      },
      "162": {
        "start": {
          "line": 241,
          "column": 1
        },
        "end": {
          "line": 241,
          "column": 34
        }
      },
      "163": {
        "start": {
          "line": 242,
          "column": 21
        },
        "end": {
          "line": 242,
          "column": 60
        }
      },
      "164": {
        "start": {
          "line": 243,
          "column": 1
        },
        "end": {
          "line": 243,
          "column": 38
        }
      },
      "165": {
        "start": {
          "line": 250,
          "column": 19
        },
        "end": {
          "line": 250,
          "column": 51
        }
      },
      "166": {
        "start": {
          "line": 251,
          "column": 4
        },
        "end": {
          "line": 251,
          "column": 26
        }
      },
      "167": {
        "start": {
          "line": 252,
          "column": 4
        },
        "end": {
          "line": 258,
          "column": 5
        }
      },
      "168": {
        "start": {
          "line": 252,
          "column": 17
        },
        "end": {
          "line": 252,
          "column": 18
        }
      },
      "169": {
        "start": {
          "line": 252,
          "column": 24
        },
        "end": {
          "line": 252,
          "column": 39
        }
      },
      "170": {
        "start": {
          "line": 254,
          "column": 8
        },
        "end": {
          "line": 257,
          "column": 9
        }
      },
      "171": {
        "start": {
          "line": 256,
          "column": 12
        },
        "end": {
          "line": 256,
          "column": 21
        }
      },
      "172": {
        "start": {
          "line": 263,
          "column": 19
        },
        "end": {
          "line": 263,
          "column": 51
        }
      },
      "173": {
        "start": {
          "line": 265,
          "column": 4
        },
        "end": {
          "line": 265,
          "column": 26
        }
      },
      "174": {
        "start": {
          "line": 266,
          "column": 4
        },
        "end": {
          "line": 271,
          "column": 5
        }
      },
      "175": {
        "start": {
          "line": 266,
          "column": 17
        },
        "end": {
          "line": 266,
          "column": 18
        }
      },
      "176": {
        "start": {
          "line": 266,
          "column": 24
        },
        "end": {
          "line": 266,
          "column": 39
        }
      },
      "177": {
        "start": {
          "line": 267,
          "column": 8
        },
        "end": {
          "line": 270,
          "column": 9
        }
      },
      "178": {
        "start": {
          "line": 269,
          "column": 12
        },
        "end": {
          "line": 269,
          "column": 34
        }
      },
      "179": {
        "start": {
          "line": 277,
          "column": 19
        },
        "end": {
          "line": 277,
          "column": 51
        }
      },
      "180": {
        "start": {
          "line": 278,
          "column": 4
        },
        "end": {
          "line": 284,
          "column": 5
        }
      },
      "181": {
        "start": {
          "line": 278,
          "column": 17
        },
        "end": {
          "line": 278,
          "column": 18
        }
      },
      "182": {
        "start": {
          "line": 278,
          "column": 24
        },
        "end": {
          "line": 278,
          "column": 39
        }
      },
      "183": {
        "start": {
          "line": 280,
          "column": 8
        },
        "end": {
          "line": 283,
          "column": 9
        }
      },
      "184": {
        "start": {
          "line": 282,
          "column": 10
        },
        "end": {
          "line": 282,
          "column": 38
        }
      },
      "185": {
        "start": {
          "line": 287,
          "column": 0
        },
        "end": {
          "line": 287,
          "column": 37
        }
      },
      "186": {
        "start": {
          "line": 289,
          "column": 0
        },
        "end": {
          "line": 289,
          "column": 30
        }
      },
      "187": {
        "start": {
          "line": 290,
          "column": 0
        },
        "end": {
          "line": 290,
          "column": 29
        }
      }
    },
    "fnMap": {
      "0": {
        "name": "(anonymous_0)",
        "decl": {
          "start": {
            "line": 36,
            "column": 65
          },
          "end": {
            "line": 36,
            "column": 66
          }
        },
        "loc": {
          "start": {
            "line": 36,
            "column": 71
          },
          "end": {
            "line": 61,
            "column": 3
          }
        },
        "line": 36
      },
      "1": {
        "name": "(anonymous_1)",
        "decl": {
          "start": {
            "line": 65,
            "column": 64
          },
          "end": {
            "line": 65,
            "column": 65
          }
        },
        "loc": {
          "start": {
            "line": 65,
            "column": 70
          },
          "end": {
            "line": 101,
            "column": 3
          }
        },
        "line": 65
      },
      "2": {
        "name": "(anonymous_2)",
        "decl": {
          "start": {
            "line": 105,
            "column": 34
          },
          "end": {
            "line": 105,
            "column": 35
          }
        },
        "loc": {
          "start": {
            "line": 105,
            "column": 40
          },
          "end": {
            "line": 110,
            "column": 3
          }
        },
        "line": 105
      },
      "3": {
        "name": "(anonymous_3)",
        "decl": {
          "start": {
            "line": 113,
            "column": 32
          },
          "end": {
            "line": 113,
            "column": 33
          }
        },
        "loc": {
          "start": {
            "line": 113,
            "column": 37
          },
          "end": {
            "line": 124,
            "column": 3
          }
        },
        "line": 113
      },
      "4": {
        "name": "(anonymous_4)",
        "decl": {
          "start": {
            "line": 127,
            "column": 29
          },
          "end": {
            "line": 127,
            "column": 30
          }
        },
        "loc": {
          "start": {
            "line": 127,
            "column": 34
          },
          "end": {
            "line": 130,
            "column": 1
          }
        },
        "line": 127
      },
      "5": {
        "name": "timer",
        "decl": {
          "start": {
            "line": 134,
            "column": 9
          },
          "end": {
            "line": 134,
            "column": 14
          }
        },
        "loc": {
          "start": {
            "line": 134,
            "column": 17
          },
          "end": {
            "line": 175,
            "column": 1
          }
        },
        "line": 134
      },
      "6": {
        "name": "(anonymous_6)",
        "decl": {
          "start": {
            "line": 179,
            "column": 38
          },
          "end": {
            "line": 179,
            "column": 39
          }
        },
        "loc": {
          "start": {
            "line": 179,
            "column": 44
          },
          "end": {
            "line": 195,
            "column": 3
          }
        },
        "line": 179
      },
      "7": {
        "name": "countdownDisplay",
        "decl": {
          "start": {
            "line": 200,
            "column": 9
          },
          "end": {
            "line": 200,
            "column": 25
          }
        },
        "loc": {
          "start": {
            "line": 200,
            "column": 28
          },
          "end": {
            "line": 209,
            "column": 1
          }
        },
        "line": 200
      },
      "8": {
        "name": "updateHTML",
        "decl": {
          "start": {
            "line": 211,
            "column": 9
          },
          "end": {
            "line": 211,
            "column": 19
          }
        },
        "loc": {
          "start": {
            "line": 211,
            "column": 22
          },
          "end": {
            "line": 245,
            "column": 1
          }
        },
        "line": 211
      },
      "9": {
        "name": "getRadioIndex",
        "decl": {
          "start": {
            "line": 248,
            "column": 9
          },
          "end": {
            "line": 248,
            "column": 22
          }
        },
        "loc": {
          "start": {
            "line": 249,
            "column": 0
          },
          "end": {
            "line": 259,
            "column": 1
          }
        },
        "line": 249
      },
      "10": {
        "name": "getTaskId",
        "decl": {
          "start": {
            "line": 261,
            "column": 9
          },
          "end": {
            "line": 261,
            "column": 18
          }
        },
        "loc": {
          "start": {
            "line": 262,
            "column": 0
          },
          "end": {
            "line": 272,
            "column": 1
          }
        },
        "line": 262
      },
      "11": {
        "name": "undoCheck",
        "decl": {
          "start": {
            "line": 275,
            "column": 9
          },
          "end": {
            "line": 275,
            "column": 18
          }
        },
        "loc": {
          "start": {
            "line": 276,
            "column": 0
          },
          "end": {
            "line": 285,
            "column": 1
          }
        },
        "line": 276
      }
    },
    "branchMap": {
      "0": {
        "loc": {
          "start": {
            "line": 35,
            "column": 0
          },
          "end": {
            "line": 62,
            "column": 1
          }
        },
        "type": "if",
        "locations": [
          {
            "start": {
              "line": 35,
              "column": 0
            },
            "end": {
              "line": 62,
              "column": 1
            }
          },
          {
            "start": {
              "line": 35,
              "column": 0
            },
            "end": {
              "line": 62,
              "column": 1
            }
          }
        ],
        "line": 35
      },
      "1": {
        "loc": {
          "start": {
            "line": 48,
            "column": 4
          },
          "end": {
            "line": 52,
            "column": 16
          }
        },
        "type": "if",
        "locations": [
          {
            "start": {
              "line": 48,
              "column": 4
            },
            "end": {
              "line": 52,
              "column": 16
            }
          },
          {
            "start": {
              "line": 48,
              "column": 4
            },
            "end": {
              "line": 52,
              "column": 16
            }
          }
        ],
        "line": 48
      },
      "2": {
        "loc": {
          "start": {
            "line": 55,
            "column": 1
          },
          "end": {
            "line": 60,
            "column": 2
          }
        },
        "type": "if",
        "locations": [
          {
            "start": {
              "line": 55,
              "column": 1
            },
            "end": {
              "line": 60,
              "column": 2
            }
          },
          {
            "start": {
              "line": 55,
              "column": 1
            },
            "end": {
              "line": 60,
              "column": 2
            }
          }
        ],
        "line": 55
      },
      "3": {
        "loc": {
          "start": {
            "line": 64,
            "column": 0
          },
          "end": {
            "line": 102,
            "column": 1
          }
        },
        "type": "if",
        "locations": [
          {
            "start": {
              "line": 64,
              "column": 0
            },
            "end": {
              "line": 102,
              "column": 1
            }
          },
          {
            "start": {
              "line": 64,
              "column": 0
            },
            "end": {
              "line": 102,
              "column": 1
            }
          }
        ],
        "line": 64
      },
      "4": {
        "loc": {
          "start": {
            "line": 71,
            "column": 4
          },
          "end": {
            "line": 76,
            "column": 5
          }
        },
        "type": "if",
        "locations": [
          {
            "start": {
              "line": 71,
              "column": 4
            },
            "end": {
              "line": 76,
              "column": 5
            }
          },
          {
            "start": {
              "line": 71,
              "column": 4
            },
            "end": {
              "line": 76,
              "column": 5
            }
          }
        ],
        "line": 71
      },
      "5": {
        "loc": {
          "start": {
            "line": 80,
            "column": 4
          },
          "end": {
            "line": 84,
            "column": 5
          }
        },
        "type": "if",
        "locations": [
          {
            "start": {
              "line": 80,
              "column": 4
            },
            "end": {
              "line": 84,
              "column": 5
            }
          },
          {
            "start": {
              "line": 80,
              "column": 4
            },
            "end": {
              "line": 84,
              "column": 5
            }
          }
        ],
        "line": 80
      },
      "6": {
        "loc": {
          "start": {
            "line": 91,
            "column": 1
          },
          "end": {
            "line": 92,
            "column": 86
          }
        },
        "type": "if",
        "locations": [
          {
            "start": {
              "line": 91,
              "column": 1
            },
            "end": {
              "line": 92,
              "column": 86
            }
          },
          {
            "start": {
              "line": 91,
              "column": 1
            },
            "end": {
              "line": 92,
              "column": 86
            }
          }
        ],
        "line": 91
      },
      "7": {
        "loc": {
          "start": {
            "line": 95,
            "column": 8
          },
          "end": {
            "line": 99,
            "column": 9
          }
        },
        "type": "if",
        "locations": [
          {
            "start": {
              "line": 95,
              "column": 8
            },
            "end": {
              "line": 99,
              "column": 9
            }
          },
          {
            "start": {
              "line": 95,
              "column": 8
            },
            "end": {
              "line": 99,
              "column": 9
            }
          }
        ],
        "line": 95
      },
      "8": {
        "loc": {
          "start": {
            "line": 104,
            "column": 0
          },
          "end": {
            "line": 111,
            "column": 1
          }
        },
        "type": "if",
        "locations": [
          {
            "start": {
              "line": 104,
              "column": 0
            },
            "end": {
              "line": 111,
              "column": 1
            }
          },
          {
            "start": {
              "line": 104,
              "column": 0
            },
            "end": {
              "line": 111,
              "column": 1
            }
          }
        ],
        "line": 104
      },
      "9": {
        "loc": {
          "start": {
            "line": 106,
            "column": 4
          },
          "end": {
            "line": 109,
            "column": 5
          }
        },
        "type": "if",
        "locations": [
          {
            "start": {
              "line": 106,
              "column": 4
            },
            "end": {
              "line": 109,
              "column": 5
            }
          },
          {
            "start": {
              "line": 106,
              "column": 4
            },
            "end": {
              "line": 109,
              "column": 5
            }
          }
        ],
        "line": 106
      },
      "10": {
        "loc": {
          "start": {
            "line": 112,
            "column": 0
          },
          "end": {
            "line": 125,
            "column": 1
          }
        },
        "type": "if",
        "locations": [
          {
            "start": {
              "line": 112,
              "column": 0
            },
            "end": {
              "line": 125,
              "column": 1
            }
          },
          {
            "start": {
              "line": 112,
              "column": 0
            },
            "end": {
              "line": 125,
              "column": 1
            }
          }
        ],
        "line": 112
      },
      "11": {
        "loc": {
          "start": {
            "line": 126,
            "column": 0
          },
          "end": {
            "line": 131,
            "column": 1
          }
        },
        "type": "if",
        "locations": [
          {
            "start": {
              "line": 126,
              "column": 0
            },
            "end": {
              "line": 131,
              "column": 1
            }
          },
          {
            "start": {
              "line": 126,
              "column": 0
            },
            "end": {
              "line": 131,
              "column": 1
            }
          }
        ],
        "line": 126
      },
      "12": {
        "loc": {
          "start": {
            "line": 137,
            "column": 2
          },
          "end": {
            "line": 174,
            "column": 3
          }
        },
        "type": "if",
        "locations": [
          {
            "start": {
              "line": 137,
              "column": 2
            },
            "end": {
              "line": 174,
              "column": 3
            }
          },
          {
            "start": {
              "line": 137,
              "column": 2
            },
            "end": {
              "line": 174,
              "column": 3
            }
          }
        ],
        "line": 137
      },
      "13": {
        "loc": {
          "start": {
            "line": 141,
            "column": 4
          },
          "end": {
            "line": 173,
            "column": 5
          }
        },
        "type": "if",
        "locations": [
          {
            "start": {
              "line": 141,
              "column": 4
            },
            "end": {
              "line": 173,
              "column": 5
            }
          },
          {
            "start": {
              "line": 141,
              "column": 4
            },
            "end": {
              "line": 173,
              "column": 5
            }
          }
        ],
        "line": 141
      },
      "14": {
        "loc": {
          "start": {
            "line": 142,
            "column": 6
          },
          "end": {
            "line": 147,
            "column": 7
          }
        },
        "type": "if",
        "locations": [
          {
            "start": {
              "line": 142,
              "column": 6
            },
            "end": {
              "line": 147,
              "column": 7
            }
          },
          {
            "start": {
              "line": 142,
              "column": 6
            },
            "end": {
              "line": 147,
              "column": 7
            }
          }
        ],
        "line": 142
      },
      "15": {
        "loc": {
          "start": {
            "line": 151,
            "column": 6
          },
          "end": {
            "line": 162,
            "column": 7
          }
        },
        "type": "if",
        "locations": [
          {
            "start": {
              "line": 151,
              "column": 6
            },
            "end": {
              "line": 162,
              "column": 7
            }
          },
          {
            "start": {
              "line": 151,
              "column": 6
            },
            "end": {
              "line": 162,
              "column": 7
            }
          }
        ],
        "line": 151
      },
      "16": {
        "loc": {
          "start": {
            "line": 157,
            "column": 10
          },
          "end": {
            "line": 160,
            "column": 11
          }
        },
        "type": "if",
        "locations": [
          {
            "start": {
              "line": 157,
              "column": 10
            },
            "end": {
              "line": 160,
              "column": 11
            }
          },
          {
            "start": {
              "line": 157,
              "column": 10
            },
            "end": {
              "line": 160,
              "column": 11
            }
          }
        ],
        "line": 157
      },
      "17": {
        "loc": {
          "start": {
            "line": 178,
            "column": 0
          },
          "end": {
            "line": 196,
            "column": 1
          }
        },
        "type": "if",
        "locations": [
          {
            "start": {
              "line": 178,
              "column": 0
            },
            "end": {
              "line": 196,
              "column": 1
            }
          },
          {
            "start": {
              "line": 178,
              "column": 0
            },
            "end": {
              "line": 196,
              "column": 1
            }
          }
        ],
        "line": 178
      },
      "18": {
        "loc": {
          "start": {
            "line": 187,
            "column": 4
          },
          "end": {
            "line": 190,
            "column": 5
          }
        },
        "type": "if",
        "locations": [
          {
            "start": {
              "line": 187,
              "column": 4
            },
            "end": {
              "line": 190,
              "column": 5
            }
          },
          {
            "start": {
              "line": 187,
              "column": 4
            },
            "end": {
              "line": 190,
              "column": 5
            }
          }
        ],
        "line": 187
      },
      "19": {
        "loc": {
          "start": {
            "line": 191,
            "column": 4
          },
          "end": {
            "line": 192,
            "column": 48
          }
        },
        "type": "if",
        "locations": [
          {
            "start": {
              "line": 191,
              "column": 4
            },
            "end": {
              "line": 192,
              "column": 48
            }
          },
          {
            "start": {
              "line": 191,
              "column": 4
            },
            "end": {
              "line": 192,
              "column": 48
            }
          }
        ],
        "line": 191
      },
      "20": {
        "loc": {
          "start": {
            "line": 193,
            "column": 4
          },
          "end": {
            "line": 194,
            "column": 46
          }
        },
        "type": "if",
        "locations": [
          {
            "start": {
              "line": 193,
              "column": 4
            },
            "end": {
              "line": 194,
              "column": 46
            }
          },
          {
            "start": {
              "line": 193,
              "column": 4
            },
            "end": {
              "line": 194,
              "column": 46
            }
          }
        ],
        "line": 193
      },
      "21": {
        "loc": {
          "start": {
            "line": 202,
            "column": 14
          },
          "end": {
            "line": 202,
            "column": 90
          }
        },
        "type": "cond-expr",
        "locations": [
          {
            "start": {
              "line": 202,
              "column": 32
            },
            "end": {
              "line": 202,
              "column": 53
            }
          },
          {
            "start": {
              "line": 202,
              "column": 56
            },
            "end": {
              "line": 202,
              "column": 90
            }
          }
        ],
        "line": 202
      },
      "22": {
        "loc": {
          "start": {
            "line": 203,
            "column": 2
          },
          "end": {
            "line": 206,
            "column": 37
          }
        },
        "type": "if",
        "locations": [
          {
            "start": {
              "line": 203,
              "column": 2
            },
            "end": {
              "line": 206,
              "column": 37
            }
          },
          {
            "start": {
              "line": 203,
              "column": 2
            },
            "end": {
              "line": 206,
              "column": 37
            }
          }
        ],
        "line": 203
      },
      "23": {
        "loc": {
          "start": {
            "line": 203,
            "column": 5
          },
          "end": {
            "line": 203,
            "column": 41
          }
        },
        "type": "binary-expr",
        "locations": [
          {
            "start": {
              "line": 203,
              "column": 5
            },
            "end": {
              "line": 203,
              "column": 14
            }
          },
          {
            "start": {
              "line": 203,
              "column": 18
            },
            "end": {
              "line": 203,
              "column": 41
            }
          }
        ],
        "line": 203
      },
      "24": {
        "loc": {
          "start": {
            "line": 205,
            "column": 9
          },
          "end": {
            "line": 206,
            "column": 37
          }
        },
        "type": "if",
        "locations": [
          {
            "start": {
              "line": 205,
              "column": 9
            },
            "end": {
              "line": 206,
              "column": 37
            }
          },
          {
            "start": {
              "line": 205,
              "column": 9
            },
            "end": {
              "line": 206,
              "column": 37
            }
          }
        ],
        "line": 205
      },
      "25": {
        "loc": {
          "start": {
            "line": 205,
            "column": 12
          },
          "end": {
            "line": 205,
            "column": 61
          }
        },
        "type": "binary-expr",
        "locations": [
          {
            "start": {
              "line": 205,
              "column": 12
            },
            "end": {
              "line": 205,
              "column": 22
            }
          },
          {
            "start": {
              "line": 205,
              "column": 26
            },
            "end": {
              "line": 205,
              "column": 61
            }
          }
        ],
        "line": 205
      },
      "26": {
        "loc": {
          "start": {
            "line": 208,
            "column": 78
          },
          "end": {
            "line": 208,
            "column": 111
          }
        },
        "type": "cond-expr",
        "locations": [
          {
            "start": {
              "line": 208,
              "column": 103
            },
            "end": {
              "line": 208,
              "column": 106
            }
          },
          {
            "start": {
              "line": 208,
              "column": 109
            },
            "end": {
              "line": 208,
              "column": 111
            }
          }
        ],
        "line": 208
      },
      "27": {
        "loc": {
          "start": {
            "line": 224,
            "column": 2
          },
          "end": {
            "line": 244,
            "column": 3
          }
        },
        "type": "if",
        "locations": [
          {
            "start": {
              "line": 224,
              "column": 2
            },
            "end": {
              "line": 244,
              "column": 3
            }
          },
          {
            "start": {
              "line": 224,
              "column": 2
            },
            "end": {
              "line": 244,
              "column": 3
            }
          }
        ],
        "line": 224
      },
      "28": {
        "loc": {
          "start": {
            "line": 224,
            "column": 5
          },
          "end": {
            "line": 224,
            "column": 43
          }
        },
        "type": "binary-expr",
        "locations": [
          {
            "start": {
              "line": 224,
              "column": 5
            },
            "end": {
              "line": 224,
              "column": 21
            }
          },
          {
            "start": {
              "line": 224,
              "column": 25
            },
            "end": {
              "line": 224,
              "column": 43
            }
          }
        ],
        "line": 224
      },
      "29": {
        "loc": {
          "start": {
            "line": 234,
            "column": 8
          },
          "end": {
            "line": 244,
            "column": 3
          }
        },
        "type": "if",
        "locations": [
          {
            "start": {
              "line": 234,
              "column": 8
            },
            "end": {
              "line": 244,
              "column": 3
            }
          },
          {
            "start": {
              "line": 234,
              "column": 8
            },
            "end": {
              "line": 244,
              "column": 3
            }
          }
        ],
        "line": 234
      },
      "30": {
        "loc": {
          "start": {
            "line": 234,
            "column": 11
          },
          "end": {
            "line": 234,
            "column": 49
          }
        },
        "type": "binary-expr",
        "locations": [
          {
            "start": {
              "line": 234,
              "column": 11
            },
            "end": {
              "line": 234,
              "column": 27
            }
          },
          {
            "start": {
              "line": 234,
              "column": 31
            },
            "end": {
              "line": 234,
              "column": 49
            }
          }
        ],
        "line": 234
      },
      "31": {
        "loc": {
          "start": {
            "line": 254,
            "column": 8
          },
          "end": {
            "line": 257,
            "column": 9
          }
        },
        "type": "if",
        "locations": [
          {
            "start": {
              "line": 254,
              "column": 8
            },
            "end": {
              "line": 257,
              "column": 9
            }
          },
          {
            "start": {
              "line": 254,
              "column": 8
            },
            "end": {
              "line": 257,
              "column": 9
            }
          }
        ],
        "line": 254
      },
      "32": {
        "loc": {
          "start": {
            "line": 267,
            "column": 8
          },
          "end": {
            "line": 270,
            "column": 9
          }
        },
        "type": "if",
        "locations": [
          {
            "start": {
              "line": 267,
              "column": 8
            },
            "end": {
              "line": 270,
              "column": 9
            }
          },
          {
            "start": {
              "line": 267,
              "column": 8
            },
            "end": {
              "line": 270,
              "column": 9
            }
          }
        ],
        "line": 267
      },
      "33": {
        "loc": {
          "start": {
            "line": 280,
            "column": 8
          },
          "end": {
            "line": 283,
            "column": 9
          }
        },
        "type": "if",
        "locations": [
          {
            "start": {
              "line": 280,
              "column": 8
            },
            "end": {
              "line": 283,
              "column": 9
            }
          },
          {
            "start": {
              "line": 280,
              "column": 8
            },
            "end": {
              "line": 283,
              "column": 9
            }
          }
        ],
        "line": 280
      }
    },
    "s": {
      "0": 68,
      "1": 68,
      "2": 68,
      "3": 68,
      "4": 68,
      "5": 68,
      "6": 68,
      "7": 68,
      "8": 68,
      "9": 68,
      "10": 68,
      "11": 68,
      "12": 68,
      "13": 68,
      "14": 68,
      "15": 68,
      "16": 68,
      "17": 68,
      "18": 68,
      "19": 68,
      "20": 68,
      "21": 68,
      "22": 68,
      "23": 68,
      "24": 78,
      "25": 78,
      "26": 78,
      "27": 78,
      "28": 78,
      "29": 78,
      "30": 78,
      "31": 78,
      "32": 78,
      "33": 78,
      "34": 22,
      "35": 22,
      "36": 56,
      "37": 78,
      "38": 78,
      "39": 22,
      "40": 22,
      "41": 22,
      "42": 22,
      "43": 68,
      "44": 68,
      "45": 12,
      "46": 12,
      "47": 12,
      "48": 12,
      "49": 12,
      "50": 4,
      "51": 4,
      "52": 8,
      "53": 12,
      "54": 12,
      "55": 12,
      "56": 12,
      "57": 12,
      "58": 12,
      "59": 12,
      "60": 12,
      "61": 12,
      "62": 12,
      "63": 12,
      "64": 12,
      "65": 12,
      "66": 12,
      "67": 12,
      "68": 12,
      "69": 12,
      "70": 16,
      "71": 12,
      "72": 12,
      "73": 12,
      "74": 68,
      "75": 68,
      "76": 16,
      "77": 12,
      "78": 12,
      "79": 68,
      "80": 68,
      "81": 8,
      "82": 8,
      "83": 8,
      "84": 8,
      "85": 8,
      "86": 8,
      "87": 8,
      "88": 8,
      "89": 68,
      "90": 68,
      "91": 4,
      "92": 4,
      "93": 214,
      "94": 214,
      "95": 214,
      "96": 76,
      "97": 76,
      "98": 76,
      "99": 76,
      "100": 42,
      "101": 4,
      "102": 4,
      "103": 38,
      "104": 42,
      "105": 42,
      "106": 42,
      "107": 42,
      "108": 6,
      "109": 6,
      "110": 6,
      "111": 6,
      "112": 6,
      "113": 6,
      "114": 8,
      "115": 6,
      "116": 6,
      "117": 42,
      "118": 42,
      "119": 42,
      "120": 42,
      "121": 42,
      "122": 34,
      "123": 34,
      "124": 34,
      "125": 68,
      "126": 68,
      "127": 38,
      "128": 38,
      "129": 38,
      "130": 38,
      "131": 38,
      "132": 38,
      "133": 38,
      "134": 34,
      "135": 34,
      "136": 38,
      "137": 22,
      "138": 38,
      "139": 18,
      "140": 552,
      "141": 552,
      "142": 552,
      "143": 94,
      "144": 458,
      "145": 54,
      "146": 552,
      "147": 552,
      "148": 552,
      "149": 552,
      "150": 46,
      "151": 46,
      "152": 46,
      "153": 46,
      "154": 46,
      "155": 46,
      "156": 46,
      "157": 506,
      "158": 8,
      "159": 8,
      "160": 8,
      "161": 8,
      "162": 8,
      "163": 8,
      "164": 8,
      "165": 78,
      "166": 78,
      "167": 78,
      "168": 78,
      "169": 78,
      "170": 30,
      "171": 22,
      "172": 78,
      "173": 78,
      "174": 78,
      "175": 78,
      "176": 78,
      "177": 30,
      "178": 22,
      "179": 54,
      "180": 54,
      "181": 54,
      "182": 54,
      "183": 32,
      "184": 18,
      "185": 68,
      "186": 68,
      "187": 68
    },
    "f": {
      "0": 78,
      "1": 12,
      "2": 16,
      "3": 8,
      "4": 4,
      "5": 214,
      "6": 38,
      "7": 552,
      "8": 552,
      "9": 78,
      "10": 78,
      "11": 54
    },
    "b": {
      "0": [
        68,
        0
      ],
      "1": [
        22,
        56
      ],
      "2": [
        22,
        56
      ],
      "3": [
        68,
        0
      ],
      "4": [
        4,
        8
      ],
      "5": [
        12,
        0
      ],
      "6": [
        12,
        0
      ],
      "7": [
        12,
        4
      ],
      "8": [
        68,
        0
      ],
      "9": [
        12,
        4
      ],
      "10": [
        68,
        0
      ],
      "11": [
        68,
        0
      ],
      "12": [
        76,
        138
      ],
      "13": [
        42,
        34
      ],
      "14": [
        4,
        38
      ],
      "15": [
        6,
        36
      ],
      "16": [
        6,
        2
      ],
      "17": [
        68,
        0
      ],
      "18": [
        34,
        4
      ],
      "19": [
        22,
        16
      ],
      "20": [
        18,
        20
      ],
      "21": [
        460,
        92
      ],
      "22": [
        94,
        458
      ],
      "23": [
        552,
        212
      ],
      "24": [
        54,
        404
      ],
      "25": [
        458,
        340
      ],
      "26": [
        512,
        40
      ],
      "27": [
        46,
        506
      ],
      "28": [
        552,
        54
      ],
      "29": [
        8,
        498
      ],
      "30": [
        506,
        8
      ],
      "31": [
        22,
        8
      ],
      "32": [
        22,
        8
      ],
      "33": [
        18,
        14
      ]
    },
    "_coverageSchema": "1a1c01bbd47fc00a2c39e90264f33305004495a9",
    "hash": "e7b90a1a6e10313b08371458f52f6e3a905a6250"
  },
  "C:\\Users\\boo13\\CSE110\\cse110-w21-group16\\source\\js\\todo.js": {
    "path": "C:\\Users\\boo13\\CSE110\\cse110-w21-group16\\source\\js\\todo.js",
    "statementMap": {
      "0": {
        "start": {
          "line": 3,
          "column": 11
        },
        "end": {
          "line": 3,
          "column": 45
        }
      },
      "1": {
        "start": {
          "line": 4,
          "column": 10
        },
        "end": {
          "line": 4,
          "column": 40
        }
      },
      "2": {
        "start": {
          "line": 5,
          "column": 11
        },
        "end": {
          "line": 5,
          "column": 43
        }
      },
      "3": {
        "start": {
          "line": 11,
          "column": 15
        },
        "end": {
          "line": 11,
          "column": 17
        }
      },
      "4": {
        "start": {
          "line": 14,
          "column": 4
        },
        "end": {
          "line": 16,
          "column": 5
        }
      },
      "5": {
        "start": {
          "line": 15,
          "column": 4
        },
        "end": {
          "line": 15,
          "column": 48
        }
      },
      "6": {
        "start": {
          "line": 19,
          "column": 0
        },
        "end": {
          "line": 25,
          "column": 1
        }
      },
      "7": {
        "start": {
          "line": 20,
          "column": 4
        },
        "end": {
          "line": 24,
          "column": 7
        }
      },
      "8": {
        "start": {
          "line": 21,
          "column": 8
        },
        "end": {
          "line": 23,
          "column": 9
        }
      },
      "9": {
        "start": {
          "line": 22,
          "column": 12
        },
        "end": {
          "line": 22,
          "column": 35
        }
      },
      "10": {
        "start": {
          "line": 27,
          "column": 0
        },
        "end": {
          "line": 37,
          "column": 1
        }
      },
      "11": {
        "start": {
          "line": 28,
          "column": 8
        },
        "end": {
          "line": 36,
          "column": 7
        }
      },
      "12": {
        "start": {
          "line": 29,
          "column": 8
        },
        "end": {
          "line": 34,
          "column": 9
        }
      },
      "13": {
        "start": {
          "line": 30,
          "column": 12
        },
        "end": {
          "line": 30,
          "column": 25
        }
      },
      "14": {
        "start": {
          "line": 32,
          "column": 13
        },
        "end": {
          "line": 34,
          "column": 9
        }
      },
      "15": {
        "start": {
          "line": 33,
          "column": 12
        },
        "end": {
          "line": 33,
          "column": 58
        }
      },
      "16": {
        "start": {
          "line": 35,
          "column": 8
        },
        "end": {
          "line": 35,
          "column": 31
        }
      },
      "17": {
        "start": {
          "line": 39,
          "column": 0
        },
        "end": {
          "line": 49,
          "column": 1
        }
      },
      "18": {
        "start": {
          "line": 40,
          "column": 4
        },
        "end": {
          "line": 48,
          "column": 3
        }
      },
      "19": {
        "start": {
          "line": 41,
          "column": 4
        },
        "end": {
          "line": 46,
          "column": 5
        }
      },
      "20": {
        "start": {
          "line": 42,
          "column": 8
        },
        "end": {
          "line": 42,
          "column": 21
        }
      },
      "21": {
        "start": {
          "line": 44,
          "column": 9
        },
        "end": {
          "line": 46,
          "column": 5
        }
      },
      "22": {
        "start": {
          "line": 45,
          "column": 8
        },
        "end": {
          "line": 45,
          "column": 54
        }
      },
      "23": {
        "start": {
          "line": 47,
          "column": 4
        },
        "end": {
          "line": 47,
          "column": 27
        }
      },
      "24": {
        "start": {
          "line": 51,
          "column": 0
        },
        "end": {
          "line": 59,
          "column": 3
        }
      },
      "25": {
        "start": {
          "line": 53,
          "column": 21
        },
        "end": {
          "line": 53,
          "column": 53
        }
      },
      "26": {
        "start": {
          "line": 54,
          "column": 4
        },
        "end": {
          "line": 57,
          "column": 5
        }
      },
      "27": {
        "start": {
          "line": 55,
          "column": 8
        },
        "end": {
          "line": 55,
          "column": 42
        }
      },
      "28": {
        "start": {
          "line": 56,
          "column": 8
        },
        "end": {
          "line": 56,
          "column": 23
        }
      },
      "29": {
        "start": {
          "line": 58,
          "column": 4
        },
        "end": {
          "line": 58,
          "column": 48
        }
      },
      "30": {
        "start": {
          "line": 63,
          "column": 4
        },
        "end": {
          "line": 68,
          "column": 9
        }
      },
      "31": {
        "start": {
          "line": 66,
          "column": 12
        },
        "end": {
          "line": 66,
          "column": 22
        }
      },
      "32": {
        "start": {
          "line": 67,
          "column": 12
        },
        "end": {
          "line": 67,
          "column": 24
        }
      },
      "33": {
        "start": {
          "line": 69,
          "column": 4
        },
        "end": {
          "line": 69,
          "column": 17
        }
      },
      "34": {
        "start": {
          "line": 74,
          "column": 4
        },
        "end": {
          "line": 124,
          "column": 5
        }
      },
      "35": {
        "start": {
          "line": 74,
          "column": 16
        },
        "end": {
          "line": 74,
          "column": 17
        }
      },
      "36": {
        "start": {
          "line": 76,
          "column": 7
        },
        "end": {
          "line": 76,
          "column": 45
        }
      },
      "37": {
        "start": {
          "line": 77,
          "column": 7
        },
        "end": {
          "line": 77,
          "column": 26
        }
      },
      "38": {
        "start": {
          "line": 78,
          "column": 7
        },
        "end": {
          "line": 78,
          "column": 31
        }
      },
      "39": {
        "start": {
          "line": 79,
          "column": 7
        },
        "end": {
          "line": 79,
          "column": 28
        }
      },
      "40": {
        "start": {
          "line": 90,
          "column": 7
        },
        "end": {
          "line": 90,
          "column": 41
        }
      },
      "41": {
        "start": {
          "line": 91,
          "column": 7
        },
        "end": {
          "line": 91,
          "column": 31
        }
      },
      "42": {
        "start": {
          "line": 92,
          "column": 7
        },
        "end": {
          "line": 92,
          "column": 37
        }
      },
      "43": {
        "start": {
          "line": 93,
          "column": 7
        },
        "end": {
          "line": 93,
          "column": 49
        }
      },
      "44": {
        "start": {
          "line": 93,
          "column": 33
        },
        "end": {
          "line": 93,
          "column": 47
        }
      },
      "45": {
        "start": {
          "line": 96,
          "column": 8
        },
        "end": {
          "line": 96,
          "column": 43
        }
      },
      "46": {
        "start": {
          "line": 97,
          "column": 8
        },
        "end": {
          "line": 97,
          "column": 37
        }
      },
      "47": {
        "start": {
          "line": 98,
          "column": 8
        },
        "end": {
          "line": 98,
          "column": 46
        }
      },
      "48": {
        "start": {
          "line": 99,
          "column": 8
        },
        "end": {
          "line": 99,
          "column": 51
        }
      },
      "49": {
        "start": {
          "line": 99,
          "column": 35
        },
        "end": {
          "line": 99,
          "column": 49
        }
      },
      "50": {
        "start": {
          "line": 104,
          "column": 18
        },
        "end": {
          "line": 104,
          "column": 72
        }
      },
      "51": {
        "start": {
          "line": 105,
          "column": 20
        },
        "end": {
          "line": 105,
          "column": 37
        }
      },
      "52": {
        "start": {
          "line": 106,
          "column": 20
        },
        "end": {
          "line": 106,
          "column": 37
        }
      },
      "53": {
        "start": {
          "line": 107,
          "column": 20
        },
        "end": {
          "line": 107,
          "column": 37
        }
      },
      "54": {
        "start": {
          "line": 108,
          "column": 20
        },
        "end": {
          "line": 108,
          "column": 37
        }
      },
      "55": {
        "start": {
          "line": 109,
          "column": 20
        },
        "end": {
          "line": 109,
          "column": 37
        }
      },
      "56": {
        "start": {
          "line": 110,
          "column": 20
        },
        "end": {
          "line": 110,
          "column": 37
        }
      },
      "57": {
        "start": {
          "line": 113,
          "column": 8
        },
        "end": {
          "line": 113,
          "column": 47
        }
      },
      "58": {
        "start": {
          "line": 114,
          "column": 8
        },
        "end": {
          "line": 114,
          "column": 49
        }
      },
      "59": {
        "start": {
          "line": 115,
          "column": 8
        },
        "end": {
          "line": 115,
          "column": 45
        }
      },
      "60": {
        "start": {
          "line": 116,
          "column": 8
        },
        "end": {
          "line": 116,
          "column": 31
        }
      },
      "61": {
        "start": {
          "line": 117,
          "column": 8
        },
        "end": {
          "line": 122,
          "column": 9
        }
      },
      "62": {
        "start": {
          "line": 118,
          "column": 12
        },
        "end": {
          "line": 118,
          "column": 35
        }
      },
      "63": {
        "start": {
          "line": 119,
          "column": 12
        },
        "end": {
          "line": 119,
          "column": 36
        }
      },
      "64": {
        "start": {
          "line": 121,
          "column": 12
        },
        "end": {
          "line": 121,
          "column": 43
        }
      },
      "65": {
        "start": {
          "line": 125,
          "column": 4
        },
        "end": {
          "line": 125,
          "column": 63
        }
      },
      "66": {
        "start": {
          "line": 131,
          "column": 4
        },
        "end": {
          "line": 131,
          "column": 42
        }
      },
      "67": {
        "start": {
          "line": 132,
          "column": 4
        },
        "end": {
          "line": 132,
          "column": 23
        }
      },
      "68": {
        "start": {
          "line": 133,
          "column": 4
        },
        "end": {
          "line": 133,
          "column": 24
        }
      },
      "69": {
        "start": {
          "line": 134,
          "column": 4
        },
        "end": {
          "line": 134,
          "column": 25
        }
      },
      "70": {
        "start": {
          "line": 138,
          "column": 1
        },
        "end": {
          "line": 138,
          "column": 35
        }
      },
      "71": {
        "start": {
          "line": 139,
          "column": 4
        },
        "end": {
          "line": 139,
          "column": 24
        }
      },
      "72": {
        "start": {
          "line": 140,
          "column": 4
        },
        "end": {
          "line": 140,
          "column": 34
        }
      },
      "73": {
        "start": {
          "line": 141,
          "column": 1
        },
        "end": {
          "line": 141,
          "column": 43
        }
      },
      "74": {
        "start": {
          "line": 141,
          "column": 27
        },
        "end": {
          "line": 141,
          "column": 41
        }
      },
      "75": {
        "start": {
          "line": 144,
          "column": 1
        },
        "end": {
          "line": 144,
          "column": 36
        }
      },
      "76": {
        "start": {
          "line": 145,
          "column": 1
        },
        "end": {
          "line": 145,
          "column": 18
        }
      },
      "77": {
        "start": {
          "line": 146,
          "column": 1
        },
        "end": {
          "line": 146,
          "column": 39
        }
      },
      "78": {
        "start": {
[...]
            "line": 41,
            "column": 4
          },
          "end": {
            "line": 46,
            "column": 5
          }
        },
        "type": "if",
        "locations": [
          {
            "start": {
              "line": 41,
              "column": 4
            },
            "end": {
              "line": 46,
              "column": 5
            }
          },
          {
            "start": {
              "line": 41,
              "column": 4
            },
            "end": {
              "line": 46,
              "column": 5
            }
          }
        ],
        "line": 41
      },
      "9": {
        "loc": {
          "start": {
            "line": 44,
            "column": 9
          },
          "end": {
            "line": 46,
            "column": 5
          }
        },
        "type": "if",
        "locations": [
          {
            "start": {
              "line": 44,
              "column": 9
            },
            "end": {
              "line": 46,
              "column": 5
            }
          },
          {
            "start": {
              "line": 44,
              "column": 9
            },
            "end": {
              "line": 46,
              "column": 5
            }
          }
        ],
        "line": 44
      },
      "10": {
        "loc": {
          "start": {
            "line": 54,
            "column": 4
          },
          "end": {
            "line": 57,
            "column": 5
          }
        },
        "type": "if",
        "locations": [
          {
            "start": {
              "line": 54,
              "column": 4
            },
            "end": {
              "line": 57,
              "column": 5
            }
          },
          {
            "start": {
              "line": 54,
              "column": 4
            },
            "end": {
              "line": 57,
              "column": 5
            }
          }
        ],
        "line": 54
      },
      "11": {
        "loc": {
          "start": {
            "line": 63,
            "column": 4
          },
          "end": {
            "line": 68,
            "column": 9
          }
        },
        "type": "if",
        "locations": [
          {
            "start": {
              "line": 63,
              "column": 4
            },
            "end": {
              "line": 68,
              "column": 9
            }
          },
          {
            "start": {
              "line": 63,
              "column": 4
            },
            "end": {
              "line": 68,
              "column": 9
            }
          }
        ],
        "line": 63
      },
      "12": {
        "loc": {
          "start": {
            "line": 63,
            "column": 8
          },
          "end": {
            "line": 65,
            "column": 49
          }
        },
        "type": "binary-expr",
        "locations": [
          {
            "start": {
              "line": 63,
              "column": 8
            },
            "end": {
              "line": 63,
              "column": 52
            }
          },
          {
            "start": {
              "line": 64,
              "column": 8
            },
            "end": {
              "line": 64,
              "column": 48
            }
          },
          {
            "start": {
              "line": 65,
              "column": 8
            },
            "end": {
              "line": 65,
              "column": 49
            }
          }
        ],
        "line": 63
      },
      "13": {
        "loc": {
          "start": {
            "line": 117,
            "column": 8
          },
          "end": {
            "line": 122,
            "column": 9
          }
        },
        "type": "if",
        "locations": [
          {
            "start": {
              "line": 117,
              "column": 8
            },
            "end": {
              "line": 122,
              "column": 9
            }
          },
          {
            "start": {
              "line": 117,
              "column": 8
            },
            "end": {
              "line": 122,
              "column": 9
            }
          }
        ],
        "line": 117
      },
      "14": {
        "loc": {
          "start": {
            "line": 186,
            "column": 8
          },
          "end": {
            "line": 188,
            "column": 9
          }
        },
        "type": "if",
        "locations": [
          {
            "start": {
              "line": 186,
              "column": 8
            },
            "end": {
              "line": 188,
              "column": 9
            }
          },
          {
            "start": {
              "line": 186,
              "column": 8
            },
            "end": {
              "line": 188,
              "column": 9
            }
          }
        ],
        "line": 186
      },
      "15": {
        "loc": {
          "start": {
            "line": 198,
            "column": 8
          },
          "end": {
            "line": 201,
            "column": 9
          }
        },
        "type": "if",
        "locations": [
          {
            "start": {
              "line": 198,
              "column": 8
            },
            "end": {
              "line": 201,
              "column": 9
            }
          },
          {
            "start": {
              "line": 198,
              "column": 8
            },
            "end": {
              "line": 201,
              "column": 9
            }
          }
        ],
        "line": 198
      }
    },
    "s": {
      "0": 68,
      "1": 68,
      "2": 68,
      "3": 68,
      "4": 68,
      "5": 68,
      "6": 68,
      "7": 68,
      "8": 56,
      "9": 0,
      "10": 68,
      "11": 68,
      "12": 290,
      "13": 0,
      "14": 290,
      "15": 0,
      "16": 290,
      "17": 68,
      "18": 68,
      "19": 56,
      "20": 0,
      "21": 56,
      "22": 0,
      "23": 56,
      "24": 68,
      "25": 68,
      "26": 68,
      "27": 0,
      "28": 0,
      "29": 68,
      "30": 28,
      "31": 28,
      "32": 28,
      "33": 0,
      "34": 0,
      "35": 0,
      "36": 0,
      "37": 0,
      "38": 0,
      "39": 0,
      "40": 0,
      "41": 0,
      "42": 0,
      "43": 0,
      "44": 0,
      "45": 0,
      "46": 0,
      "47": 0,
      "48": 0,
      "49": 0,
      "50": 0,
      "51": 0,
      "52": 0,
      "53": 0,
      "54": 0,
      "55": 0,
      "56": 0,
      "57": 0,
      "58": 0,
      "59": 0,
      "60": 0,
      "61": 0,
      "62": 0,
      "63": 0,
      "64": 0,
      "65": 0,
      "66": 28,
      "67": 28,
      "68": 28,
      "69": 28,
      "70": 28,
      "71": 28,
      "72": 28,
      "73": 28,
      "74": 4,
      "75": 28,
      "76": 28,
      "77": 28,
      "78": 28,
      "79": 0,
      "80": 28,
      "81": 28,
      "82": 28,
      "83": 28,
      "84": 28,
      "85": 28,
      "86": 28,
      "87": 28,
      "88": 28,
      "89": 28,
      "90": 28,
      "91": 28,
      "92": 28,
      "93": 28,
      "94": 28,
      "95": 28,
      "96": 4,
      "97": 4,
      "98": 4,
      "99": 4,
      "100": 4,
      "101": 4,
      "102": 4,
      "103": 0,
      "104": 0,
      "105": 0,
      "106": 0,
      "107": 0,
      "108": 0,
      "109": 0,
      "110": 0,
      "111": 32,
      "112": 32,
      "113": 32,
      "114": 32,
      "115": 0,
      "116": 68
    },
    "f": {
      "0": 56,
      "1": 290,
      "2": 56,
      "3": 68,
      "4": 28,
      "5": 0,
      "6": 0,
      "7": 0,
      "8": 28,
      "9": 4,
      "10": 0,
      "11": 4,
      "12": 0,
      "13": 32,
      "14": 0
    },
    "b": {
      "0": [
        68,
        0
      ],
      "1": [
        68,
        0
      ],
      "2": [
        0,
        56
      ],
      "3": [
        56,
        56,
        56
      ],
      "4": [
        68,
        0
      ],
      "5": [
        0,
        290
      ],
      "6": [
        0,
        290
      ],
      "7": [
        68,
        0
      ],
      "8": [
        0,
        56
      ],
      "9": [
        0,
        56
      ],
      "10": [
        0,
        68
      ],
      "11": [
        28,
        0
      ],
      "12": [
        28,
        28,
        28
      ],
      "13": [
        0,
        0
      ],
      "14": [
        4,
        0
      ],
      "15": [
        0,
        0
      ]
    },
    "_coverageSchema": "1a1c01bbd47fc00a2c39e90264f33305004495a9",
    "hash": "f1394ed1b108c03dcb56b07f07618f6876ff3761"
  },
  "C:\\Users\\boo13\\CSE110\\cse110-w21-group16\\source\\js\\popup.js": {
    "path": "C:\\Users\\boo13\\CSE110\\cse110-w21-group16\\source\\js\\popup.js",
    "statementMap": {
      "0": {
        "start": {
          "line": 4,
          "column": 0
        },
        "end": {
          "line": 6,
          "column": 3
        }
      },
      "1": {
        "start": {
          "line": 5,
          "column": 1
        },
        "end": {
          "line": 5,
          "column": 64
        }
      },
      "2": {
        "start": {
          "line": 8,
          "column": 0
        },
        "end": {
          "line": 10,
          "column": 3
        }
      },
      "3": {
        "start": {
          "line": 9,
          "column": 1
        },
        "end": {
          "line": 9,
          "column": 64
        }
      },
      "4": {
        "start": {
          "line": 13,
          "column": 0
        },
        "end": {
          "line": 20,
          "column": 3
        }
      },
      "5": {
        "start": {
          "line": 14,
          "column": 1
        },
        "end": {
          "line": 14,
          "column": 45
        }
      },
      "6": {
        "start": {
          "line": 15,
          "column": 1
        },
        "end": {
          "line": 15,
          "column": 51
        }
      },
      "7": {
        "start": {
          "line": 16,
          "column": 1
        },
        "end": {
          "line": 16,
          "column": 50
        }
      },
      "8": {
        "start": {
          "line": 17,
          "column": 1
        },
        "end": {
          "line": 17,
          "column": 42
        }
      },
      "9": {
        "start": {
          "line": 18,
          "column": 1
        },
        "end": {
          "line": 18,
          "column": 66
        }
      },
      "10": {
        "start": {
          "line": 19,
          "column": 1
        },
        "end": {
          "line": 19,
          "column": 66
        }
      },
      "11": {
        "start": {
          "line": 22,
          "column": 0
        },
        "end": {
          "line": 25,
          "column": 3
        }
      },
      "12": {
        "start": {
          "line": 23,
          "column": 1
        },
        "end": {
          "line": 23,
          "column": 65
        }
      },
      "13": {
        "start": {
          "line": 24,
          "column": 1
        },
        "end": {
          "line": 24,
          "column": 69
        }
      },
      "14": {
        "start": {
          "line": 27,
          "column": 0
        },
        "end": {
          "line": 35,
          "column": 3
        }
      },
      "15": {
        "start": {
          "line": 28,
          "column": 16
        },
        "end": {
          "line": 28,
          "column": 54
        }
      },
      "16": {
        "start": {
          "line": 29,
          "column": 1
        },
        "end": {
          "line": 30,
          "column": 9
        }
      },
      "17": {
        "start": {
          "line": 30,
          "column": 2
        },
        "end": {
          "line": 30,
          "column": 9
        }
      },
      "18": {
        "start": {
          "line": 31,
          "column": 19
        },
        "end": {
          "line": 31,
          "column": 57
        }
      },
      "19": {
        "start": {
          "line": 32,
          "column": 18
        },
        "end": {
          "line": 32,
          "column": 55
        }
      },
      "20": {
        "start": {
          "line": 33,
          "column": 1
        },
        "end": {
          "line": 33,
          "column": 68
        }
      },
      "21": {
        "start": {
          "line": 34,
          "column": 1
        },
        "end": {
          "line": 34,
          "column": 71
        }
      },
      "22": {
        "start": {
          "line": 37,
          "column": 0
        },
        "end": {
          "line": 41,
          "column": 3
        }
      },
      "23": {
        "start": {
          "line": 38,
          "column": 4
        },
        "end": {
          "line": 40,
          "column": 2
        }
      },
      "24": {
        "start": {
          "line": 39,
          "column": 2
        },
        "end": {
          "line": 39,
          "column": 48
        }
      },
      "25": {
        "start": {
          "line": 44,
          "column": 0
        },
        "end": {
          "line": 47,
          "column": 3
        }
      },
      "26": {
        "start": {
          "line": 45,
          "column": 1
        },
        "end": {
          "line": 45,
          "column": 66
        }
      },
      "27": {
        "start": {
          "line": 46,
          "column": 1
        },
        "end": {
          "line": 46,
          "column": 62
        }
      },
      "28": {
        "start": {
          "line": 49,
          "column": 0
        },
        "end": {
          "line": 52,
          "column": 3
        }
      },
      "29": {
        "start": {
          "line": 50,
          "column": 1
        },
        "end": {
          "line": 50,
          "column": 65
        }
      },
      "30": {
        "start": {
          "line": 51,
          "column": 1
        },
        "end": {
          "line": 51,
          "column": 65
        }
      }
    },
    "fnMap": {
      "0": {
        "name": "(anonymous_0)",
        "decl": {
          "start": {
            "line": 4,
            "column": 58
          },
          "end": {
            "line": 4,
            "column": 59
          }
        },
        "loc": {
          "start": {
            "line": 4,
            "column": 64
          },
          "end": {
            "line": 6,
            "column": 1
          }
        },
        "line": 4
      },
      "1": {
        "name": "(anonymous_1)",
        "decl": {
          "start": {
            "line": 8,
            "column": 66
          },
          "end": {
            "line": 8,
            "column": 67
          }
        },
        "loc": {
          "start": {
            "line": 8,
            "column": 72
          },
          "end": {
            "line": 10,
            "column": 1
          }
        },
        "line": 8
      },
      "2": {
        "name": "(anonymous_2)",
        "decl": {
          "start": {
            "line": 13,
            "column": 62
          },
          "end": {
            "line": 13,
            "column": 63
          }
        },
        "loc": {
          "start": {
            "line": 13,
            "column": 68
          },
          "end": {
            "line": 20,
            "column": 1
          }
        },
        "line": 13
      },
      "3": {
        "name": "(anonymous_3)",
        "decl": {
          "start": {
            "line": 22,
            "column": 64
          },
          "end": {
            "line": 22,
            "column": 65
          }
        },
        "loc": {
          "start": {
            "line": 22,
            "column": 70
          },
          "end": {
            "line": 25,
            "column": 1
          }
        },
        "line": 22
      },
      "4": {
        "name": "(anonymous_4)",
        "decl": {
          "start": {
            "line": 27,
            "column": 59
          },
          "end": {
            "line": 27,
            "column": 60
          }
        },
        "loc": {
          "start": {
            "line": 27,
            "column": 65
          },
          "end": {
            "line": 35,
            "column": 1
          }
        },
        "line": 27
      },
      "5": {
        "name": "(anonymous_5)",
        "decl": {
          "start": {
            "line": 37,
            "column": 63
          },
          "end": {
            "line": 37,
            "column": 64
          }
        },
        "loc": {
          "start": {
            "line": 37,
            "column": 74
          },
          "end": {
            "line": 41,
            "column": 1
          }
        },
        "line": 37
      },
      "6": {
        "name": "(anonymous_6)",
        "decl": {
          "start": {
            "line": 44,
            "column": 62
          },
          "end": {
            "line": 44,
            "column": 63
          }
        },
        "loc": {
          "start": {
            "line": 44,
            "column": 68
          },
          "end": {
            "line": 47,
            "column": 1
          }
        },
        "line": 44
      },
      "7": {
        "name": "(anonymous_7)",
        "decl": {
          "start": {
            "line": 49,
            "column": 61
          },
          "end": {
            "line": 49,
            "column": 62
          }
        },
        "loc": {
          "start": {
            "line": 49,
            "column": 67
          },
          "end": {
            "line": 52,
            "column": 1
          }
        },
        "line": 49
      }
    },
    "branchMap": {
      "0": {
        "loc": {
          "start": {
            "line": 29,
            "column": 1
          },
          "end": {
            "line": 30,
            "column": 9
          }
        },
        "type": "if",
        "locations": [
          {
            "start": {
              "line": 29,
              "column": 1
            },
            "end": {
              "line": 30,
              "column": 9
            }
          },
          {
            "start": {
              "line": 29,
              "column": 1
            },
            "end": {
              "line": 30,
              "column": 9
            }
          }
        ],
        "line": 29
      },
      "1": {
        "loc": {
          "start": {
            "line": 38,
            "column": 4
          },
          "end": {
            "line": 40,
            "column": 2
          }
        },
        "type": "if",
        "locations": [
          {
            "start": {
              "line": 38,
              "column": 4
            },
            "end": {
              "line": 40,
              "column": 2
            }
          },
          {
            "start": {
              "line": 38,
              "column": 4
            },
            "end": {
              "line": 40,
              "column": 2
            }
          }
        ],
        "line": 38
      }
    },
    "s": {
      "0": 68,
      "1": 0,
      "2": 68,
      "3": 0,
      "4": 68,
      "5": 40,
      "6": 40,
      "7": 40,
      "8": 40,
      "9": 40,
      "10": 40,
      "11": 68,
      "12": 2,
      "13": 2,
      "14": 68,
      "15": 34,
      "16": 34,
      "17": 0,
      "18": 34,
      "19": 34,
      "20": 34,
      "21": 34,
      "22": 68,
      "23": 152,
      "24": 0,
      "25": 68,
      "26": 16,
      "27": 16,
      "28": 68,
      "29": 4,
      "30": 4
    },
    "f": {
      "0": 0,
      "1": 0,
      "2": 40,
      "3": 2,
      "4": 34,
      "5": 152,
      "6": 16,
      "7": 4
    },
    "b": {
      "0": [
        0,
        34
      ],
      "1": [
        0,
        152
      ]
    },
    "_coverageSchema": "1a1c01bbd47fc00a2c39e90264f33305004495a9",
    "hash": "57e21361096fe1c11b18a5fc4c659896a6e91de2"
  }
}