TN:
SF:source\js\timer.js
FN:41,(anonymous_0)
FN:83,(anonymous_1)
FN:129,(anonymous_2)
FN:142,(anonymous_3)
FN:159,(anonymous_4)
FN:174,timer
FN:236,(anonymous_6)
FN:260,countdownDisplay
FN:283,updateHTML
FN:305,getRadioIndex
FN:323,getTaskId
FN:341,undoCheck
FNF:12
FNH:1
FNDA:0,(anonymous_0)
FNDA:0,(anonymous_1)
FNDA:0,(anonymous_2)
FNDA:0,(anonymous_3)
FNDA:0,(anonymous_4)
FNDA:0,timer
FNDA:0,(anonymous_6)
FNDA:0,countdownDisplay
FNDA:0,updateHTML
FNDA:0,getRadioIndex
FNDA:0,getTaskId
FNDA:1,undoCheck
DA:3,1
DA:4,1
DA:5,1
DA:6,1
DA:7,1
DA:8,1
DA:9,1
DA:10,1
DA:12,1
DA:13,1
DA:14,1
DA:15,1
DA:16,1
DA:18,1
DA:19,1
DA:20,1
DA:21,1
DA:22,1
DA:23,1
DA:24,1
DA:26,1
DA:30,1
DA:39,1
DA:41,0
DA:42,0
DA:44,0
DA:45,0
DA:47,0
DA:49,0
DA:50,0
DA:52,0
DA:54,0
DA:56,0
DA:58,0
DA:60,0
DA:62,0
DA:64,0
DA:67,0
DA:69,0
DA:70,0
DA:71,0
DA:72,0
DA:73,0
DA:82,1
DA:83,0
DA:84,0
DA:85,0
DA:86,0
DA:87,0
DA:89,0
DA:90,0
DA:91,0
DA:95,0
DA:97,0
DA:98,0
DA:99,0
DA:102,0
DA:103,0
DA:104,0
DA:106,0
DA:108,0
DA:110,0
DA:111,0
DA:112,0
DA:114,0
DA:115,0
DA:116,0
DA:117,0
DA:118,0
DA:119,0
DA:128,1
DA:129,0
DA:131,0
DA:132,0
DA:133,0
DA:141,1
DA:142,0
DA:144,0
DA:145,0
DA:146,0
DA:147,0
DA:148,0
DA:150,0
DA:152,0
DA:158,1
DA:159,0
DA:160,0
DA:162,0
DA:176,0
DA:178,0
DA:179,0
DA:180,0
DA:182,0
DA:184,0
DA:186,0
DA:187,0
DA:189,0
DA:193,0
DA:195,0
DA:196,0
DA:197,0
DA:200,0
DA:202,0
DA:203,0
DA:206,0
DA:207,0
DA:208,0
DA:209,0
DA:210,0
DA:215,0
DA:217,0
DA:219,0
DA:220,0
DA:221,0
DA:225,0
DA:226,0
DA:227,0
DA:235,1
DA:236,0
DA:237,0
DA:238,0
DA:239,0
DA:241,0
DA:242,0
DA:243,0
DA:245,0
DA:246,0
DA:247,0
DA:249,0
DA:250,0
DA:251,0
DA:252,0
DA:262,0
DA:264,0
DA:265,0
DA:266,0
DA:267,0
DA:268,0
DA:269,0
DA:270,0
DA:271,0
DA:272,0
DA:275,0
DA:277,0
DA:284,0
DA:287,0
DA:288,0
DA:290,0
DA:291,0
DA:293,0
DA:294,0
DA:296,0
DA:297,0
DA:307,0
DA:308,0
DA:310,0
DA:312,0
DA:314,0
DA:325,0
DA:326,0
DA:328,0
DA:329,0
DA:332,0
DA:343,1
DA:344,1
DA:346,1
DA:349,1
DA:354,1
DA:356,1
DA:357,1
LF:170
LH:35
BRDA:39,0,0,0
BRDA:39,0,1,1
BRDA:58,1,0,0
BRDA:58,1,1,0
BRDA:69,2,0,0
BRDA:69,2,1,0
BRDA:82,3,0,0
BRDA:82,3,1,1
BRDA:89,4,0,0
BRDA:89,4,1,0
BRDA:116,5,0,0
BRDA:116,5,1,0
BRDA:128,6,0,0
BRDA:128,6,1,1
BRDA:131,7,0,0
BRDA:131,7,1,0
BRDA:141,8,0,0
BRDA:141,8,1,1
BRDA:158,9,0,0
BRDA:158,9,1,1
BRDA:178,10,0,0
BRDA:178,10,1,0
BRDA:184,11,0,0
BRDA:184,11,1,0
BRDA:186,12,0,0
BRDA:186,12,1,0
BRDA:200,13,0,0
BRDA:200,13,1,0
BRDA:208,14,0,0
BRDA:208,14,1,0
BRDA:235,15,0,0
BRDA:235,15,1,1
BRDA:245,16,0,0
BRDA:245,16,1,0
BRDA:246,17,0,0
BRDA:246,17,1,0
BRDA:247,18,0,0
BRDA:247,18,1,0
BRDA:249,19,0,0
BRDA:249,19,1,0
BRDA:250,20,0,0
BRDA:250,20,1,0
BRDA:251,21,0,0
BRDA:251,21,1,0
BRDA:252,22,0,0
BRDA:252,22,1,0
BRDA:264,23,0,0
BRDA:264,23,1,0
BRDA:266,24,0,0
BRDA:266,24,1,0
BRDA:267,25,0,0
BRDA:267,25,1,0
BRDA:269,26,0,0
BRDA:269,26,1,0
BRDA:269,27,0,0
BRDA:269,27,1,0
BRDA:271,28,0,0
BRDA:271,28,1,0
BRDA:271,29,0,0
BRDA:271,29,1,0
BRDA:277,30,0,0
BRDA:277,30,1,0
BRDA:287,31,0,0
BRDA:287,31,1,0
BRDA:312,32,0,0
BRDA:312,32,1,0
BRDA:312,33,0,0
BRDA:312,33,1,0
BRDA:329,34,0,0
BRDA:329,34,1,0
BRDA:329,35,0,0
BRDA:329,35,1,0
BRDA:346,36,0,1
BRDA:346,36,1,0
BRF:74
BRH:7
end_of_record
TN:
SF:source\js\todo.js
FN:24,(anonymous_0)
FN:34,(anonymous_1)
FN:50,(anonymous_2)
FN:66,(anonymous_3)
FN:83,checkFields
FN:98,showTaskList
FN:112,(anonymous_6)
FN:118,(anonymous_7)
FN:152,addTask
FN:165,(anonymous_9)
FN:171,(anonymous_10)
FN:207,editRow
FN:226,rowDone
FN:245,openForm
FN:256,closeForm
FNF:15
FNH:7
FNDA:0,(anonymous_0)
FNDA:0,(anonymous_1)
FNDA:0,(anonymous_2)
FNDA:0,(anonymous_3)
FNDA:4,checkFields
FNDA:2,showTaskList
FNDA:0,(anonymous_6)
FNDA:0,(anonymous_7)
FNDA:5,addTask
FNDA:0,(anonymous_9)
FNDA:0,(anonymous_10)
FNDA:1,editRow
FNDA:1,rowDone
FNDA:2,openForm
FNDA:1,closeForm
DA:3,1
DA:4,1
DA:5,1
DA:11,1
DA:16,1
DA:17,0
DA:23,1
DA:24,0
DA:25,0
DA:26,0
DA:33,1
DA:34,0
DA:36,0
DA:37,0
DA:40,0
DA:41,0
DA:43,0
DA:49,1
DA:50,0
DA:52,0
DA:53,0
DA:56,0
DA:57,0
DA:59,0
DA:66,1
DA:68,0
DA:70,0
DA:71,0
DA:73,0
DA:76,0
DA:84,4
DA:88,2
DA:89,2
DA:91,2
DA:100,2
DA:102,10
DA:103,10
DA:104,10
DA:105,10
DA:109,10
DA:110,10
DA:111,10
DA:112,10
DA:115,10
DA:116,10
DA:117,10
DA:118,10
DA:122,10
DA:123,10
DA:124,10
DA:125,10
DA:126,10
DA:127,10
DA:128,10
DA:131,10
DA:132,10
DA:133,10
DA:134,10
DA:135,10
DA:138,10
DA:139,10
DA:143,0
DA:147,2
DA:155,5
DA:156,5
DA:157,5
DA:158,5
DA:162,5
DA:163,5
DA:164,5
DA:165,5
DA:168,5
DA:169,5
DA:170,5
DA:171,5
DA:174,5
DA:175,5
DA:176,5
DA:177,5
DA:178,5
DA:179,5
DA:180,5
DA:183,5
DA:184,5
DA:185,5
DA:186,5
DA:187,5
DA:188,5
DA:191,5
DA:199,5
DA:201,5
DA:209,1
DA:210,1
DA:212,1
DA:213,0
DA:214,0
DA:218,1
DA:228,1
DA:229,1
DA:232,1
DA:233,5
DA:234,0
DA:235,0
DA:239,1
DA:246,2
DA:247,2
DA:249,2
DA:250,2
DA:257,1
DA:259,1
LF:110
LH:84
BRDA:16,0,0,0
BRDA:16,0,1,1
BRDA:23,1,0,0
BRDA:23,1,1,1
BRDA:25,2,0,0
BRDA:25,2,1,0
BRDA:25,3,0,0
BRDA:25,3,1,0
BRDA:25,3,2,0
BRDA:33,4,0,0
BRDA:33,4,1,1
BRDA:36,5,0,0
BRDA:36,5,1,0
BRDA:40,6,0,0
BRDA:40,6,1,0
BRDA:49,7,0,0
BRDA:49,7,1,1
BRDA:52,8,0,0
BRDA:52,8,1,0
BRDA:56,9,0,0
BRDA:56,9,1,0
BRDA:70,10,0,0
BRDA:70,10,1,0
BRDA:84,11,0,2
BRDA:84,11,1,2
BRDA:84,12,0,4
BRDA:84,12,1,2
BRDA:84,12,2,2
BRDA:138,13,0,10
BRDA:138,13,1,0
BRDA:213,14,0,0
BRDA:213,14,1,0
BRDA:233,15,0,0
BRDA:233,15,1,5
BRF:34
BRH:11
end_of_record
