TN:
SF:source\js\timer.js
FN:36,(anonymous_0)
FN:65,(anonymous_1)
FN:105,(anonymous_2)
FN:113,(anonymous_3)
FN:127,(anonymous_4)
FN:134,timer
FN:179,(anonymous_6)
FN:200,countdownDisplay
FN:211,updateHTML
FN:248,getRadioIndex
FN:261,getTaskId
FN:275,undoCheck
FNF:12
FNH:1
FNDA:0,(anonymous_0)
FNDA:0,(anonymous_1)
FNDA:0,(anonymous_2)
FNDA:0,(anonymous_3)
FNDA:0,(anonymous_4)
FNDA:0,timer
FNDA:0,(anonymous_6)
FNDA:0,countdownDisplay
FNDA:0,updateHTML
FNDA:0,getRadioIndex
FNDA:0,getTaskId
FNDA:1,undoCheck
DA:3,1
DA:4,1
DA:5,1
DA:6,1
DA:7,1
DA:8,1
DA:9,1
DA:10,1
DA:12,1
DA:13,1
DA:14,1
DA:15,1
DA:16,1
DA:18,1
DA:19,1
DA:20,1
DA:21,1
DA:22,1
DA:23,1
DA:24,1
DA:26,1
DA:30,1
DA:35,1
DA:36,0
DA:38,0
DA:39,0
DA:40,0
DA:42,0
DA:43,0
DA:44,0
DA:45,0
DA:46,0
DA:47,0
DA:48,0
DA:49,0
DA:50,0
DA:52,0
DA:54,0
DA:55,0
DA:56,0
DA:57,0
DA:58,0
DA:59,0
DA:64,1
DA:65,0
DA:66,0
DA:67,0
DA:68,0
DA:70,0
DA:71,0
DA:72,0
DA:73,0
DA:75,0
DA:77,0
DA:78,0
DA:79,0
DA:80,0
DA:81,0
DA:82,0
DA:83,0
DA:85,0
DA:86,0
DA:88,0
DA:89,0
DA:90,0
DA:91,0
DA:92,0
DA:93,0
DA:94,0
DA:95,0
DA:96,0
DA:97,0
DA:98,0
DA:104,1
DA:105,0
DA:106,0
DA:107,0
DA:108,0
DA:112,1
DA:113,0
DA:114,0
DA:115,0
DA:116,0
DA:117,0
DA:118,0
DA:119,0
DA:121,0
DA:123,0
DA:126,1
DA:127,0
DA:128,0
DA:129,0
DA:135,0
DA:136,0
DA:137,0
DA:138,0
DA:139,0
DA:140,0
DA:141,0
DA:142,0
DA:143,0
DA:144,0
DA:146,0
DA:148,0
DA:149,0
DA:150,0
DA:151,0
DA:152,0
DA:153,0
DA:154,0
DA:155,0
DA:156,0
DA:157,0
DA:158,0
DA:159,0
DA:163,0
DA:164,0
DA:166,0
DA:167,0
DA:168,0
DA:170,0
DA:171,0
DA:172,0
DA:178,1
DA:179,0
DA:180,0
DA:181,0
DA:182,0
DA:183,0
DA:184,0
DA:185,0
DA:187,0
DA:188,0
DA:189,0
DA:191,0
DA:192,0
DA:193,0
DA:194,0
DA:201,0
DA:202,0
DA:203,0
DA:204,0
DA:205,0
DA:206,0
DA:207,0
DA:208,0
DA:212,0
DA:224,0
DA:226,0
DA:227,0
DA:229,0
DA:230,0
DA:231,0
DA:232,0
DA:233,0
DA:234,0
DA:236,0
DA:237,0
DA:239,0
DA:240,0
DA:241,0
DA:242,0
DA:243,0
DA:250,0
DA:251,0
DA:252,0
DA:254,0
DA:256,0
DA:263,0
DA:265,0
DA:266,0
DA:267,0
DA:269,0
DA:277,1
DA:278,1
DA:280,1
DA:282,1
DA:287,1
DA:289,1
DA:290,1
LF:180
LH:35
BRDA:35,0,0,0
BRDA:35,0,1,1
BRDA:48,1,0,0
BRDA:48,1,1,0
BRDA:55,2,0,0
BRDA:55,2,1,0
BRDA:64,3,0,0
BRDA:64,3,1,1
BRDA:71,4,0,0
BRDA:71,4,1,0
BRDA:80,5,0,0
BRDA:80,5,1,0
BRDA:91,6,0,0
BRDA:91,6,1,0
BRDA:95,7,0,0
BRDA:95,7,1,0
BRDA:104,8,0,0
BRDA:104,8,1,1
BRDA:106,9,0,0
BRDA:106,9,1,0
BRDA:112,10,0,0
BRDA:112,10,1,1
BRDA:126,11,0,0
BRDA:126,11,1,1
BRDA:137,12,0,0
BRDA:137,12,1,0
BRDA:141,13,0,0
BRDA:141,13,1,0
BRDA:142,14,0,0
BRDA:142,14,1,0
BRDA:151,15,0,0
BRDA:151,15,1,0
BRDA:157,16,0,0
BRDA:157,16,1,0
BRDA:178,17,0,0
BRDA:178,17,1,1
BRDA:187,18,0,0
BRDA:187,18,1,0
BRDA:191,19,0,0
BRDA:191,19,1,0
BRDA:193,20,0,0
BRDA:193,20,1,0
BRDA:202,21,0,0
BRDA:202,21,1,0
BRDA:203,22,0,0
BRDA:203,22,1,0
BRDA:203,23,0,0
BRDA:203,23,1,0
BRDA:205,24,0,0
BRDA:205,24,1,0
BRDA:205,25,0,0
BRDA:205,25,1,0
BRDA:208,26,0,0
BRDA:208,26,1,0
BRDA:224,27,0,0
BRDA:224,27,1,0
BRDA:224,28,0,0
BRDA:224,28,1,0
BRDA:234,29,0,0
BRDA:234,29,1,0
BRDA:234,30,0,0
BRDA:234,30,1,0
BRDA:254,31,0,0
BRDA:254,31,1,0
BRDA:267,32,0,0
BRDA:267,32,1,0
BRDA:280,33,0,1
BRDA:280,33,1,0
BRF:68
BRH:7
end_of_record
TN:
SF:source\js\todo.js
FN:20,(anonymous_0)
FN:28,(anonymous_1)
FN:40,(anonymous_2)
FN:51,(anonymous_3)
FN:61,checkFields
FN:72,showTaskList
FN:93,(anonymous_6)
FN:99,(anonymous_7)
FN:128,addTask
FN:141,(anonymous_9)
FN:147,(anonymous_10)
FN:181,editRow
FN:194,rowDone
FN:207,openForm
FN:215,closeForm
FNF:15
FNH:7
FNDA:0,(anonymous_0)
FNDA:0,(anonymous_1)
FNDA:0,(anonymous_2)
FNDA:0,(anonymous_3)
FNDA:4,checkFields
FNDA:2,showTaskList
FNDA:0,(anonymous_6)
FNDA:0,(anonymous_7)
FNDA:5,addTask
FNDA:0,(anonymous_9)
FNDA:0,(anonymous_10)
FNDA:1,editRow
FNDA:1,rowDone
FNDA:2,openForm
FNDA:1,closeForm
DA:3,1
DA:4,1
DA:5,1
DA:11,1
DA:14,1
DA:15,0
DA:19,1
DA:20,0
DA:21,0
DA:22,0
DA:27,1
DA:28,0
DA:29,0
DA:30,0
DA:32,0
DA:33,0
DA:35,0
DA:39,1
DA:40,0
DA:41,0
DA:42,0
DA:44,0
DA:45,0
DA:47,0
DA:51,1
DA:53,0
DA:54,0
DA:55,0
DA:56,0
DA:58,0
DA:63,4
DA:66,2
DA:67,2
DA:69,2
DA:74,2
DA:76,10
DA:77,10
DA:78,10
DA:79,10
DA:90,10
DA:91,10
DA:92,10
DA:93,10
DA:96,10
DA:97,10
DA:98,10
DA:99,10
DA:104,10
DA:105,10
DA:106,10
DA:107,10
DA:108,10
DA:109,10
DA:110,10
DA:113,10
DA:114,10
DA:115,10
DA:116,10
DA:117,10
DA:118,10
DA:119,10
DA:121,0
DA:125,2
DA:131,5
DA:132,5
DA:133,5
DA:134,5
DA:138,5
DA:139,5
DA:140,5
DA:141,5
DA:144,5
DA:145,5
DA:146,5
DA:147,5
DA:152,5
DA:153,5
DA:154,5
DA:155,5
DA:156,5
DA:157,5
DA:158,5
DA:161,5
DA:162,5
DA:163,5
DA:164,5
DA:165,5
DA:166,5
DA:168,5
DA:176,5
DA:178,5
DA:182,1
DA:183,1
DA:185,1
DA:186,0
DA:187,0
DA:190,1
DA:195,1
DA:196,1
DA:197,1
DA:198,5
DA:199,0
DA:200,0
DA:203,1
DA:208,2
DA:209,2
DA:210,2
DA:211,2
DA:216,1
DA:218,1
LF:110
LH:84
BRDA:14,0,0,0
BRDA:14,0,1,1
BRDA:19,1,0,0
BRDA:19,1,1,1
BRDA:21,2,0,0
BRDA:21,2,1,0
BRDA:21,3,0,0
BRDA:21,3,1,0
BRDA:21,3,2,0
BRDA:27,4,0,0
BRDA:27,4,1,1
BRDA:29,5,0,0
BRDA:29,5,1,0
BRDA:32,6,0,0
BRDA:32,6,1,0
BRDA:39,7,0,0
BRDA:39,7,1,1
BRDA:41,8,0,0
BRDA:41,8,1,0
BRDA:44,9,0,0
BRDA:44,9,1,0
BRDA:54,10,0,0
BRDA:54,10,1,0
BRDA:63,11,0,2
BRDA:63,11,1,2
BRDA:63,12,0,4
BRDA:63,12,1,2
BRDA:63,12,2,2
BRDA:117,13,0,10
BRDA:117,13,1,0
BRDA:186,14,0,0
BRDA:186,14,1,0
BRDA:198,15,0,0
BRDA:198,15,1,5
BRF:34
BRH:11
end_of_record
