<?xml version="1.0" encoding="UTF-8"?>
<coverage generated="1614827823289" clover="3.2.0">
  <project timestamp="1614827823289" name="All files">
    <metrics statements="280" coveredstatements="235" conditionals="82" coveredconditionals="54" methods="33" coveredmethods="24" elements="395" coveredelements="313" complexity="0" loc="280" ncloc="280" packages="1" files="3" classes="3"/>
    <file name="popup.js" path="C:\Users\boo13\CSE110\cse110-w21-group16\source\js\popup.js">
      <metrics statements="31" coveredstatements="27" conditionals="4" coveredconditionals="2" methods="8" coveredmethods="6"/>
      <line num="4" count="23" type="stmt"/>
      <line num="5" count="0" type="stmt"/>
      <line num="8" count="23" type="stmt"/>
      <line num="9" count="0" type="stmt"/>
      <line num="13" count="23" type="stmt"/>
      <line num="14" count="11" type="stmt"/>
      <line num="15" count="11" type="stmt"/>
      <line num="16" count="11" type="stmt"/>
      <line num="17" count="11" type="stmt"/>
      <line num="18" count="11" type="stmt"/>
      <line num="19" count="11" type="stmt"/>
      <line num="22" count="23" type="stmt"/>
      <line num="23" count="1" type="stmt"/>
      <line num="24" count="1" type="stmt"/>
      <line num="27" count="23" type="stmt"/>
      <line num="28" count="10" type="stmt"/>
      <line num="29" count="10" type="cond" truecount="1" falsecount="1"/>
      <line num="30" count="0" type="stmt"/>
      <line num="31" count="10" type="stmt"/>
      <line num="32" count="10" type="stmt"/>
      <line num="33" count="10" type="stmt"/>
      <line num="34" count="10" type="stmt"/>
      <line num="37" count="23" type="stmt"/>
      <line num="38" count="40" type="cond" truecount="1" falsecount="1"/>
      <line num="39" count="0" type="stmt"/>
      <line num="44" count="23" type="stmt"/>
      <line num="45" count="4" type="stmt"/>
      <line num="46" count="4" type="stmt"/>
      <line num="49" count="23" type="stmt"/>
      <line num="50" count="2" type="stmt"/>
      <line num="51" count="2" type="stmt"/>
    </file>
    <file name="timer.js" path="C:\Users\boo13\CSE110\cse110-w21-group16\source\js\timer.js">
      <metrics statements="152" coveredstatements="148" conditionals="48" coveredconditionals="35" methods="11" coveredmethods="11"/>
      <line num="3" count="23" type="stmt"/>
      <line num="4" count="23" type="stmt"/>
      <line num="5" count="23" type="stmt"/>
      <line num="6" count="23" type="stmt"/>
      <line num="7" count="23" type="stmt"/>
      <line num="8" count="23" type="stmt"/>
      <line num="9" count="23" type="stmt"/>
      <line num="10" count="23" type="stmt"/>
      <line num="13" count="23" type="stmt"/>
      <line num="14" count="23" type="stmt"/>
      <line num="15" count="23" type="stmt"/>
      <line num="16" count="23" type="stmt"/>
      <line num="19" count="23" type="stmt"/>
      <line num="20" count="23" type="stmt"/>
      <line num="21" count="23" type="stmt"/>
      <line num="22" count="23" type="stmt"/>
      <line num="23" count="23" type="stmt"/>
      <line num="24" count="23" type="stmt"/>
      <line num="25" count="23" type="stmt"/>
      <line num="27" count="23" type="stmt"/>
      <line num="30" count="23" type="stmt"/>
      <line num="31" count="23" type="stmt"/>
      <line num="35" count="23" type="cond" truecount="1" falsecount="1"/>
      <line num="36" count="23" type="stmt"/>
      <line num="38" count="26" type="stmt"/>
      <line num="39" count="26" type="stmt"/>
      <line num="40" count="26" type="stmt"/>
      <line num="42" count="26" type="stmt"/>
      <line num="43" count="26" type="stmt"/>
      <line num="44" count="26" type="stmt"/>
      <line num="45" count="26" type="stmt"/>
      <line num="46" count="26" type="stmt"/>
      <line num="47" count="26" type="cond" truecount="2" falsecount="0"/>
      <line num="48" count="4" type="stmt"/>
      <line num="51" count="26" type="stmt"/>
      <line num="58" count="4" type="stmt"/>
      <line num="60" count="4" type="stmt"/>
      <line num="61" count="4" type="stmt"/>
      <line num="62" count="4" type="stmt"/>
      <line num="63" count="4" type="stmt"/>
      <line num="67" count="23" type="cond" truecount="1" falsecount="1"/>
      <line num="68" count="23" type="stmt"/>
      <line num="69" count="2" type="stmt"/>
      <line num="70" count="2" type="stmt"/>
      <line num="71" count="2" type="stmt"/>
      <line num="74" count="2" type="cond" truecount="1" falsecount="1"/>
      <line num="75" count="0" type="stmt"/>
      <line num="76" count="0" type="stmt"/>
      <line num="78" count="2" type="stmt"/>
      <line num="80" count="2" type="stmt"/>
      <line num="81" count="2" type="stmt"/>
      <line num="82" count="2" type="stmt"/>
      <line num="83" count="2" type="cond" truecount="1" falsecount="1"/>
      <line num="84" count="2" type="stmt"/>
      <line num="85" count="2" type="stmt"/>
      <line num="87" count="2" type="stmt"/>
      <line num="88" count="2" type="stmt"/>
      <line num="90" count="2" type="stmt"/>
      <line num="91" count="2" type="stmt"/>
      <line num="92" count="2" type="stmt"/>
      <line num="93" count="2" type="stmt"/>
      <line num="97" count="23" type="cond" truecount="1" falsecount="1"/>
      <line num="98" count="23" type="stmt"/>
      <line num="99" count="6" type="cond" truecount="1" falsecount="1"/>
      <line num="100" count="6" type="stmt"/>
      <line num="101" count="6" type="stmt"/>
      <line num="105" count="23" type="cond" truecount="1" falsecount="1"/>
      <line num="106" count="23" type="stmt"/>
      <line num="107" count="4" type="stmt"/>
      <line num="108" count="4" type="stmt"/>
      <line num="109" count="4" type="stmt"/>
      <line num="110" count="4" type="stmt"/>
      <line num="111" count="4" type="stmt"/>
      <line num="112" count="4" type="stmt"/>
      <line num="114" count="4" type="stmt"/>
      <line num="116" count="4" type="stmt"/>
      <line num="119" count="23" type="cond" truecount="1" falsecount="1"/>
      <line num="120" count="23" type="stmt"/>
      <line num="121" count="2" type="stmt"/>
      <line num="122" count="2" type="stmt"/>
      <line num="128" count="51" type="stmt"/>
      <line num="129" count="51" type="stmt"/>
      <line num="130" count="51" type="cond" truecount="2" falsecount="0"/>
      <line num="131" count="20" type="stmt"/>
      <line num="132" count="20" type="stmt"/>
      <line num="133" count="20" type="stmt"/>
      <line num="134" count="20" type="cond" truecount="2" falsecount="0"/>
      <line num="135" count="12" type="cond" truecount="2" falsecount="0"/>
      <line num="136" count="2" type="stmt"/>
      <line num="137" count="2" type="stmt"/>
      <line num="139" count="10" type="stmt"/>
      <line num="141" count="12" type="stmt"/>
      <line num="142" count="12" type="stmt"/>
      <line num="143" count="12" type="stmt"/>
      <line num="144" count="12" type="stmt"/>
      <line num="145" count="12" type="stmt"/>
      <line num="146" count="12" type="stmt"/>
      <line num="148" count="12" type="stmt"/>
      <line num="149" count="12" type="stmt"/>
      <line num="150" count="12" type="stmt"/>
      <line num="152" count="8" type="stmt"/>
      <line num="153" count="8" type="stmt"/>
      <line num="154" count="8" type="stmt"/>
      <line num="160" count="23" type="cond" truecount="1" falsecount="1"/>
      <line num="161" count="23" type="stmt"/>
      <line num="162" count="10" type="stmt"/>
      <line num="163" count="10" type="stmt"/>
      <line num="164" count="10" type="stmt"/>
      <line num="165" count="10" type="stmt"/>
      <line num="166" count="10" type="stmt"/>
      <line num="167" count="10" type="stmt"/>
      <line num="169" count="10" type="cond" truecount="1" falsecount="1"/>
      <line num="170" count="10" type="stmt"/>
      <line num="171" count="10" type="stmt"/>
      <line num="173" count="10" type="cond" truecount="2" falsecount="0"/>
      <line num="174" count="6" type="stmt"/>
      <line num="175" count="10" type="cond" truecount="2" falsecount="0"/>
      <line num="176" count="4" type="stmt"/>
      <line num="183" count="150" type="stmt"/>
      <line num="184" count="150" type="stmt"/>
      <line num="185" count="150" type="cond" truecount="2" falsecount="0"/>
      <line num="189" count="150" type="stmt"/>
      <line num="190" count="150" type="cond" truecount="1" falsecount="1"/>
      <line num="191" count="0" type="stmt"/>
      <line num="192" count="0" type="stmt"/>
      <line num="200" count="150" type="cond" truecount="4" falsecount="0"/>
      <line num="202" count="12" type="stmt"/>
      <line num="203" count="12" type="stmt"/>
      <line num="205" count="12" type="stmt"/>
      <line num="206" count="12" type="stmt"/>
      <line num="207" count="12" type="stmt"/>
      <line num="208" count="12" type="stmt"/>
      <line num="209" count="12" type="stmt"/>
      <line num="210" count="138" type="cond" truecount="4" falsecount="0"/>
      <line num="212" count="2" type="stmt"/>
      <line num="213" count="2" type="stmt"/>
      <line num="215" count="2" type="stmt"/>
      <line num="216" count="2" type="stmt"/>
      <line num="217" count="2" type="stmt"/>
      <line num="218" count="2" type="stmt"/>
      <line num="219" count="2" type="stmt"/>
      <line num="226" count="26" type="stmt"/>
      <line num="227" count="26" type="stmt"/>
      <line num="229" count="4" type="cond" truecount="1" falsecount="1"/>
      <line num="231" count="4" type="stmt"/>
      <line num="238" count="14" type="stmt"/>
      <line num="239" count="14" type="stmt"/>
      <line num="241" count="2" type="cond" truecount="1" falsecount="1"/>
      <line num="243" count="2" type="stmt"/>
      <line num="248" count="23" type="stmt"/>
      <line num="250" count="23" type="stmt"/>
      <line num="251" count="23" type="stmt"/>
    </file>
    <file name="todo.js" path="C:\Users\boo13\CSE110\cse110-w21-group16\source\js\todo.js">
      <metrics statements="97" coveredstatements="60" conditionals="30" coveredconditionals="17" methods="14" coveredmethods="7"/>
      <line num="3" count="23" type="stmt"/>
      <line num="5" count="23" type="stmt"/>
      <line num="6" count="23" type="stmt"/>
      <line num="7" count="23" type="stmt"/>
      <line num="8" count="23" type="stmt"/>
      <line num="14" count="23" type="stmt"/>
      <line num="17" count="23" type="cond" truecount="1" falsecount="1"/>
      <line num="18" count="23" type="stmt"/>
      <line num="21" count="23" type="cond" truecount="1" falsecount="1"/>
      <line num="22" count="23" type="stmt"/>
      <line num="23" count="8" type="cond" truecount="4" falsecount="1"/>
      <line num="24" count="0" type="stmt"/>
      <line num="29" count="23" type="cond" truecount="1" falsecount="1"/>
      <line num="30" count="23" type="stmt"/>
      <line num="31" count="40" type="cond" truecount="1" falsecount="1"/>
      <line num="32" count="0" type="stmt"/>
      <line num="34" count="40" type="cond" truecount="1" falsecount="1"/>
      <line num="35" count="0" type="stmt"/>
      <line num="37" count="40" type="stmt"/>
      <line num="41" count="23" type="cond" truecount="1" falsecount="1"/>
      <line num="42" count="23" type="stmt"/>
      <line num="43" count="8" type="cond" truecount="1" falsecount="1"/>
      <line num="44" count="0" type="stmt"/>
      <line num="46" count="8" type="cond" truecount="1" falsecount="1"/>
      <line num="47" count="0" type="stmt"/>
      <line num="49" count="8" type="stmt"/>
      <line num="53" count="23" type="stmt"/>
      <line num="55" count="23" type="stmt"/>
      <line num="56" count="23" type="cond" truecount="1" falsecount="1"/>
      <line num="57" count="0" type="stmt"/>
      <line num="58" count="0" type="stmt"/>
      <line num="60" count="23" type="stmt"/>
      <line num="65" count="4" type="cond" truecount="4" falsecount="1"/>
      <line num="68" count="4" type="stmt"/>
      <line num="74" count="0" type="stmt"/>
      <line num="76" count="0" type="stmt"/>
      <line num="77" count="0" type="stmt"/>
      <line num="78" count="0" type="stmt"/>
      <line num="79" count="0" type="stmt"/>
      <line num="90" count="0" type="stmt"/>
      <line num="91" count="0" type="stmt"/>
      <line num="92" count="0" type="stmt"/>
      <line num="93" count="0" type="stmt"/>
      <line num="96" count="0" type="stmt"/>
      <line num="97" count="0" type="stmt"/>
      <line num="98" count="0" type="stmt"/>
      <line num="99" count="0" type="stmt"/>
      <line num="100" count="0" type="stmt"/>
      <line num="101" count="0" type="stmt"/>
      <line num="104" count="0" type="stmt"/>
      <line num="105" count="0" type="stmt"/>
      <line num="106" count="0" type="stmt"/>
      <line num="107" count="0" type="stmt"/>
      <line num="108" count="0" type="stmt"/>
      <line num="111" count="0" type="stmt"/>
      <line num="117" count="4" type="stmt"/>
      <line num="118" count="4" type="stmt"/>
      <line num="119" count="4" type="stmt"/>
      <line num="120" count="4" type="stmt"/>
      <line num="124" count="4" type="stmt"/>
      <line num="125" count="4" type="stmt"/>
      <line num="126" count="4" type="stmt"/>
      <line num="127" count="4" type="stmt"/>
      <line num="130" count="4" type="stmt"/>
      <line num="131" count="4" type="stmt"/>
      <line num="132" count="4" type="stmt"/>
      <line num="133" count="4" type="stmt"/>
      <line num="138" count="4" type="stmt"/>
      <line num="139" count="4" type="stmt"/>
      <line num="140" count="4" type="stmt"/>
      <line num="141" count="4" type="stmt"/>
      <line num="142" count="4" type="stmt"/>
      <line num="143" count="4" type="stmt"/>
      <line num="144" count="4" type="stmt"/>
      <line num="147" count="4" type="stmt"/>
      <line num="148" count="4" type="stmt"/>
      <line num="149" count="4" type="stmt"/>
      <line num="150" count="4" type="stmt"/>
      <line num="151" count="4" type="stmt"/>
      <line num="152" count="4" type="stmt"/>
      <line num="154" count="4" type="stmt"/>
      <line num="161" count="4" type="stmt"/>
      <line num="163" count="4" type="stmt"/>
      <line num="165" count="4" type="stmt"/>
      <line num="169" count="0" type="stmt"/>
      <line num="170" count="0" type="stmt"/>
      <line num="172" count="0" type="stmt"/>
      <line num="173" count="0" type="cond" truecount="0" falsecount="2"/>
      <line num="174" count="0" type="stmt"/>
      <line num="177" count="0" type="stmt"/>
      <line num="182" count="0" type="stmt"/>
      <line num="183" count="0" type="stmt"/>
      <line num="188" count="4" type="stmt"/>
      <line num="189" count="4" type="stmt"/>
      <line num="190" count="4" type="stmt"/>
      <line num="195" count="0" type="stmt"/>
      <line num="197" count="23" type="stmt"/>
    </file>
  </project>
</coverage>
