{"total": {"lines":{"total":208,"covered":152,"skipped":0,"pct":73.08},"statements":{"total":213,"covered":156,"skipped":0,"pct":73.24},"functions":{"total":25,"covered":14,"skipped":0,"pct":56},"branches":{"total":72,"covered":35,"skipped":0,"pct":48.61}}
,"C:\\Users\\boo13\\CSE110\\cse110-w21-group16\\source\\js\\popup.js": {"lines":{"total":25,"covered":21,"skipped":0,"pct":84},"functions":{"total":6,"covered":4,"skipped":0,"pct":66.67},"statements":{"total":25,"covered":21,"skipped":0,"pct":84},"branches":{"total":4,"covered":2,"skipped":0,"pct":50}}
,"C:\\Users\\boo13\\CSE110\\cse110-w21-group16\\source\\js\\timer.js": {"lines":{"total":128,"covered":117,"skipped":0,"pct":91.41},"functions":{"total":10,"covered":10,"skipped":0,"pct":100},"statements":{"total":132,"covered":121,"skipped":0,"pct":91.67},"branches":{"total":42,"covered":29,"skipped":0,"pct":69.05}}
,"C:\\Users\\boo13\\CSE110\\cse110-w21-group16\\source\\js\\todo.js": {"lines":{"total":55,"covered":14,"skipped":0,"pct":25.45},"functions":{"total":9,"covered":0,"skipped":0,"pct":0},"statements":{"total":56,"covered":14,"skipped":0,"pct":25},"branches":{"total":26,"covered":4,"skipped":0,"pct":15.38}}
}
