{"C:\\Users\\boo13\\CSE110\\cse110-w21-group16\\source\\js\\popup.js": {"path":"C:\\Users\\boo13\\CSE110\\cse110-w21-group16\\source\\js\\popup.js","statementMap":{"0":{"start":{"line":4,"column":0},"end":{"line":6,"column":3}},"1":{"start":{"line":5,"column":1},"end":{"line":5,"column":64}},"2":{"start":{"line":8,"column":0},"end":{"line":10,"column":3}},"3":{"start":{"line":9,"column":1},"end":{"line":9,"column":64}},"4":{"start":{"line":13,"column":0},"end":{"line":20,"column":3}},"5":{"start":{"line":14,"column":1},"end":{"line":14,"column":45}},"6":{"start":{"line":15,"column":1},"end":{"line":15,"column":51}},"7":{"start":{"line":16,"column":1},"end":{"line":16,"column":50}},"8":{"start":{"line":17,"column":1},"end":{"line":17,"column":42}},"9":{"start":{"line":18,"column":1},"end":{"line":18,"column":66}},"10":{"start":{"line":19,"column":1},"end":{"line":19,"column":66}},"11":{"start":{"line":22,"column":0},"end":{"line":25,"column":3}},"12":{"start":{"line":23,"column":1},"end":{"line":23,"column":65}},"13":{"start":{"line":24,"column":1},"end":{"line":24,"column":69}},"14":{"start":{"line":27,"column":0},"end":{"line":35,"column":3}},"15":{"start":{"line":28,"column":16},"end":{"line":28,"column":54}},"16":{"start":{"line":29,"column":1},"end":{"line":30,"column":9}},"17":{"start":{"line":30,"column":2},"end":{"line":30,"column":9}},"18":{"start":{"line":31,"column":19},"end":{"line":31,"column":57}},"19":{"start":{"line":32,"column":18},"end":{"line":32,"column":55}},"20":{"start":{"line":33,"column":1},"end":{"line":33,"column":68}},"21":{"start":{"line":34,"column":1},"end":{"line":34,"column":71}},"22":{"start":{"line":37,"column":0},"end":{"line":41,"column":3}},"23":{"start":{"line":38,"column":4},"end":{"line":40,"column":2}},"24":{"start":{"line":39,"column":2},"end":{"line":39,"column":48}}},"fnMap":{"0":{"name":"(anonymous_0)","decl":{"start":{"line":4,"column":58},"end":{"line":4,"column":59}},"loc":{"start":{"line":4,"column":64},"end":{"line":6,"column":1}},"line":4},"1":{"name":"(anonymous_1)","decl":{"start":{"line":8,"column":66},"end":{"line":8,"column":67}},"loc":{"start":{"line":8,"column":72},"end":{"line":10,"column":1}},"line":8},"2":{"name":"(anonymous_2)","decl":{"start":{"line":13,"column":62},"end":{"line":13,"column":63}},"loc":{"start":{"line":13,"column":68},"end":{"line":20,"column":1}},"line":13},"3":{"name":"(anonymous_3)","decl":{"start":{"line":22,"column":64},"end":{"line":22,"column":65}},"loc":{"start":{"line":22,"column":70},"end":{"line":25,"column":1}},"line":22},"4":{"name":"(anonymous_4)","decl":{"start":{"line":27,"column":59},"end":{"line":27,"column":60}},"loc":{"start":{"line":27,"column":65},"end":{"line":35,"column":1}},"line":27},"5":{"name":"(anonymous_5)","decl":{"start":{"line":37,"column":63},"end":{"line":37,"column":64}},"loc":{"start":{"line":37,"column":74},"end":{"line":41,"column":1}},"line":37}},"branchMap":{"0":{"loc":{"start":{"line":29,"column":1},"end":{"line":30,"column":9}},"type":"if","locations":[{"start":{"line":29,"column":1},"end":{"line":30,"column":9}},{"start":{"line":29,"column":1},"end":{"line":30,"column":9}}],"line":29},"1":{"loc":{"start":{"line":38,"column":4},"end":{"line":40,"column":2}},"type":"if","locations":[{"start":{"line":38,"column":4},"end":{"line":40,"column":2}},{"start":{"line":38,"column":4},"end":{"line":40,"column":2}}],"line":38}},"s":{"0":9,"1":0,"2":9,"3":0,"4":9,"5":0,"6":0,"7":0,"8":0,"9":0,"10":0,"11":9,"12":0,"13":0,"14":9,"15":0,"16":0,"17":0,"18":0,"19":0,"20":0,"21":0,"22":9,"23":0,"24":0},"f":{"0":0,"1":0,"2":0,"3":0,"4":0,"5":0},"b":{"0":[0,0],"1":[0,0]},"_coverageSchema":"1a1c01bbd47fc00a2c39e90264f33305004495a9","hash":"2ffa5dc732a24960755de8e1e8cd98faae718aa8"}
,"C:\\Users\\boo13\\CSE110\\cse110-w21-group16\\source\\js\\todo.js": {"path":"C:\\Users\\boo13\\CSE110\\cse110-w21-group16\\source\\js\\todo.js","statementMap":{"0":{"start":{"line":3,"column":10},"end":{"line":3,"column":11}},"1":{"start":{"line":5,"column":11},"end":{"line":5,"column":45}},"2":{"start":{"line":6,"column":12},"end":{"line":6,"column":52}},"3":{"start":{"line":7,"column":10},"end":{"line":7,"column":40}},"4":{"start":{"line":8,"column":12},"end":{"line":8,"column":44}},"5":{"start":{"line":9,"column":14},"end":{"line":9,"column":49}},"6":{"start":{"line":13,"column":15},"end":{"line":13,"column":17}},"7":{"start":{"line":16,"column":0},"end":{"line":18,"column":1}},"8":{"start":{"line":17,"column":0},"end":{"line":17,"column":44}},"9":{"start":{"line":20,"column":0},"end":{"line":26,"column":1}},"10":{"start":{"line":21,"column":4},"end":{"line":25,"column":7}},"11":{"start":{"line":22,"column":8},"end":{"line":24,"column":9}},"12":{"start":{"line":23,"column":12},"end":{"line":23,"column":35}},"13":{"start":{"line":28,"column":0},"end":{"line":38,"column":1}},"14":{"start":{"line":29,"column":8},"end":{"line":37,"column":7}},"15":{"start":{"line":30,"column":8},"end":{"line":35,"column":9}},"16":{"start":{"line":31,"column":12},"end":{"line":31,"column":25}},"17":{"start":{"line":33,"column":13},"end":{"line":35,"column":9}},"18":{"start":{"line":34,"column":12},"end":{"line":34,"column":58}},"19":{"start":{"line":36,"column":8},"end":{"line":36,"column":31}},"20":{"start":{"line":40,"column":0},"end":{"line":50,"column":1}},"21":{"start":{"line":41,"column":4},"end":{"line":49,"column":3}},"22":{"start":{"line":42,"column":4},"end":{"line":47,"column":5}},"23":{"start":{"line":43,"column":8},"end":{"line":43,"column":21}},"24":{"start":{"line":45,"column":9},"end":{"line":47,"column":5}},"25":{"start":{"line":46,"column":8},"end":{"line":46,"column":54}},"26":{"start":{"line":48,"column":4},"end":{"line":48,"column":27}},"27":{"start":{"line":52,"column":0},"end":{"line":60,"column":3}},"28":{"start":{"line":54,"column":21},"end":{"line":54,"column":53}},"29":{"start":{"line":55,"column":4},"end":{"line":58,"column":5}},"30":{"start":{"line":56,"column":8},"end":{"line":56,"column":42}},"31":{"start":{"line":57,"column":8},"end":{"line":57,"column":23}},"32":{"start":{"line":59,"column":4},"end":{"line":59,"column":48}},"33":{"start":{"line":64,"column":4},"end":{"line":68,"column":9}},"34":{"start":{"line":67,"column":12},"end":{"line":67,"column":22}},"35":{"start":{"line":73,"column":4},"end":{"line":109,"column":5}},"36":{"start":{"line":73,"column":16},"end":{"line":73,"column":17}},"37":{"start":{"line":75,"column":7},"end":{"line":75,"column":45}},"38":{"start":{"line":76,"column":7},"end":{"line":76,"column":26}},"39":{"start":{"line":77,"column":7},"end":{"line":77,"column":28}},"40":{"start":{"line":78,"column":7},"end":{"line":78,"column":28}},"41":{"start":{"line":89,"column":7},"end":{"line":89,"column":41}},"42":{"start":{"line":90,"column":7},"end":{"line":90,"column":31}},"43":{"start":{"line":91,"column":7},"end":{"line":91,"column":37}},"44":{"start":{"line":92,"column":7},"end":{"line":92,"column":49}},"45":{"start":{"line":92,"column":33},"end":{"line":92,"column":47}},"46":{"start":{"line":95,"column":18},"end":{"line":95,"column":37}},"47":{"start":{"line":96,"column":20},"end":{"line":96,"column":37}},"48":{"start":{"line":97,"column":20},"end":{"line":97,"column":37}},"49":{"start":{"line":98,"column":20},"end":{"line":98,"column":37}},"50":{"start":{"line":99,"column":20},"end":{"line":99,"column":37}},"51":{"start":{"line":100,"column":20},"end":{"line":100,"column":37}},"52":{"start":{"line":103,"column":8},"end":{"line":103,"column":31}},"53":{"start":{"line":104,"column":8},"end":{"line":104,"column":47}},"54":{"start":{"line":105,"column":8},"end":{"line":105,"column":49}},"55":{"start":{"line":106,"column":8},"end":{"line":106,"column":45}},"56":{"start":{"line":107,"column":8},"end":{"line":107,"column":31}},"57":{"start":{"line":110,"column":4},"end":{"line":110,"column":63}},"58":{"start":{"line":116,"column":4},"end":{"line":116,"column":42}},"59":{"start":{"line":117,"column":4},"end":{"line":117,"column":23}},"60":{"start":{"line":118,"column":4},"end":{"line":118,"column":25}},"61":{"start":{"line":119,"column":4},"end":{"line":119,"column":25}},"62":{"start":{"line":122,"column":1},"end":{"line":122,"column":35}},"63":{"start":{"line":123,"column":4},"end":{"line":123,"column":24}},"64":{"start":{"line":124,"column":4},"end":{"line":124,"column":34}},"65":{"start":{"line":125,"column":1},"end":{"line":125,"column":43}},"66":{"start":{"line":125,"column":27},"end":{"line":125,"column":41}},"67":{"start":{"line":128,"column":14},"end":{"line":128,"column":33}},"68":{"start":{"line":129,"column":16},"end":{"line":129,"column":33}},"69":{"start":{"line":130,"column":16},"end":{"line":130,"column":33}},"70":{"start":{"line":131,"column":16},"end":{"line":131,"column":33}},"71":{"start":{"line":132,"column":16},"end":{"line":132,"column":33}},"72":{"start":{"line":133,"column":16},"end":{"line":133,"column":33}},"73":{"start":{"line":136,"column":4},"end":{"line":136,"column":27}},"74":{"start":{"line":137,"column":4},"end":{"line":137,"column":43}},"75":{"start":{"line":138,"column":4},"end":{"line":138,"column":41}},"76":{"start":{"line":139,"column":4},"end":{"line":139,"column":24}},"77":{"start":{"line":140,"column":4},"end":{"line":140,"column":27}},"78":{"start":{"line":142,"column":4},"end":{"line":147,"column":7}},"79":{"start":{"line":149,"column":4},"end":{"line":149,"column":63}},"80":{"start":{"line":151,"column":4},"end":{"line":151,"column":10}},"81":{"start":{"line":153,"column":4},"end":{"line":153,"column":35}},"82":{"start":{"line":158,"column":14},"end":{"line":158,"column":46}},"83":{"start":{"line":159,"column":4},"end":{"line":159,"column":17}},"84":{"start":{"line":161,"column":4},"end":{"line":165,"column":5}},"85":{"start":{"line":161,"column":16},"end":{"line":161,"column":17}},"86":{"start":{"line":162,"column":8},"end":{"line":164,"column":9}},"87":{"start":{"line":163,"column":13},"end":{"line":163,"column":35}},"88":{"start":{"line":166,"column":4},"end":{"line":166,"column":63}},"89":{"start":{"line":172,"column":4},"end":{"line":172,"column":36}},"90":{"start":{"line":173,"column":4},"end":{"line":173,"column":21}},"91":{"start":{"line":174,"column":4},"end":{"line":174,"column":18}},"92":{"start":{"line":179,"column":4},"end":{"line":179,"column":35}},"93":{"start":{"line":181,"column":0},"end":{"line":181,"column":70}}},"fnMap":{"0":{"name":"(anonymous_0)","decl":{"start":{"line":21,"column":36},"end":{"line":21,"column":37}},"loc":{"start":{"line":21,"column":52},"end":{"line":25,"column":5}},"line":21},"1":{"name":"(anonymous_1)","decl":{"start":{"line":29,"column":40},"end":{"line":29,"column":41}},"loc":{"start":{"line":29,"column":56},"end":{"line":37,"column":5}},"line":29},"2":{"name":"(anonymous_2)","decl":{"start":{"line":41,"column":34},"end":{"line":41,"column":35}},"loc":{"start":{"line":41,"column":50},"end":{"line":49,"column":1}},"line":41},"3":{"name":"(anonymous_3)","decl":{"start":{"line":52,"column":44},"end":{"line":52,"column":45}},"loc":{"start":{"line":52,"column":50},"end":{"line":60,"column":1}},"line":52},"4":{"name":"checkFields","decl":{"start":{"line":62,"column":9},"end":{"line":62,"column":20}},"loc":{"start":{"line":62,"column":22},"end":{"line":69,"column":1}},"line":62},"5":{"name":"showTaskList","decl":{"start":{"line":71,"column":9},"end":{"line":71,"column":21}},"loc":{"start":{"line":71,"column":23},"end":{"line":111,"column":1}},"line":71},"6":{"name":"(anonymous_6)","decl":{"start":{"line":92,"column":21},"end":{"line":92,"column":22}},"loc":{"start":{"line":92,"column":32},"end":{"line":92,"column":48}},"line":92},"7":{"name":"addTask","decl":{"start":{"line":113,"column":9},"end":{"line":113,"column":16}},"loc":{"start":{"line":113,"column":18},"end":{"line":155,"column":1}},"line":113},"8":{"name":"(anonymous_8)","decl":{"start":{"line":125,"column":15},"end":{"line":125,"column":16}},"loc":{"start":{"line":125,"column":26},"end":{"line":125,"column":42}},"line":125},"9":{"name":"editRow","decl":{"start":{"line":157,"column":9},"end":{"line":157,"column":16}},"loc":{"start":{"line":157,"column":23},"end":{"line":168,"column":1}},"line":157},"10":{"name":"openForm","decl":{"start":{"line":171,"column":9},"end":{"line":171,"column":17}},"loc":{"start":{"line":171,"column":19},"end":{"line":175,"column":1}},"line":171},"11":{"name":"closeForm","decl":{"start":{"line":178,"column":9},"end":{"line":178,"column":18}},"loc":{"start":{"line":178,"column":20},"end":{"line":180,"column":1}},"line":178}},"branchMap":{"0":{"loc":{"start":{"line":16,"column":0},"end":{"line":18,"column":1}},"type":"if","locations":[{"start":{"line":16,"column":0},"end":{"line":18,"column":1}},{"start":{"line":16,"column":0},"end":{"line":18,"column":1}}],"line":16},"1":{"loc":{"start":{"line":20,"column":0},"end":{"line":26,"column":1}},"type":"if","locations":[{"start":{"line":20,"column":0},"end":{"line":26,"column":1}},{"start":{"line":20,"column":0},"end":{"line":26,"column":1}}],"line":20},"2":{"loc":{"start":{"line":22,"column":8},"end":{"line":24,"column":9}},"type":"if","locations":[{"start":{"line":22,"column":8},"end":{"line":24,"column":9}},{"start":{"line":22,"column":8},"end":{"line":24,"column":9}}],"line":22},"3":{"loc":{"start":{"line":22,"column":12},"end":{"line":22,"column":68}},"type":"binary-expr","locations":[{"start":{"line":22,"column":12},"end":{"line":22,"column":28}},{"start":{"line":22,"column":32},"end":{"line":22,"column":48}},{"start":{"line":22,"column":52},"end":{"line":22,"column":68}}],"line":22},"4":{"loc":{"start":{"line":28,"column":0},"end":{"line":38,"column":1}},"type":"if","locations":[{"start":{"line":28,"column":0},"end":{"line":38,"column":1}},{"start":{"line":28,"column":0},"end":{"line":38,"column":1}}],"line":28},"5":{"loc":{"start":{"line":30,"column":8},"end":{"line":35,"column":9}},"type":"if","locations":[{"start":{"line":30,"column":8},"end":{"line":35,"column":9}},{"start":{"line":30,"column":8},"end":{"line":35,"column":9}}],"line":30},"6":{"loc":{"start":{"line":33,"column":13},"end":{"line":35,"column":9}},"type":"if","locations":[{"start":{"line":33,"column":13},"end":{"line":35,"column":9}},{"start":{"line":33,"column":13},"end":{"line":35,"column":9}}],"line":33},"7":{"loc":{"start":{"line":40,"column":0},"end":{"line":50,"column":1}},"type":"if","locations":[{"start":{"line":40,"column":0},"end":{"line":50,"column":1}},{"start":{"line":40,"column":0},"end":{"line":50,"column":1}}],"line":40},"8":{"loc":{"start":{"line":42,"column":4},"end":{"line":47,"column":5}},"type":"if","locations":[{"start":{"line":42,"column":4},"end":{"line":47,"column":5}},{"start":{"line":42,"column":4},"end":{"line":47,"column":5}}],"line":42},"9":{"loc":{"start":{"line":45,"column":9},"end":{"line":47,"column":5}},"type":"if","locations":[{"start":{"line":45,"column":9},"end":{"line":47,"column":5}},{"start":{"line":45,"column":9},"end":{"line":47,"column":5}}],"line":45},"10":{"loc":{"start":{"line":55,"column":4},"end":{"line":58,"column":5}},"type":"if","locations":[{"start":{"line":55,"column":4},"end":{"line":58,"column":5}},{"start":{"line":55,"column":4},"end":{"line":58,"column":5}}],"line":55},"11":{"loc":{"start":{"line":64,"column":4},"end":{"line":68,"column":9}},"type":"if","locations":[{"start":{"line":64,"column":4},"end":{"line":68,"column":9}},{"start":{"line":64,"column":4},"end":{"line":68,"column":9}}],"line":64},"12":{"loc":{"start":{"line":64,"column":8},"end":{"line":66,"column":22}},"type":"binary-expr","locations":[{"start":{"line":64,"column":8},"end":{"line":64,"column":25}},{"start":{"line":65,"column":8},"end":{"line":65,"column":21}},{"start":{"line":66,"column":8},"end":{"line":66,"column":22}}],"line":64},"13":{"loc":{"start":{"line":162,"column":8},"end":{"line":164,"column":9}},"type":"if","locations":[{"start":{"line":162,"column":8},"end":{"line":164,"column":9}},{"start":{"line":162,"column":8},"end":{"line":164,"column":9}}],"line":162}},"s":{"0":9,"1":9,"2":9,"3":9,"4":9,"5":9,"6":9,"7":9,"8":9,"9":9,"10":9,"11":0,"12":0,"13":9,"14":9,"15":0,"16":0,"17":0,"18":0,"19":0,"20":9,"21":9,"22":0,"23":0,"24":0,"25":0,"26":0,"27":9,"28":9,"29":9,"30":0,"31":0,"32":9,"33":0,"34":0,"35":0,"36":0,"37":0,"38":0,"39":0,"40":0,"41":0,"42":0,"43":0,"44":0,"45":0,"46":0,"47":0,"48":0,"49":0,"50":0,"51":0,"52":0,"53":0,"54":0,"55":0,"56":0,"57":0,"58":0,"59":0,"60":0,"61":0,"62":0,"63":0,"64":0,"65":0,"66":0,"67":0,"68":0,"69":0,"70":0,"71":0,"72":0,"73":0,"74":0,"75":0,"76":0,"77":0,"78":0,"79":0,"80":0,"81":0,"82":0,"83":0,"84":0,"85":0,"86":0,"87":0,"88":0,"89":0,"90":0,"91":0,"92":0,"93":9},"f":{"0":0,"1":0,"2":0,"3":9,"4":0,"5":0,"6":0,"7":0,"8":0,"9":0,"10":0,"11":0},"b":{"0":[9,0],"1":[9,0],"2":[0,0],"3":[0,0,0],"4":[9,0],"5":[0,0],"6":[0,0],"7":[9,0],"8":[0,0],"9":[0,0],"10":[0,9],"11":[0,0],"12":[0,0,0],"13":[0,0]},"_coverageSchema":"1a1c01bbd47fc00a2c39e90264f33305004495a9","hash":"ef04fe34a099b37ea310357129eb92f81f9dffa4"}
}
