{"C:\\Users\\boo13\\CSE110\\cse110-w21-group16\\source\\js\\popup.js": {"path":"C:\\Users\\boo13\\CSE110\\cse110-w21-group16\\source\\js\\popup.js","statementMap":{"0":{"start":{"line":4,"column":0},"end":{"line":6,"column":3}},"1":{"start":{"line":5,"column":1},"end":{"line":5,"column":64}},"2":{"start":{"line":8,"column":0},"end":{"line":10,"column":3}},"3":{"start":{"line":9,"column":1},"end":{"line":9,"column":64}},"4":{"start":{"line":13,"column":0},"end":{"line":20,"column":3}},"5":{"start":{"line":14,"column":1},"end":{"line":14,"column":45}},"6":{"start":{"line":15,"column":1},"end":{"line":15,"column":51}},"7":{"start":{"line":16,"column":1},"end":{"line":16,"column":50}},"8":{"start":{"line":17,"column":1},"end":{"line":17,"column":42}},"9":{"start":{"line":18,"column":1},"end":{"line":18,"column":66}},"10":{"start":{"line":19,"column":1},"end":{"line":19,"column":66}},"11":{"start":{"line":22,"column":0},"end":{"line":25,"column":3}},"12":{"start":{"line":23,"column":1},"end":{"line":23,"column":65}},"13":{"start":{"line":24,"column":1},"end":{"line":24,"column":69}},"14":{"start":{"line":27,"column":0},"end":{"line":35,"column":3}},"15":{"start":{"line":28,"column":16},"end":{"line":28,"column":54}},"16":{"start":{"line":29,"column":1},"end":{"line":30,"column":9}},"17":{"start":{"line":30,"column":2},"end":{"line":30,"column":9}},"18":{"start":{"line":31,"column":19},"end":{"line":31,"column":57}},"19":{"start":{"line":32,"column":18},"end":{"line":32,"column":55}},"20":{"start":{"line":33,"column":1},"end":{"line":33,"column":68}},"21":{"start":{"line":34,"column":1},"end":{"line":34,"column":71}},"22":{"start":{"line":37,"column":0},"end":{"line":41,"column":3}},"23":{"start":{"line":38,"column":4},"end":{"line":40,"column":2}},"24":{"start":{"line":39,"column":2},"end":{"line":39,"column":48}},"25":{"start":{"line":44,"column":0},"end":{"line":47,"column":3}},"26":{"start":{"line":45,"column":1},"end":{"line":45,"column":66}},"27":{"start":{"line":46,"column":1},"end":{"line":46,"column":62}},"28":{"start":{"line":49,"column":0},"end":{"line":52,"column":3}},"29":{"start":{"line":50,"column":1},"end":{"line":50,"column":65}},"30":{"start":{"line":51,"column":1},"end":{"line":51,"column":65}}},"fnMap":{"0":{"name":"(anonymous_0)","decl":{"start":{"line":4,"column":58},"end":{"line":4,"column":59}},"loc":{"start":{"line":4,"column":64},"end":{"line":6,"column":1}},"line":4},"1":{"name":"(anonymous_1)","decl":{"start":{"line":8,"column":66},"end":{"line":8,"column":67}},"loc":{"start":{"line":8,"column":72},"end":{"line":10,"column":1}},"line":8},"2":{"name":"(anonymous_2)","decl":{"start":{"line":13,"column":62},"end":{"line":13,"column":63}},"loc":{"start":{"line":13,"column":68},"end":{"line":20,"column":1}},"line":13},"3":{"name":"(anonymous_3)","decl":{"start":{"line":22,"column":64},"end":{"line":22,"column":65}},"loc":{"start":{"line":22,"column":70},"end":{"line":25,"column":1}},"line":22},"4":{"name":"(anonymous_4)","decl":{"start":{"line":27,"column":59},"end":{"line":27,"column":60}},"loc":{"start":{"line":27,"column":65},"end":{"line":35,"column":1}},"line":27},"5":{"name":"(anonymous_5)","decl":{"start":{"line":37,"column":63},"end":{"line":37,"column":64}},"loc":{"start":{"line":37,"column":74},"end":{"line":41,"column":1}},"line":37},"6":{"name":"(anonymous_6)","decl":{"start":{"line":44,"column":62},"end":{"line":44,"column":63}},"loc":{"start":{"line":44,"column":68},"end":{"line":47,"column":1}},"line":44},"7":{"name":"(anonymous_7)","decl":{"start":{"line":49,"column":61},"end":{"line":49,"column":62}},"loc":{"start":{"line":49,"column":67},"end":{"line":52,"column":1}},"line":49}},"branchMap":{"0":{"loc":{"start":{"line":29,"column":1},"end":{"line":30,"column":9}},"type":"if","locations":[{"start":{"line":29,"column":1},"end":{"line":30,"column":9}},{"start":{"line":29,"column":1},"end":{"line":30,"column":9}}],"line":29},"1":{"loc":{"start":{"line":38,"column":4},"end":{"line":40,"column":2}},"type":"if","locations":[{"start":{"line":38,"column":4},"end":{"line":40,"column":2}},{"start":{"line":38,"column":4},"end":{"line":40,"column":2}}],"line":38}},"s":{"0":23,"1":0,"2":23,"3":0,"4":23,"5":11,"6":11,"7":11,"8":11,"9":11,"10":11,"11":23,"12":1,"13":1,"14":23,"15":10,"16":10,"17":0,"18":10,"19":10,"20":10,"21":10,"22":23,"23":40,"24":0,"25":23,"26":4,"27":4,"28":23,"29":2,"30":2},"f":{"0":0,"1":0,"2":11,"3":1,"4":10,"5":40,"6":4,"7":2},"b":{"0":[0,10],"1":[0,40]},"_coverageSchema":"1a1c01bbd47fc00a2c39e90264f33305004495a9","hash":"57e21361096fe1c11b18a5fc4c659896a6e91de2"}
,"C:\\Users\\boo13\\CSE110\\cse110-w21-group16\\source\\js\\timer.js": {"path":"C:\\Users\\boo13\\CSE110\\cse110-w21-group16\\source\\js\\timer.js","statementMap":{"0":{"start":{"line":3,"column":16},"end":{"line":3,"column":17}},"1":{"start":{"line":4,"column":22},"end":{"line":4,"column":26}},"2":{"start":{"line":5,"column":22},"end":{"line":5,"column":24}},"3":{"start":{"line":6,"column":20},"end":{"line":6,"column":21}},"4":{"start":{"line":7,"column":26},"end":{"line":7,"column":27}},"5":{"start":{"line":8,"column":25},"end":{"line":8,"column":27}},"6":{"start":{"line":9,"column":14},"end":{"line":9,"column":18}},"7":{"start":{"line":10,"column":20},"end":{"line":10,"column":21}},"8":{"start":{"line":13,"column":16},"end":{"line":13,"column":21}},"9":{"start":{"line":14,"column":22},"end":{"line":14,"column":54}},"10":{"start":{"line":15,"column":14},"end":{"line":15,"column":54}},"11":{"start":{"line":16,"column":18},"end":{"line":16,"column":55}},"12":{"start":{"line":19,"column":14},"end":{"line":19,"column":49}},"13":{"start":{"line":20,"column":15},"end":{"line":20,"column":46}},"14":{"start":{"line":21,"column":15},"end":{"line":21,"column":51}},"15":{"start":{"line":22,"column":12},"end":{"line":22,"column":44}},"16":{"start":{"line":23,"column":10},"end":{"line":23,"column":44}},"17":{"start":{"line":24,"column":9},"end":{"line":24,"column":42}},"18":{"start":{"line":25,"column":15},"end":{"line":25,"column":49}},"19":{"start":{"line":27,"column":14},"end":{"line":27,"column":49}},"20":{"start":{"line":30,"column":14},"end":{"line":30,"column":45}},"21":{"start":{"line":31,"column":0},"end":{"line":31,"column":56}},"22":{"start":{"line":35,"column":0},"end":{"line":65,"column":1}},"23":{"start":{"line":36,"column":2},"end":{"line":64,"column":5}},"24":{"start":{"line":38,"column":4},"end":{"line":38,"column":55}},"25":{"start":{"line":39,"column":4},"end":{"line":39,"column":35}},"26":{"start":{"line":40,"column":4},"end":{"line":40,"column":36}},"27":{"start":{"line":42,"column":4},"end":{"line":42,"column":21}},"28":{"start":{"line":43,"column":4},"end":{"line":43,"column":29}},"29":{"start":{"line":44,"column":4},"end":{"line":44,"column":41}},"30":{"start":{"line":45,"column":4},"end":{"line":45,"column":59}},"31":{"start":{"line":46,"column":4},"end":{"line":46,"column":39}},"32":{"start":{"line":47,"column":4},"end":{"line":49,"column":5}},"33":{"start":{"line":48,"column":6},"end":{"line":48,"column":89}},"34":{"start":{"line":51,"column":4},"end":{"line":51,"column":89}},"35":{"start":{"line":58,"column":4},"end":{"line":58,"column":57}},"36":{"start":{"line":60,"column":20},"end":{"line":60,"column":64}},"37":{"start":{"line":61,"column":1},"end":{"line":61,"column":59}},"38":{"start":{"line":62,"column":21},"end":{"line":62,"column":60}},"39":{"start":{"line":63,"column":1},"end":{"line":63,"column":38}},"40":{"start":{"line":67,"column":0},"end":{"line":95,"column":1}},"41":{"start":{"line":68,"column":1},"end":{"line":94,"column":5}},"42":{"start":{"line":69,"column":2},"end":{"line":69,"column":66}},"43":{"start":{"line":70,"column":2},"end":{"line":70,"column":66}},"44":{"start":{"line":71,"column":2},"end":{"line":71,"column":27}},"45":{"start":{"line":74,"column":2},"end":{"line":79,"column":3}},"46":{"start":{"line":75,"column":3},"end":{"line":75,"column":38}},"47":{"start":{"line":76,"column":3},"end":{"line":76,"column":21}},"48":{"start":{"line":78,"column":3},"end":{"line":78,"column":39}},"49":{"start":{"line":80,"column":2},"end":{"line":80,"column":39}},"50":{"start":{"line":81,"column":2},"end":{"line":81,"column":18}},"51":{"start":{"line":82,"column":2},"end":{"line":82,"column":20}},"52":{"start":{"line":83,"column":2},"end":{"line":86,"column":3}},"53":{"start":{"line":84,"column":3},"end":{"line":84,"column":12}},"54":{"start":{"line":85,"column":3},"end":{"line":85,"column":86}},"55":{"start":{"line":87,"column":2},"end":{"line":87,"column":18}},"56":{"start":{"line":88,"column":2},"end":{"line":88,"column":37}},"57":{"start":{"line":90,"column":2},"end":{"line":90,"column":65}},"58":{"start":{"line":91,"column":2},"end":{"line":91,"column":58}},"59":{"start":{"line":92,"column":2},"end":{"line":92,"column":23}},"60":{"start":{"line":93,"column":2},"end":{"line":93,"column":84}},"61":{"start":{"line":97,"column":0},"end":{"line":104,"column":1}},"62":{"start":{"line":98,"column":2},"end":{"line":103,"column":5}},"63":{"start":{"line":99,"column":4},"end":{"line":102,"column":5}},"64":{"start":{"line":100,"column":2},"end":{"line":100,"column":34}},"65":{"start":{"line":101,"column":2},"end":{"line":101,"column":38}},"66":{"start":{"line":105,"column":0},"end":{"line":118,"column":1}},"67":{"start":{"line":106,"column":2},"end":{"line":117,"column":5}},"68":{"start":{"line":107,"column":4},"end":{"line":107,"column":29}},"69":{"start":{"line":108,"column":4},"end":{"line":108,"column":43}},"70":{"start":{"line":109,"column":4},"end":{"line":109,"column":18}},"71":{"start":{"line":110,"column":4},"end":{"line":110,"column":19}},"72":{"start":{"line":111,"column":4},"end":{"line":111,"column":29}},"73":{"start":{"line":112,"column":4},"end":{"line":112,"column":41}},"74":{"start":{"line":114,"column":4},"end":{"line":114,"column":35}},"75":{"start":{"line":116,"column":4},"end":{"line":116,"column":43}},"76":{"start":{"line":119,"column":0},"end":{"line":124,"column":1}},"77":{"start":{"line":120,"column":0},"end":{"line":123,"column":3}},"78":{"start":{"line":121,"column":1},"end":{"line":121,"column":32}},"79":{"start":{"line":122,"column":1},"end":{"line":122,"column":40}},"80":{"start":{"line":128,"column":2},"end":{"line":128,"column":55}},"81":{"start":{"line":129,"column":2},"end":{"line":129,"column":21}},"82":{"start":{"line":130,"column":2},"end":{"line":156,"column":3}},"83":{"start":{"line":131,"column":4},"end":{"line":131,"column":29}},"84":{"start":{"line":132,"column":4},"end":{"line":132,"column":26}},"85":{"start":{"line":133,"column":4},"end":{"line":133,"column":17}},"86":{"start":{"line":134,"column":4},"end":{"line":155,"column":5}},"87":{"start":{"line":135,"column":6},"end":{"line":140,"column":7}},"88":{"start":{"line":136,"column":8},"end":{"line":136,"column":43}},"89":{"start":{"line":137,"column":8},"end":{"line":137,"column":26}},"90":{"start":{"line":139,"column":8},"end":{"line":139,"column":44}},"91":{"start":{"line":141,"column":6},"end":{"line":141,"column":43}},"92":{"start":{"line":142,"column":6},"end":{"line":142,"column":22}},"93":{"start":{"line":143,"column":6},"end":{"line":143,"column":24}},"94":{"start":{"line":144,"column":6},"end":{"line":144,"column":15}},"95":{"start":{"line":145,"column":6},"end":{"line":145,"column":23}},"96":{"start":{"line":146,"column":6},"end":{"line":146,"column":43}},"97":{"start":{"line":148,"column":6},"end":{"line":148,"column":69}},"98":{"start":{"line":149,"column":6},"end":{"line":149,"column":62}},"99":{"start":{"line":150,"column":6},"end":{"line":150,"column":27}},"100":{"start":{"line":152,"column":6},"end":{"line":152,"column":45}},"101":{"start":{"line":153,"column":6},"end":{"line":153,"column":21}},"102":{"start":{"line":154,"column":6},"end":{"line":154,"column":60}},"103":{"start":{"line":160,"column":0},"end":{"line":178,"column":1}},"104":{"start":{"line":161,"column":2},"end":{"line":177,"column":5}},"105":{"start":{"line":162,"column":4},"end":{"line":162,"column":27}},"106":{"start":{"line":163,"column":4},"end":{"line":163,"column":68}},"107":{"start":{"line":164,"column":4},"end":{"line":164,"column":72}},"108":{"start":{"line":165,"column":16},"end":{"line":165,"column":54}},"109":{"start":{"line":166,"column":22},"end":{"line":166,"column":66}},"110":{"start":{"line":167,"column":21},"end":{"line":167,"column":64}},"111":{"start":{"line":169,"column":4},"end":{"line":172,"column":5}},"112":{"start":{"line":170,"column":2},"end":{"line":170,"column":39}},"113":{"start":{"line":171,"column":2},"end":{"line":171,"column":34}},"114":{"start":{"line":173,"column":4},"end":{"line":174,"column":48}},"115":{"start":{"line":174,"column":6},"end":{"line":174,"column":48}},"116":{"start":{"line":175,"column":4},"end":{"line":176,"column":46}},"117":{"start":{"line":176,"column":6},"end":{"line":176,"column":46}},"118":{"start":{"line":183,"column":24},"end":{"line":183,"column":56}},"119":{"start":{"line":184,"column":26},"end":{"line":184,"column":46}},"120":{"start":{"line":185,"column":2},"end":{"line":185,"column":134}},"121":{"start":{"line":189,"column":2},"end":{"line":189,"column":21}},"122":{"start":{"line":190,"column":2},"end":{"line":193,"column":3}},"123":{"start":{"line":191,"column":12},"end":{"line":191,"column":76}},"124":{"start":{"line":192,"column":4},"end":{"line":192,"column":28}},"125":{"start":{"line":200,"column":2},"end":{"line":220,"column":3}},"126":{"start":{"line":202,"column":1},"end":{"line":202,"column":55}},"127":{"start":{"line":203,"column":1},"end":{"line":203,"column":32}},"128":{"start":{"line":205,"column":1},"end":{"line":205,"column":40}},"129":{"start":{"line":206,"column":1},"end":{"line":206,"column":33}},"130":{"start":{"line":207,"column":1},"end":{"line":207,"column":34}},"131":{"start":{"line":208,"column":21},"end":{"line":208,"column":60}},"132":{"start":{"line":209,"column":1},"end":{"line":209,"column":38}},"133":{"start":{"line":210,"column":8},"end":{"line":220,"column":3}},"134":{"start":{"line":212,"column":1},"end":{"line":212,"column":55}},"135":{"start":{"line":213,"column":1},"end":{"line":213,"column":32}},"136":{"start":{"line":215,"column":1},"end":{"line":215,"column":40}},"137":{"start":{"line":216,"column":1},"end":{"line":216,"column":33}},"138":{"start":{"line":217,"column":1},"end":{"line":217,"column":34}},"139":{"start":{"line":218,"column":21},"end":{"line":218,"column":60}},"140":{"start":{"line":219,"column":1},"end":{"line":219,"column":38}},"141":{"start":{"line":226,"column":19},"end":{"line":226,"column":51}},"142":{"start":{"line":227,"column":4},"end":{"line":233,"column":5}},"143":{"start":{"line":227,"column":17},"end":{"line":227,"column":18}},"144":{"start":{"line":227,"column":24},"end":{"line":227,"column":39}},"145":{"start":{"line":229,"column":8},"end":{"line":232,"column":9}},"146":{"start":{"line":231,"column":12},"end":{"line":231,"column":21}},"147":{"start":{"line":238,"column":19},"end":{"line":238,"column":51}},"148":{"start":{"line":239,"column":4},"end":{"line":245,"column":5}},"149":{"start":{"line":239,"column":17},"end":{"line":239,"column":18}},"150":{"start":{"line":239,"column":24},"end":{"line":239,"column":39}},"151":{"start":{"line":241,"column":8},"end":{"line":244,"column":9}},"152":{"start":{"line":243,"column":10},"end":{"line":243,"column":38}},"153":{"start":{"line":248,"column":0},"end":{"line":248,"column":37}},"154":{"start":{"line":250,"column":0},"end":{"line":250,"column":30}},"155":{"start":{"line":251,"column":0},"end":{"line":251,"column":29}}},"fnMap":{"0":{"name":"(anonymous_0)","decl":{"start":{"line":36,"column":65},"end":{"line":36,"column":66}},"loc":{"start":{"line":36,"column":71},"end":{"line":64,"column":3}},"line":36},"1":{"name":"(anonymous_1)","decl":{"start":{"line":68,"column":63},"end":{"line":68,"column":64}},"loc":{"start":{"line":68,"column":69},"end":{"line":94,"column":3}},"line":68},"2":{"name":"(anonymous_2)","decl":{"start":{"line":98,"column":34},"end":{"line":98,"column":35}},"loc":{"start":{"line":98,"column":40},"end":{"line":103,"column":3}},"line":98},"3":{"name":"(anonymous_3)","decl":{"start":{"line":106,"column":32},"end":{"line":106,"column":33}},"loc":{"start":{"line":106,"column":37},"end":{"line":117,"column":3}},"line":106},"4":{"name":"(anonymous_4)","decl":{"start":{"line":120,"column":29},"end":{"line":120,"column":30}},"loc":{"start":{"line":120,"column":34},"end":{"line":123,"column":1}},"line":120},"5":{"name":"timer","decl":{"start":{"line":127,"column":9},"end":{"line":127,"column":14}},"loc":{"start":{"line":127,"column":17},"end":{"line":157,"column":1}},"line":127},"6":{"name":"(anonymous_6)","decl":{"start":{"line":161,"column":38},"end":{"line":161,"column":39}},"loc":{"start":{"line":161,"column":44},"end":{"line":177,"column":3}},"line":161},"7":{"name":"countdownDisplay","decl":{"start":{"line":182,"column":9},"end":{"line":182,"column":25}},"loc":{"start":{"line":182,"column":28},"end":{"line":186,"column":1}},"line":182},"8":{"name":"updateHTML","decl":{"start":{"line":188,"column":9},"end":{"line":188,"column":19}},"loc":{"start":{"line":188,"column":22},"end":{"line":221,"column":1}},"line":188},"9":{"name":"getRadioIndex","decl":{"start":{"line":224,"column":9},"end":{"line":224,"column":22}},"loc":{"start":{"line":225,"column":0},"end":{"line":234,"column":1}},"line":225},"10":{"name":"undoCheck","decl":{"start":{"line":236,"column":9},"end":{"line":236,"column":18}},"loc":{"start":{"line":237,"column":0},"end":{"line":246,"column":1}},"line":237}},"branchMap":{"0":{"loc":{"start":{"line":35,"column":0},"end":{"line":65,"column":1}},"type":"if","locations":[{"start":{"line":35,"column":0},"end":{"line":65,"column":1}},{"start":{"line":35,"column":0},"end":{"line":65,"column":1}}],"line":35},"1":{"loc":{"start":{"line":47,"column":4},"end":{"line":49,"column":5}},"type":"if","locations":[{"start":{"line":47,"column":4},"end":{"line":49,"column":5}},{"start":{"line":47,"column":4},"end":{"line":49,"column":5}}],"line":47},"2":{"loc":{"start":{"line":67,"column":0},"end":{"line":95,"column":1}},"type":"if","locations":[{"start":{"line":67,"column":0},"end":{"line":95,"column":1}},{"start":{"line":67,"column":0},"end":{"line":95,"column":1}}],"line":67},"3":{"loc":{"start":{"line":74,"column":2},"end":{"line":79,"column":3}},"type":"if","locations":[{"start":{"line":74,"column":2},"end":{"line":79,"column":3}},{"start":{"line":74,"column":2},"end":{"line":79,"column":3}}],"line":74},"4":{"loc":{"start":{"line":83,"column":2},"end":{"line":86,"column":3}},"type":"if","locations":[{"start":{"line":83,"column":2},"end":{"line":86,"column":3}},{"start":{"line":83,"column":2},"end":{"line":86,"column":3}}],"line":83},"5":{"loc":{"start":{"line":97,"column":0},"end":{"line":104,"column":1}},"type":"if","locations":[{"start":{"line":97,"column":0},"end":{"line":104,"column":1}},{"start":{"line":97,"column":0},"end":{"line":104,"column":1}}],"line":97},"6":{"loc":{"start":{"line":99,"column":4},"end":{"line":102,"column":5}},"type":"if","locations":[{"start":{"line":99,"column":4},"end":{"line":102,"column":5}},{"start":{"line":99,"column":4},"end":{"line":102,"column":5}}],"line":99},"7":{"loc":{"start":{"line":105,"column":0},"end":{"line":118,"column":1}},"type":"if","locations":[{"start":{"line":105,"column":0},"end":{"line":118,"column":1}},{"start":{"line":105,"column":0},"end":{"line":118,"column":1}}],"line":105},"8":{"loc":{"start":{"line":119,"column":0},"end":{"line":124,"column":1}},"type":"if","locations":[{"start":{"line":119,"column":0},"end":{"line":124,"column":1}},{"start":{"line":119,"column":0},"end":{"line":124,"column":1}}],"line":119},"9":{"loc":{"start":{"line":130,"column":2},"end":{"line":156,"column":3}},"type":"if","locations":[{"start":{"line":130,"column":2},"end":{"line":156,"column":3}},{"start":{"line":130,"column":2},"end":{"line":156,"column":3}}],"line":130},"10":{"loc":{"start":{"line":134,"column":4},"end":{"line":155,"column":5}},"type":"if","locations":[{"start":{"line":134,"column":4},"end":{"line":155,"column":5}},{"start":{"line":134,"column":4},"end":{"line":155,"column":5}}],"line":134},"11":{"loc":{"start":{"line":135,"column":6},"end":{"line":140,"column":7}},"type":"if","locations":[{"start":{"line":135,"column":6},"end":{"line":140,"column":7}},{"start":{"line":135,"column":6},"end":{"line":140,"column":7}}],"line":135},"12":{"loc":{"start":{"line":160,"column":0},"end":{"line":178,"column":1}},"type":"if","locations":[{"start":{"line":160,"column":0},"end":{"line":178,"column":1}},{"start":{"line":160,"column":0},"end":{"line":178,"column":1}}],"line":160},"13":{"loc":{"start":{"line":169,"column":4},"end":{"line":172,"column":5}},"type":"if","locations":[{"start":{"line":169,"column":4},"end":{"line":172,"column":5}},{"start":{"line":169,"column":4},"end":{"line":172,"column":5}}],"line":169},"14":{"loc":{"start":{"line":173,"column":4},"end":{"line":174,"column":48}},"type":"if","locations":[{"start":{"line":173,"column":4},"end":{"line":174,"column":48}},{"start":{"line":173,"column":4},"end":{"line":174,"column":48}}],"line":173},"15":{"loc":{"start":{"line":175,"column":4},"end":{"line":176,"column":46}},"type":"if","locations":[{"start":{"line":175,"column":4},"end":{"line":176,"column":46}},{"start":{"line":175,"column":4},"end":{"line":176,"column":46}}],"line":175},"16":{"loc":{"start":{"line":185,"column":78},"end":{"line":185,"column":111}},"type":"cond-expr","locations":[{"start":{"line":185,"column":103},"end":{"line":185,"column":106}},{"start":{"line":185,"column":109},"end":{"line":185,"column":111}}],"line":185},"17":{"loc":{"start":{"line":190,"column":2},"end":{"line":193,"column":3}},"type":"if","locations":[{"start":{"line":190,"column":2},"end":{"line":193,"column":3}},{"start":{"line":190,"column":2},"end":{"line":193,"column":3}}],"line":190},"18":{"loc":{"start":{"line":200,"column":2},"end":{"line":220,"column":3}},"type":"if","locations":[{"start":{"line":200,"column":2},"end":{"line":220,"column":3}},{"start":{"line":200,"column":2},"end":{"line":220,"column":3}}],"line":200},"19":{"loc":{"start":{"line":200,"column":5},"end":{"line":200,"column":43}},"type":"binary-expr","locations":[{"start":{"line":200,"column":5},"end":{"line":200,"column":21}},{"start":{"line":200,"column":25},"end":{"line":200,"column":43}}],"line":200},"20":{"loc":{"start":{"line":210,"column":8},"end":{"line":220,"column":3}},"type":"if","locations":[{"start":{"line":210,"column":8},"end":{"line":220,"column":3}},{"start":{"line":210,"column":8},"end":{"line":220,"column":3}}],"line":210},"21":{"loc":{"start":{"line":210,"column":11},"end":{"line":210,"column":49}},"type":"binary-expr","locations":[{"start":{"line":210,"column":11},"end":{"line":210,"column":27}},{"start":{"line":210,"column":31},"end":{"line":210,"column":49}}],"line":210},"22":{"loc":{"start":{"line":229,"column":8},"end":{"line":232,"column":9}},"type":"if","locations":[{"start":{"line":229,"column":8},"end":{"line":232,"column":9}},{"start":{"line":229,"column":8},"end":{"line":232,"column":9}}],"line":229},"23":{"loc":{"start":{"line":241,"column":8},"end":{"line":244,"column":9}},"type":"if","locations":[{"start":{"line":241,"column":8},"end":{"line":244,"column":9}},{"start":{"line":241,"column":8},"end":{"line":244,"column":9}}],"line":241}},"s":{"0":23,"1":23,"2":23,"3":23,"4":23,"5":23,"6":23,"7":23,"8":23,"9":23,"10":23,"11":23,"12":23,"13":23,"14":23,"15":23,"16":23,"17":23,"18":23,"19":23,"20":23,"21":23,"22":23,"23":23,"24":26,"25":26,"26":26,"27":26,"28":26,"29":26,"30":26,"31":26,"32":26,"33":4,"34":26,"35":4,"36":4,"37":4,"38":4,"39":4,"40":23,"41":23,"42":2,"43":2,"44":2,"45":2,"46":0,"47":0,"48":2,"49":2,"50":2,"51":2,"52":2,"53":2,"54":2,"55":2,"56":2,"57":2,"58":2,"59":2,"60":2,"61":23,"62":23,"63":6,"64":6,"65":6,"66":23,"67":23,"68":4,"69":4,"70":4,"71":4,"72":4,"73":4,"74":4,"75":4,"76":23,"77":23,"78":2,"79":2,"80":51,"81":51,"82":51,"83":20,"84":20,"85":20,"86":20,"87":12,"88":2,"89":2,"90":10,"91":12,"92":12,"93":12,"94":12,"95":12,"96":12,"97":12,"98":12,"99":12,"100":8,"101":8,"102":8,"103":23,"104":23,"105":10,"106":10,"107":10,"108":10,"109":10,"110":10,"111":10,"112":10,"113":10,"114":10,"115":6,"116":10,"117":4,"118":150,"119":150,"120":150,"121":150,"122":150,"123":0,"124":0,"125":150,"126":12,"127":12,"128":12,"129":12,"130":12,"131":12,"132":12,"133":138,"134":2,"135":2,"136":2,"137":2,"138":2,"139":2,"140":2,"141":26,"142":26,"143":26,"144":26,"145":4,"146":4,"147":14,"148":14,"149":14,"150":14,"151":2,"152":2,"153":23,"154":23,"155":23},"f":{"0":26,"1":2,"2":6,"3":4,"4":2,"5":51,"6":10,"7":150,"8":150,"9":26,"10":14},"b":{"0":[23,0],"1":[4,22],"2":[23,0],"3":[0,2],"4":[2,0],"5":[23,0],"6":[6,0],"7":[23,0],"8":[23,0],"9":[20,31],"10":[12,8],"11":[2,10],"12":[23,0],"13":[10,0],"14":[6,4],"15":[4,6],"16":[140,10],"17":[0,150],"18":[12,138],"19":[150,14],"20":[2,136],"21":[138,2],"22":[4,0],"23":[2,0]},"_coverageSchema":"1a1c01bbd47fc00a2c39e90264f33305004495a9","hash":"f558595dd357f2f67432a090bb280eac3345be01"}
,"C:\\Users\\boo13\\CSE110\\cse110-w21-group16\\source\\js\\todo.js": {"path":"C:\\Users\\boo13\\CSE110\\cse110-w21-group16\\source\\js\\todo.js","statementMap":{"0":{"start":{"line":3,"column":10},"end":{"line":3,"column":11}},"1":{"start":{"line":5,"column":11},"end":{"line":5,"column":45}},"2":{"start":{"line":6,"column":12},"end":{"line":6,"column":52}},"3":{"start":{"line":7,"column":10},"end":{"line":7,"column":40}},"4":{"start":{"line":8,"column":11},"end":{"line":8,"column":43}},"5":{"start":{"line":14,"column":15},"end":{"line":14,"column":17}},"6":{"start":{"line":17,"column":0},"end":{"line":19,"column":1}},"7":{"start":{"line":18,"column":0},"end":{"line":18,"column":44}},"8":{"start":{"line":21,"column":0},"end":{"line":27,"column":1}},"9":{"start":{"line":22,"column":4},"end":{"line":26,"column":7}},"10":{"start":{"line":23,"column":8},"end":{"line":25,"column":9}},"11":{"start":{"line":24,"column":12},"end":{"line":24,"column":35}},"12":{"start":{"line":29,"column":0},"end":{"line":39,"column":1}},"13":{"start":{"line":30,"column":8},"end":{"line":38,"column":7}},"14":{"start":{"line":31,"column":8},"end":{"line":36,"column":9}},"15":{"start":{"line":32,"column":12},"end":{"line":32,"column":25}},"16":{"start":{"line":34,"column":13},"end":{"line":36,"column":9}},"17":{"start":{"line":35,"column":12},"end":{"line":35,"column":58}},"18":{"start":{"line":37,"column":8},"end":{"line":37,"column":31}},"19":{"start":{"line":41,"column":0},"end":{"line":51,"column":1}},"20":{"start":{"line":42,"column":4},"end":{"line":50,"column":3}},"21":{"start":{"line":43,"column":4},"end":{"line":48,"column":5}},"22":{"start":{"line":44,"column":8},"end":{"line":44,"column":21}},"23":{"start":{"line":46,"column":9},"end":{"line":48,"column":5}},"24":{"start":{"line":47,"column":8},"end":{"line":47,"column":54}},"25":{"start":{"line":49,"column":4},"end":{"line":49,"column":27}},"26":{"start":{"line":53,"column":0},"end":{"line":61,"column":3}},"27":{"start":{"line":55,"column":21},"end":{"line":55,"column":53}},"28":{"start":{"line":56,"column":4},"end":{"line":59,"column":5}},"29":{"start":{"line":57,"column":8},"end":{"line":57,"column":42}},"30":{"start":{"line":58,"column":8},"end":{"line":58,"column":23}},"31":{"start":{"line":60,"column":4},"end":{"line":60,"column":48}},"32":{"start":{"line":65,"column":4},"end":{"line":69,"column":9}},"33":{"start":{"line":68,"column":12},"end":{"line":68,"column":22}},"34":{"start":{"line":74,"column":4},"end":{"line":110,"column":5}},"35":{"start":{"line":74,"column":16},"end":{"line":74,"column":17}},"36":{"start":{"line":76,"column":7},"end":{"line":76,"column":45}},"37":{"start":{"line":77,"column":7},"end":{"line":77,"column":26}},"38":{"start":{"line":78,"column":7},"end":{"line":78,"column":28}},"39":{"start":{"line":79,"column":7},"end":{"line":79,"column":28}},"40":{"start":{"line":90,"column":7},"end":{"line":90,"column":41}},"41":{"start":{"line":91,"column":7},"end":{"line":91,"column":31}},"42":{"start":{"line":92,"column":7},"end":{"line":92,"column":37}},"43":{"start":{"line":93,"column":7},"end":{"line":93,"column":49}},"44":{"start":{"line":93,"column":33},"end":{"line":93,"column":47}},"45":{"start":{"line":96,"column":18},"end":{"line":96,"column":37}},"46":{"start":{"line":97,"column":20},"end":{"line":97,"column":37}},"47":{"start":{"line":98,"column":20},"end":{"line":98,"column":37}},"48":{"start":{"line":99,"column":20},"end":{"line":99,"column":37}},"49":{"start":{"line":100,"column":20},"end":{"line":100,"column":37}},"50":{"start":{"line":101,"column":20},"end":{"line":101,"column":37}},"51":{"start":{"line":104,"column":8},"end":{"line":104,"column":31}},"52":{"start":{"line":105,"column":8},"end":{"line":105,"column":47}},"53":{"start":{"line":106,"column":8},"end":{"line":106,"column":49}},"54":{"start":{"line":107,"column":8},"end":{"line":107,"column":45}},"55":{"start":{"line":108,"column":8},"end":{"line":108,"column":31}},"56":{"start":{"line":111,"column":4},"end":{"line":111,"column":63}},"57":{"start":{"line":117,"column":4},"end":{"line":117,"column":42}},"58":{"start":{"line":118,"column":4},"end":{"line":118,"column":23}},"59":{"start":{"line":119,"column":4},"end":{"line":119,"column":25}},"60":{"start":{"line":120,"column":4},"end":{"line":120,"column":25}},"61":{"start":{"line":124,"column":1},"end":{"line":124,"column":35}},"62":{"start":{"line":125,"column":4},"end":{"line":125,"column":24}},"63":{"start":{"line":126,"column":4},"end":{"line":126,"column":34}},"64":{"start":{"line":127,"column":1},"end":{"line":127,"column":43}},"65":{"start":{"line":127,"column":27},"end":{"line":127,"column":41}},"66":{"start":{"line":130,"column":1},"end":{"line":130,"column":36}},"67":{"start":{"line":131,"column":1},"end":{"line":131,"column":22}},"68":{"start":{"line":132,"column":1},"end":{"line":132,"column":39}},"69":{"start":{"line":133,"column":1},"end":{"line":133,"column":44}},"70":{"start":{"line":133,"column":28},"end":{"line":133,"column":42}},"71":{"start":{"line":138,"column":14},"end":{"line":138,"column":33}},"72":{"start":{"line":139,"column":16},"end":{"line":139,"column":33}},"73":{"start":{"line":140,"column":16},"end":{"line":140,"column":33}},"74":{"start":{"line":141,"column":16},"end":{"line":141,"column":33}},"75":{"start":{"line":142,"column":16},"end":{"line":142,"column":33}},"76":{"start":{"line":143,"column":16},"end":{"line":143,"column":33}},"77":{"start":{"line":144,"column":13},"end":{"line":144,"column":30}},"78":{"start":{"line":147,"column":4},"end":{"line":147,"column":27}},"79":{"start":{"line":148,"column":4},"end":{"line":148,"column":61}},"80":{"start":{"line":149,"column":4},"end":{"line":149,"column":59}},"81":{"start":{"line":150,"column":4},"end":{"line":150,"column":24}},"82":{"start":{"line":151,"column":4},"end":{"line":151,"column":27}},"83":{"start":{"line":152,"column":1},"end":{"line":152,"column":25}},"84":{"start":{"line":154,"column":4},"end":{"line":159,"column":7}},"85":{"start":{"line":161,"column":4},"end":{"line":161,"column":63}},"86":{"start":{"line":163,"column":4},"end":{"line":163,"column":10}},"87":{"start":{"line":165,"column":4},"end":{"line":165,"column":63}},"88":{"start":{"line":169,"column":14},"end":{"line":169,"column":46}},"89":{"start":{"line":170,"column":4},"end":{"line":170,"column":17}},"90":{"start":{"line":172,"column":4},"end":{"line":176,"column":5}},"91":{"start":{"line":172,"column":16},"end":{"line":172,"column":17}},"92":{"start":{"line":173,"column":8},"end":{"line":175,"column":9}},"93":{"start":{"line":174,"column":13},"end":{"line":174,"column":35}},"94":{"start":{"line":177,"column":4},"end":{"line":177,"column":63}},"95":{"start":{"line":182,"column":11},"end":{"line":182,"column":43}},"96":{"start":{"line":183,"column":4},"end":{"line":183,"column":35}},"97":{"start":{"line":188,"column":4},"end":{"line":188,"column":64}},"98":{"start":{"line":189,"column":4},"end":{"line":189,"column":48}},"99":{"start":{"line":190,"column":4},"end":{"line":190,"column":45}},"100":{"start":{"line":195,"column":4},"end":{"line":195,"column":63}},"101":{"start":{"line":197,"column":0},"end":{"line":197,"column":70}}},"fnMap":{"0":{"name":"(anonymous_0)","decl":{"start":{"line":22,"column":36},"end":{"line":22,"column":37}},"loc":{"start":{"line":22,"column":52},"end":{"line":26,"column":5}},"line":22},"1":{"name":"(anonymous_1)","decl":{"start":{"line":30,"column":40},"end":{"line":30,"column":41}},"loc":{"start":{"line":30,"column":56},"end":{"line":38,"column":5}},"line":30},"2":{"name":"(anonymous_2)","decl":{"start":{"line":42,"column":34},"end":{"line":42,"column":35}},"loc":{"start":{"line":42,"column":50},"end":{"line":50,"column":1}},"line":42},"3":{"name":"(anonymous_3)","decl":{"start":{"line":53,"column":44},"end":{"line":53,"column":45}},"loc":{"start":{"line":53,"column":50},"end":{"line":61,"column":1}},"line":53},"4":{"name":"checkFields","decl":{"start":{"line":63,"column":9},"end":{"line":63,"column":20}},"loc":{"start":{"line":63,"column":22},"end":{"line":70,"column":1}},"line":63},"5":{"name":"showTaskList","decl":{"start":{"line":72,"column":9},"end":{"line":72,"column":21}},"loc":{"start":{"line":72,"column":23},"end":{"line":112,"column":1}},"line":72},"6":{"name":"(anonymous_6)","decl":{"start":{"line":93,"column":21},"end":{"line":93,"column":22}},"loc":{"start":{"line":93,"column":32},"end":{"line":93,"column":48}},"line":93},"7":{"name":"addTask","decl":{"start":{"line":114,"column":9},"end":{"line":114,"column":16}},"loc":{"start":{"line":114,"column":18},"end":{"line":166,"column":1}},"line":114},"8":{"name":"(anonymous_8)","decl":{"start":{"line":127,"column":15},"end":{"line":127,"column":16}},"loc":{"start":{"line":127,"column":26},"end":{"line":127,"column":42}},"line":127},"9":{"name":"(anonymous_9)","decl":{"start":{"line":133,"column":16},"end":{"line":133,"column":17}},"loc":{"start":{"line":133,"column":27},"end":{"line":133,"column":43}},"line":133},"10":{"name":"editRow","decl":{"start":{"line":168,"column":9},"end":{"line":168,"column":16}},"loc":{"start":{"line":168,"column":23},"end":{"line":179,"column":1}},"line":168},"11":{"name":"rowDone","decl":{"start":{"line":181,"column":9},"end":{"line":181,"column":16}},"loc":{"start":{"line":181,"column":22},"end":{"line":184,"column":1}},"line":181},"12":{"name":"openForm","decl":{"start":{"line":187,"column":9},"end":{"line":187,"column":17}},"loc":{"start":{"line":187,"column":19},"end":{"line":191,"column":1}},"line":187},"13":{"name":"closeForm","decl":{"start":{"line":194,"column":9},"end":{"line":194,"column":18}},"loc":{"start":{"line":194,"column":20},"end":{"line":196,"column":1}},"line":194}},"branchMap":{"0":{"loc":{"start":{"line":17,"column":0},"end":{"line":19,"column":1}},"type":"if","locations":[{"start":{"line":17,"column":0},"end":{"line":19,"column":1}},{"start":{"line":17,"column":0},"end":{"line":19,"column":1}}],"line":17},"1":{"loc":{"start":{"line":21,"column":0},"end":{"line":27,"column":1}},"type":"if","locations":[{"start":{"line":21,"column":0},"end":{"line":27,"column":1}},{"start":{"line":21,"column":0},"end":{"line":27,"column":1}}],"line":21},"2":{"loc":{"start":{"line":23,"column":8},"end":{"line":25,"column":9}},"type":"if","locations":[{"start":{"line":23,"column":8},"end":{"line":25,"column":9}},{"start":{"line":23,"column":8},"end":{"line":25,"column":9}}],"line":23},"3":{"loc":{"start":{"line":23,"column":12},"end":{"line":23,"column":68}},"type":"binary-expr","locations":[{"start":{"line":23,"column":12},"end":{"line":23,"column":28}},{"start":{"line":23,"column":32},"end":{"line":23,"column":48}},{"start":{"line":23,"column":52},"end":{"line":23,"column":68}}],"line":23},"4":{"loc":{"start":{"line":29,"column":0},"end":{"line":39,"column":1}},"type":"if","locations":[{"start":{"line":29,"column":0},"end":{"line":39,"column":1}},{"start":{"line":29,"column":0},"end":{"line":39,"column":1}}],"line":29},"5":{"loc":{"start":{"line":31,"column":8},"end":{"line":36,"column":9}},"type":"if","locations":[{"start":{"line":31,"column":8},"end":{"line":36,"column":9}},{"start":{"line":31,"column":8},"end":{"line":36,"column":9}}],"line":31},"6":{"loc":{"start":{"line":34,"column":13},"end":{"line":36,"column":9}},"type":"if","locations":[{"start":{"line":34,"column":13},"end":{"line":36,"column":9}},{"start":{"line":34,"column":13},"end":{"line":36,"column":9}}],"line":34},"7":{"loc":{"start":{"line":41,"column":0},"end":{"line":51,"column":1}},"type":"if","locations":[{"start":{"line":41,"column":0},"end":{"line":51,"column":1}},{"start":{"line":41,"column":0},"end":{"line":51,"column":1}}],"line":41},"8":{"loc":{"start":{"line":43,"column":4},"end":{"line":48,"column":5}},"type":"if","locations":[{"start":{"line":43,"column":4},"end":{"line":48,"column":5}},{"start":{"line":43,"column":4},"end":{"line":48,"column":5}}],"line":43},"9":{"loc":{"start":{"line":46,"column":9},"end":{"line":48,"column":5}},"type":"if","locations":[{"start":{"line":46,"column":9},"end":{"line":48,"column":5}},{"start":{"line":46,"column":9},"end":{"line":48,"column":5}}],"line":46},"10":{"loc":{"start":{"line":56,"column":4},"end":{"line":59,"column":5}},"type":"if","locations":[{"start":{"line":56,"column":4},"end":{"line":59,"column":5}},{"start":{"line":56,"column":4},"end":{"line":59,"column":5}}],"line":56},"11":{"loc":{"start":{"line":65,"column":4},"end":{"line":69,"column":9}},"type":"if","locations":[{"start":{"line":65,"column":4},"end":{"line":69,"column":9}},{"start":{"line":65,"column":4},"end":{"line":69,"column":9}}],"line":65},"12":{"loc":{"start":{"line":65,"column":8},"end":{"line":67,"column":49}},"type":"binary-expr","locations":[{"start":{"line":65,"column":8},"end":{"line":65,"column":52}},{"start":{"line":66,"column":8},"end":{"line":66,"column":48}},{"start":{"line":67,"column":8},"end":{"line":67,"column":49}}],"line":65},"13":{"loc":{"start":{"line":173,"column":8},"end":{"line":175,"column":9}},"type":"if","locations":[{"start":{"line":173,"column":8},"end":{"line":175,"column":9}},{"start":{"line":173,"column":8},"end":{"line":175,"column":9}}],"line":173}},"s":{"0":23,"1":23,"2":23,"3":23,"4":23,"5":23,"6":23,"7":23,"8":23,"9":23,"10":8,"11":0,"12":23,"13":23,"14":40,"15":0,"16":40,"17":0,"18":40,"19":23,"20":23,"21":8,"22":0,"23":8,"24":0,"25":8,"26":23,"27":23,"28":23,"29":0,"30":0,"31":23,"32":4,"33":4,"34":0,"35":0,"36":0,"37":0,"38":0,"39":0,"40":0,"41":0,"42":0,"43":0,"44":0,"45":0,"46":0,"47":0,"48":0,"49":0,"50":0,"51":0,"52":0,"53":0,"54":0,"55":0,"56":0,"57":4,"58":4,"59":4,"60":4,"61":4,"62":4,"63":4,"64":4,"65":0,"66":4,"67":4,"68":4,"69":4,"70":0,"71":4,"72":4,"73":4,"74":4,"75":4,"76":4,"77":4,"78":4,"79":4,"80":4,"81":4,"82":4,"83":4,"84":4,"85":4,"86":4,"87":4,"88":0,"89":0,"90":0,"91":0,"92":0,"93":0,"94":0,"95":0,"96":0,"97":4,"98":4,"99":4,"100":0,"101":23},"f":{"0":8,"1":40,"2":8,"3":23,"4":4,"5":0,"6":0,"7":4,"8":0,"9":0,"10":0,"11":0,"12":4,"13":0},"b":{"0":[23,0],"1":[23,0],"2":[0,8],"3":[8,8,8],"4":[23,0],"5":[0,40],"6":[0,40],"7":[23,0],"8":[0,8],"9":[0,8],"10":[0,23],"11":[4,0],"12":[4,4,4],"13":[0,0]},"_coverageSchema":"1a1c01bbd47fc00a2c39e90264f33305004495a9","hash":"5daa0f102f6b0d09bdd4f4961916f5d366bf61db"}
}
