{"total": {"lines":{"total":114,"covered":25,"skipped":0,"pct":21.93},"statements":{"total":118,"covered":25,"skipped":0,"pct":21.19},"functions":{"total":18,"covered":1,"skipped":0,"pct":5.56},"branches":{"total":34,"covered":5,"skipped":0,"pct":14.71}}
,"C:\\Users\\boo13\\CSE110\\cse110-w21-group16\\source\\js\\popup.js": {"lines":{"total":25,"covered":6,"skipped":0,"pct":24},"functions":{"total":6,"covered":0,"skipped":0,"pct":0},"statements":{"total":25,"covered":6,"skipped":0,"pct":24},"branches":{"total":4,"covered":0,"skipped":0,"pct":0}}
,"C:\\Users\\boo13\\CSE110\\cse110-w21-group16\\source\\js\\todo.js": {"lines":{"total":89,"covered":19,"skipped":0,"pct":21.35},"functions":{"total":12,"covered":1,"skipped":0,"pct":8.33},"statements":{"total":93,"covered":19,"skipped":0,"pct":20.43},"branches":{"total":30,"covered":5,"skipped":0,"pct":16.67}}
}
