TN:
SF:source\js\popup.js
FN:7,(anonymous_0)
FN:14,(anonymous_1)
FN:22,(anonymous_2)
FN:34,(anonymous_3)
FN:42,(anonymous_4)
FN:53,(anonymous_5)
FN:63,(anonymous_6)
FN:71,(anonymous_7)
FNF:8
FNH:8
FNDA:8,(anonymous_0)
FNDA:4,(anonymous_1)
FNDA:62,(anonymous_2)
FNDA:10,(anonymous_3)
FNDA:46,(anonymous_4)
FNDA:200,(anonymous_5)
FNDA:27,(anonymous_6)
FNDA:8,(anonymous_7)
DA:7,170
DA:8,8
DA:14,170
DA:15,4
DA:22,170
DA:23,62
DA:24,62
DA:25,62
DA:26,62
DA:27,62
DA:28,62
DA:34,170
DA:35,10
DA:36,10
DA:42,170
DA:43,46
DA:44,46
DA:45,46
DA:46,46
DA:47,46
DA:53,170
DA:54,200
DA:55,4
DA:63,170
DA:64,27
DA:65,27
DA:71,170
DA:72,8
DA:73,8
LF:29
LH:29
BRDA:54,0,0,4
BRDA:54,0,1,196
BRF:2
BRH:2
end_of_record
TN:
SF:source\js\timer.js
FN:41,(anonymous_0)
FN:83,(anonymous_1)
FN:129,(anonymous_2)
FN:142,(anonymous_3)
FN:159,(anonymous_4)
FN:174,timer
FN:236,(anonymous_6)
FN:260,countdownDisplay
FN:283,updateHTML
FN:305,getRadioIndex
FN:323,getTaskId
FN:341,undoCheck
FNF:12
FNH:12
FNDA:105,(anonymous_0)
FNDA:15,(anonymous_1)
FNDA:24,(anonymous_2)
FNDA:12,(anonymous_3)
FNDA:6,(anonymous_4)
FNDA:202,timer
FNDA:46,(anonymous_6)
FNDA:967,countdownDisplay
FNDA:967,updateHTML
FNDA:105,getRadioIndex
FNDA:105,getTaskId
FNDA:65,undoCheck
DA:3,172
DA:4,172
DA:5,172
DA:6,172
DA:7,172
DA:8,172
DA:9,172
DA:10,172
DA:12,172
DA:13,172
DA:14,172
DA:15,172
DA:16,172
DA:18,172
DA:19,172
DA:20,172
DA:21,172
DA:22,172
DA:23,172
DA:24,172
DA:26,172
DA:30,172
DA:39,172
DA:41,170
DA:42,105
DA:44,105
DA:45,105
DA:47,105
DA:49,105
DA:50,105
DA:52,105
DA:54,105
DA:56,105
DA:58,105
DA:60,33
DA:62,33
DA:64,72
DA:67,105
DA:69,105
DA:70,33
DA:71,33
DA:72,33
DA:73,33
DA:82,172
DA:83,170
DA:84,15
DA:85,15
DA:86,15
DA:87,15
DA:89,15
DA:90,4
DA:91,4
DA:95,11
DA:97,15
DA:98,15
DA:99,15
DA:102,15
DA:103,15
DA:104,15
DA:106,15
DA:108,15
DA:110,15
DA:111,15
DA:112,15
DA:114,15
DA:115,15
DA:116,20
DA:117,15
DA:118,15
DA:119,15
DA:128,172
DA:129,170
DA:131,24
DA:132,18
DA:133,18
DA:141,172
DA:142,170
DA:144,12
DA:145,12
DA:146,12
DA:147,12
DA:148,12
DA:150,12
DA:152,12
DA:158,172
DA:159,170
DA:160,6
DA:162,6
DA:176,202
DA:178,202
DA:179,78
DA:180,78
DA:182,78
DA:184,78
DA:186,48
DA:187,4
DA:189,4
DA:193,44
DA:195,48
DA:196,48
DA:197,48
DA:200,48
DA:202,6
DA:203,6
DA:206,6
DA:207,6
DA:208,8
DA:209,6
DA:210,6
DA:215,48
DA:217,48
DA:219,48
DA:220,48
DA:221,48
DA:225,30
DA:226,30
DA:227,30
DA:235,172
DA:236,170
DA:237,46
DA:238,46
DA:239,46
DA:241,46
DA:242,46
DA:243,46
DA:245,46
DA:246,42
DA:247,42
DA:249,46
DA:250,28
DA:251,46
DA:252,24
DA:262,967
DA:264,967
DA:265,967
DA:266,967
DA:267,85
DA:268,47
DA:269,882
DA:270,125
DA:271,757
DA:272,8
DA:275,967
DA:277,967
DA:284,967
DA:287,967
DA:288,85
DA:290,85
DA:291,85
DA:293,85
DA:294,85
DA:296,85
DA:297,85
DA:307,105
DA:308,105
DA:310,105
DA:312,51
DA:314,33
DA:325,105
DA:326,105
DA:328,105
DA:329,51
DA:332,33
DA:343,65
DA:344,65
DA:346,48
DA:349,23
DA:354,172
DA:356,172
DA:357,172
LF:170
LH:170
BRDA:39,0,0,170
BRDA:39,0,1,2
BRDA:58,1,0,33
BRDA:58,1,1,72
BRDA:69,2,0,33
BRDA:69,2,1,72
BRDA:82,3,0,170
BRDA:82,3,1,2
BRDA:89,4,0,4
BRDA:89,4,1,11
BRDA:116,5,0,15
BRDA:116,5,1,5
BRDA:128,6,0,170
BRDA:128,6,1,2
BRDA:131,7,0,18
BRDA:131,7,1,6
BRDA:141,8,0,170
BRDA:141,8,1,2
BRDA:158,9,0,170
BRDA:158,9,1,2
BRDA:178,10,0,78
BRDA:178,10,1,124
BRDA:184,11,0,48
BRDA:184,11,1,30
BRDA:186,12,0,4
BRDA:186,12,1,44
BRDA:200,13,0,6
BRDA:200,13,1,42
BRDA:208,14,0,6
BRDA:208,14,1,2
BRDA:235,15,0,170
BRDA:235,15,1,2
BRDA:245,16,0,42
BRDA:245,16,1,4
BRDA:246,17,0,14
BRDA:246,17,1,28
BRDA:247,18,0,14
BRDA:247,18,1,28
BRDA:249,19,0,28
BRDA:249,19,1,18
BRDA:250,20,0,4
BRDA:250,20,1,24
BRDA:251,21,0,24
BRDA:251,21,1,22
BRDA:252,22,0,18
BRDA:252,22,1,6
BRDA:264,23,0,817
BRDA:264,23,1,150
BRDA:266,24,0,85
BRDA:266,24,1,882
BRDA:267,25,0,47
BRDA:267,25,1,38
BRDA:269,26,0,125
BRDA:269,26,1,757
BRDA:269,27,0,882
BRDA:269,27,1,345
BRDA:271,28,0,8
BRDA:271,28,1,749
BRDA:271,29,0,757
BRDA:271,29,1,537
BRDA:277,30,0,909
BRDA:277,30,1,58
BRDA:287,31,0,85
BRDA:287,31,1,882
BRDA:312,32,0,33
BRDA:312,32,1,18
BRDA:312,33,0,51
BRDA:312,33,1,33
BRDA:329,34,0,33
BRDA:329,34,1,18
BRDA:329,35,0,51
BRDA:329,35,1,33
BRDA:346,36,0,23
BRDA:346,36,1,25
BRF:74
BRH:74
end_of_record
TN:
SF:source\js\todo.js
FN:24,(anonymous_0)
FN:34,(anonymous_1)
FN:50,(anonymous_2)
FN:66,(anonymous_3)
FN:83,checkFields
FN:98,showTaskList
FN:112,(anonymous_6)
FN:118,(anonymous_7)
FN:152,addTask
FN:165,(anonymous_9)
FN:171,(anonymous_10)
FN:207,editRow
FN:226,rowDone
FN:245,openForm
FN:256,closeForm
FNF:15
FNH:15
FNDA:112,(anonymous_0)
FNDA:426,(anonymous_1)
FNDA:112,(anonymous_2)
FNDA:170,(anonymous_3)
FNDA:88,checkFields
FNDA:16,showTaskList
FNDA:6,(anonymous_6)
FNDA:6,(anonymous_7)
FNDA:82,addTask
FNDA:6,(anonymous_9)
FNDA:4,(anonymous_10)
FNDA:14,editRow
FNDA:12,rowDone
FNDA:94,openForm
FNDA:10,closeForm
DA:3,172
DA:4,172
DA:5,172
DA:11,172
DA:16,172
DA:17,170
DA:23,172
DA:24,170
DA:25,112
DA:26,4
DA:33,172
DA:34,170
DA:36,426
DA:37,4
DA:40,422
DA:41,4
DA:43,426
DA:49,172
DA:50,170
DA:52,112
DA:53,20
DA:56,92
DA:57,4
DA:59,112
DA:66,172
DA:68,170
DA:70,170
DA:71,12
DA:73,12
DA:76,170
DA:84,88
DA:88,76
DA:89,76
DA:91,12
DA:100,16
DA:102,42
DA:103,42
DA:104,42
DA:105,42
DA:109,42
DA:110,42
DA:111,42
DA:112,42
DA:115,42
DA:116,42
DA:117,42
DA:118,42
DA:122,42
DA:123,42
DA:124,42
DA:125,42
DA:126,42
DA:127,42
DA:128,42
DA:131,42
DA:132,42
DA:133,42
DA:134,42
DA:135,42
DA:138,42
DA:139,38
DA:143,4
DA:147,16
DA:155,82
DA:156,82
DA:157,82
DA:158,82
DA:162,82
DA:163,82
DA:164,82
DA:165,82
DA:168,82
DA:169,82
DA:170,82
DA:171,82
DA:174,82
DA:175,82
DA:176,82
DA:177,82
DA:178,82
DA:179,82
DA:180,82
DA:183,82
DA:184,82
DA:185,82
DA:186,82
DA:187,82
DA:188,82
DA:191,82
DA:199,82
DA:201,82
DA:209,14
DA:210,14
DA:212,14
DA:213,15
DA:214,12
DA:218,14
DA:228,12
DA:229,12
DA:232,12
DA:233,34
DA:234,10
DA:235,10
DA:239,12
DA:246,94
DA:247,94
DA:249,94
DA:250,94
DA:257,10
DA:259,172
LF:110
LH:110
BRDA:16,0,0,170
BRDA:16,0,1,2
BRDA:23,1,0,170
BRDA:23,1,1,2
BRDA:25,2,0,4
BRDA:25,2,1,108
BRDA:25,3,0,112
BRDA:25,3,1,108
BRDA:25,3,2,108
BRDA:33,4,0,170
BRDA:33,4,1,2
BRDA:36,5,0,4
BRDA:36,5,1,422
BRDA:40,6,0,4
BRDA:40,6,1,418
BRDA:49,7,0,170
BRDA:49,7,1,2
BRDA:52,8,0,20
BRDA:52,8,1,92
BRDA:56,9,0,4
BRDA:56,9,1,88
BRDA:70,10,0,12
BRDA:70,10,1,158
BRDA:84,11,0,76
BRDA:84,11,1,12
BRDA:84,12,0,88
BRDA:84,12,1,84
BRDA:84,12,2,76
BRDA:138,13,0,38
BRDA:138,13,1,4
BRDA:213,14,0,12
BRDA:213,14,1,3
BRDA:233,15,0,10
BRDA:233,15,1,24
BRF:34
BRH:34
end_of_record
