TN:
SF:source\js\popup.js
FN:4,(anonymous_0)
FN:8,(anonymous_1)
FN:13,(anonymous_2)
FN:22,(anonymous_3)
FN:27,(anonymous_4)
FN:37,(anonymous_5)
FN:44,(anonymous_6)
FN:49,(anonymous_7)
FNF:8
FNH:6
FNDA:0,(anonymous_0)
FNDA:0,(anonymous_1)
FNDA:11,(anonymous_2)
FNDA:1,(anonymous_3)
FNDA:10,(anonymous_4)
FNDA:40,(anonymous_5)
FNDA:4,(anonymous_6)
FNDA:2,(anonymous_7)
DA:4,23
DA:5,0
DA:8,23
DA:9,0
DA:13,23
DA:14,11
DA:15,11
DA:16,11
DA:17,11
DA:18,11
DA:19,11
DA:22,23
DA:23,1
DA:24,1
DA:27,23
DA:28,10
DA:29,10
DA:30,0
DA:31,10
DA:32,10
DA:33,10
DA:34,10
DA:37,23
DA:38,40
DA:39,0
DA:44,23
DA:45,4
DA:46,4
DA:49,23
DA:50,2
DA:51,2
LF:31
LH:27
BRDA:29,0,0,0
BRDA:29,0,1,10
BRDA:38,1,0,0
BRDA:38,1,1,40
BRF:4
BRH:2
end_of_record
TN:
SF:source\js\timer.js
FN:36,(anonymous_0)
FN:68,(anonymous_1)
FN:98,(anonymous_2)
FN:106,(anonymous_3)
FN:120,(anonymous_4)
FN:127,timer
FN:161,(anonymous_6)
FN:182,countdownDisplay
FN:188,updateHTML
FN:224,getRadioIndex
FN:236,undoCheck
FNF:11
FNH:11
FNDA:26,(anonymous_0)
FNDA:2,(anonymous_1)
FNDA:6,(anonymous_2)
FNDA:4,(anonymous_3)
FNDA:2,(anonymous_4)
FNDA:51,timer
FNDA:10,(anonymous_6)
FNDA:156,countdownDisplay
FNDA:156,updateHTML
FNDA:26,getRadioIndex
FNDA:15,undoCheck
DA:3,24
DA:4,24
DA:5,24
DA:6,24
DA:7,24
DA:8,24
DA:9,24
DA:10,24
DA:13,24
DA:14,24
DA:15,24
DA:16,24
DA:19,24
DA:20,24
DA:21,24
DA:22,24
DA:23,24
DA:24,24
DA:25,24
DA:27,24
DA:30,24
DA:31,24
DA:35,24
DA:36,23
DA:38,26
DA:39,26
DA:40,26
DA:42,26
DA:43,26
DA:44,26
DA:45,26
DA:46,26
DA:47,26
DA:48,4
DA:51,26
DA:58,4
DA:60,4
DA:61,4
DA:62,4
DA:63,4
DA:67,24
DA:68,23
DA:69,2
DA:70,2
DA:71,2
DA:74,2
DA:75,0
DA:76,0
DA:78,2
DA:80,2
DA:81,2
DA:82,2
DA:83,2
DA:84,2
DA:85,2
DA:87,2
DA:88,2
DA:90,2
DA:91,2
DA:92,2
DA:93,2
DA:97,24
DA:98,23
DA:99,6
DA:100,6
DA:101,6
DA:105,24
DA:106,23
DA:107,4
DA:108,4
DA:109,4
DA:110,4
DA:111,4
DA:112,4
DA:114,4
DA:116,4
DA:119,24
DA:120,23
DA:121,2
DA:122,2
DA:128,51
DA:129,51
DA:130,51
DA:131,20
DA:132,20
DA:133,20
DA:134,20
DA:135,12
DA:136,2
DA:137,2
DA:139,10
DA:141,12
DA:142,12
DA:143,12
DA:144,12
DA:145,12
DA:146,12
DA:148,12
DA:149,12
DA:150,12
DA:152,8
DA:153,8
DA:154,8
DA:160,24
DA:161,23
DA:162,10
DA:163,10
DA:164,10
DA:165,10
DA:166,10
DA:167,10
DA:169,10
DA:170,10
DA:171,10
DA:173,10
DA:174,6
DA:175,10
DA:176,4
DA:183,156
DA:184,156
DA:185,156
DA:189,156
DA:190,156
DA:191,0
DA:192,0
DA:200,156
DA:202,12
DA:203,12
DA:205,12
DA:206,12
DA:207,12
DA:208,12
DA:209,12
DA:210,144
DA:212,2
DA:213,2
DA:215,2
DA:216,2
DA:217,2
DA:218,2
DA:219,2
DA:226,26
DA:227,26
DA:229,4
DA:231,4
DA:238,15
DA:239,15
DA:241,3
DA:243,3
DA:248,24
DA:250,24
DA:251,24
LF:152
LH:148
BRDA:35,0,0,23
BRDA:35,0,1,1
BRDA:47,1,0,4
BRDA:47,1,1,22
BRDA:67,2,0,23
BRDA:67,2,1,1
BRDA:74,3,0,0
BRDA:74,3,1,2
BRDA:83,4,0,2
BRDA:83,4,1,0
BRDA:97,5,0,23
BRDA:97,5,1,1
BRDA:99,6,0,6
BRDA:99,6,1,0
BRDA:105,7,0,23
BRDA:105,7,1,1
BRDA:119,8,0,23
BRDA:119,8,1,1
BRDA:130,9,0,20
BRDA:130,9,1,31
BRDA:134,10,0,12
BRDA:134,10,1,8
BRDA:135,11,0,2
BRDA:135,11,1,10
BRDA:160,12,0,23
BRDA:160,12,1,1
BRDA:169,13,0,10
BRDA:169,13,1,0
BRDA:173,14,0,6
BRDA:173,14,1,4
BRDA:175,15,0,4
BRDA:175,15,1,6
BRDA:185,16,0,144
BRDA:185,16,1,12
BRDA:190,17,0,0
BRDA:190,17,1,156
BRDA:200,18,0,12
BRDA:200,18,1,144
BRDA:200,19,0,156
BRDA:200,19,1,14
BRDA:210,20,0,2
BRDA:210,20,1,142
BRDA:210,21,0,144
BRDA:210,21,1,2
BRDA:229,22,0,4
BRDA:229,22,1,0
BRDA:241,23,0,3
BRDA:241,23,1,0
BRF:48
BRH:41
end_of_record
TN:
SF:source\js\todo.js
FN:22,(anonymous_0)
FN:30,(anonymous_1)
FN:42,(anonymous_2)
FN:53,(anonymous_3)
FN:63,checkFields
FN:72,showTaskList
FN:93,(anonymous_6)
FN:114,addTask
FN:127,(anonymous_8)
FN:133,(anonymous_9)
FN:168,editRow
FN:181,rowDone
FN:187,openForm
FN:194,closeForm
FNF:14
FNH:9
FNDA:8,(anonymous_0)
FNDA:40,(anonymous_1)
FNDA:8,(anonymous_2)
FNDA:23,(anonymous_3)
FNDA:6,checkFields
FNDA:0,showTaskList
FNDA:0,(anonymous_6)
FNDA:4,addTask
FNDA:0,(anonymous_8)
FNDA:0,(anonymous_9)
FNDA:1,editRow
FNDA:0,rowDone
FNDA:6,openForm
FNDA:1,closeForm
DA:3,24
DA:5,24
DA:6,24
DA:7,24
DA:8,24
DA:14,24
DA:17,24
DA:18,23
DA:21,24
DA:22,23
DA:23,8
DA:24,0
DA:29,24
DA:30,23
DA:31,40
DA:32,0
DA:34,40
DA:35,0
DA:37,40
DA:41,24
DA:42,23
DA:43,8
DA:44,0
DA:46,8
DA:47,0
DA:49,8
DA:53,24
DA:55,23
DA:56,23
DA:57,0
DA:58,0
DA:60,23
DA:65,6
DA:68,4
DA:74,0
DA:76,0
DA:77,0
DA:78,0
DA:79,0
DA:90,0
DA:91,0
DA:92,0
DA:93,0
DA:96,0
DA:97,0
DA:98,0
DA:99,0
DA:100,0
DA:101,0
DA:104,0
DA:105,0
DA:106,0
DA:107,0
DA:108,0
DA:111,0
DA:117,4
DA:118,4
DA:119,4
DA:120,4
DA:124,4
DA:125,4
DA:126,4
DA:127,4
DA:130,4
DA:131,4
DA:132,4
DA:133,4
DA:138,4
DA:139,4
DA:140,4
DA:141,4
DA:142,4
DA:143,4
DA:144,4
DA:147,4
DA:148,4
DA:149,4
DA:150,4
DA:151,4
DA:152,4
DA:154,4
DA:161,4
DA:163,4
DA:165,4
DA:169,1
DA:170,1
DA:172,1
DA:173,0
DA:174,0
DA:177,1
DA:182,0
DA:183,0
DA:188,6
DA:189,6
DA:190,5
DA:195,1
DA:197,24
LF:97
LH:65
BRDA:17,0,0,23
BRDA:17,0,1,1
BRDA:21,1,0,23
BRDA:21,1,1,1
BRDA:23,2,0,0
BRDA:23,2,1,8
BRDA:23,3,0,8
BRDA:23,3,1,8
BRDA:23,3,2,8
BRDA:29,4,0,23
BRDA:29,4,1,1
BRDA:31,5,0,0
BRDA:31,5,1,40
BRDA:34,6,0,0
BRDA:34,6,1,40
BRDA:41,7,0,23
BRDA:41,7,1,1
BRDA:43,8,0,0
BRDA:43,8,1,8
BRDA:46,9,0,0
BRDA:46,9,1,8
BRDA:56,10,0,0
BRDA:56,10,1,23
BRDA:65,11,0,4
BRDA:65,11,1,2
BRDA:65,12,0,6
BRDA:65,12,1,4
BRDA:65,12,2,4
BRDA:173,13,0,0
BRDA:173,13,1,0
BRF:30
BRH:22
end_of_record
